[INFO ] 22-02-2023 08:32:51.065 AM [main]  o.s.b.t.context.SpringBootTestContextBootstrapper - Neither @ContextConfiguration nor @ContextHierarchy found for test class [com.example.demo.service.EmployeeFilterTest], using SpringBootContextLoader
[INFO ] 22-02-2023 08:32:51.072 AM [main]  o.s.test.context.support.AbstractContextLoader - Could not detect default resource locations for test class [com.example.demo.service.EmployeeFilterTest]: no resource found for suffixes {-context.xml, Context.groovy}.
[INFO ] 22-02-2023 08:32:51.073 AM [main]  o.s.t.c.support.AnnotationConfigContextLoaderUtils - Could not detect default configuration classes for test class [com.example.demo.service.EmployeeFilterTest]: EmployeeFilterTest does not declare any static, non-private, non-final, nested classes annotated with @Configuration.
[INFO ] 22-02-2023 08:32:51.226 AM [main]  o.s.b.t.context.SpringBootTestContextBootstrapper - Found @SpringBootConfiguration com.example.demo.DemoApplication for test class com.example.demo.service.EmployeeFilterTest
[INFO ] 22-02-2023 08:32:51.323 AM [main]  o.s.b.t.context.SpringBootTestContextBootstrapper - Loaded default TestExecutionListener class names from location [META-INF/spring.factories]: [org.springframework.boot.test.mock.mockito.MockitoTestExecutionListener, org.springframework.boot.test.mock.mockito.ResetMocksTestExecutionListener, org.springframework.boot.test.autoconfigure.restdocs.RestDocsTestExecutionListener, org.springframework.boot.test.autoconfigure.web.client.MockRestServiceServerResetTestExecutionListener, org.springframework.boot.test.autoconfigure.web.servlet.MockMvcPrintOnlyOnFailureTestExecutionListener, org.springframework.boot.test.autoconfigure.web.servlet.WebDriverTestExecutionListener, org.springframework.boot.test.autoconfigure.webservices.client.MockWebServiceServerTestExecutionListener, org.springframework.test.context.web.ServletTestExecutionListener, org.springframework.test.context.support.DirtiesContextBeforeModesTestExecutionListener, org.springframework.test.context.event.ApplicationEventsTestExecutionListener, org.springframework.test.context.support.DependencyInjectionTestExecutionListener, org.springframework.test.context.support.DirtiesContextTestExecutionListener, org.springframework.test.context.transaction.TransactionalTestExecutionListener, org.springframework.test.context.jdbc.SqlScriptsTestExecutionListener, org.springframework.test.context.event.EventPublishingTestExecutionListener]
[INFO ] 22-02-2023 08:32:51.339 AM [main]  o.s.b.t.context.SpringBootTestContextBootstrapper - Using TestExecutionListeners: [org.springframework.test.context.web.ServletTestExecutionListener@c2db68f, org.springframework.test.context.support.DirtiesContextBeforeModesTestExecutionListener@3cc41abc, org.springframework.test.context.event.ApplicationEventsTestExecutionListener@4566d049, org.springframework.boot.test.mock.mockito.MockitoTestExecutionListener@61ce23ac, org.springframework.boot.test.autoconfigure.SpringBootDependencyInjectionTestExecutionListener@3668d4, org.springframework.test.context.support.DirtiesContextTestExecutionListener@1c3b9394, org.springframework.test.context.transaction.TransactionalTestExecutionListener@6f2cfcc2, org.springframework.test.context.jdbc.SqlScriptsTestExecutionListener@7f6f61c8, org.springframework.test.context.event.EventPublishingTestExecutionListener@4c2cc639, org.springframework.boot.test.mock.mockito.ResetMocksTestExecutionListener@ccb4b1b, org.springframework.boot.test.autoconfigure.restdocs.RestDocsTestExecutionListener@4097cac, org.springframework.boot.test.autoconfigure.web.client.MockRestServiceServerResetTestExecutionListener@ec2cc4, org.springframework.boot.test.autoconfigure.web.servlet.MockMvcPrintOnlyOnFailureTestExecutionListener@2a5b3fee, org.springframework.boot.test.autoconfigure.web.servlet.WebDriverTestExecutionListener@7c1e2a2d, org.springframework.boot.test.autoconfigure.webservices.client.MockWebServiceServerTestExecutionListener@333dd51e, com.github.database.rider.spring.DBRiderTestExecutionListener@52d645b1]
[INFO ] 22-02-2023 08:32:51.998 AM [main]  com.example.demo.service.EmployeeFilterTest - Starting EmployeeFilterTest using Java 17.0.2 on MacBook-Air-Evgenij.local with PID 51834 (started by johnskyi in /Users/johnskyi/IdeaProjects/demo)
[INFO ] 22-02-2023 08:32:52.001 AM [main]  com.example.demo.service.EmployeeFilterTest - No active profile set, falling back to 1 default profile: "default"
[INFO ] 22-02-2023 08:32:52.009 AM [background-preinit]  org.hibernate.validator.internal.util.Version - HV000001: Hibernate Validator 6.2.5.Final
[INFO ] 22-02-2023 08:32:53.068 AM [main]  o.s.d.r.config.RepositoryConfigurationDelegate - Bootstrapping Spring Data JPA repositories in DEFAULT mode.
[INFO ] 22-02-2023 08:32:53.150 AM [main]  o.s.d.r.config.RepositoryConfigurationDelegate - Finished Spring Data repository scanning in 73 ms. Found 2 JPA repository interfaces.
[INFO ] 22-02-2023 08:32:54.368 AM [main]  com.zaxxer.hikari.HikariDataSource - HikariPool-1 - Starting...
[INFO ] 22-02-2023 08:32:54.812 AM [main]  com.zaxxer.hikari.HikariDataSource - HikariPool-1 - Start completed.
[INFO ] 22-02-2023 08:32:55.216 AM [main]  liquibase.lockservice - Successfully acquired change log lock
[INFO ] 22-02-2023 08:32:55.771 AM [main]  liquibase.changelog - Reading from test.DATABASECHANGELOG
[INFO ] 22-02-2023 08:32:55.865 AM [main]  liquibase.lockservice - Successfully released change log lock
[INFO ] 22-02-2023 08:32:56.316 AM [main]  org.hibernate.Version - HHH000412: Hibernate ORM core version 5.6.14.Final
[INFO ] 22-02-2023 08:32:56.471 AM [main]  org.hibernate.annotations.common.Version - HCANN000001: Hibernate Commons Annotations {5.1.2.Final}
[INFO ] 22-02-2023 08:32:56.572 AM [main]  org.hibernate.dialect.Dialect - HHH000400: Using dialect: org.hibernate.dialect.MariaDB106Dialect
[INFO ] 22-02-2023 08:32:57.172 AM [main]  o.h.e.t.jta.platform.internal.JtaPlatformInitiator - HHH000490: Using JtaPlatform implementation: [org.hibernate.engine.transaction.jta.platform.internal.NoJtaPlatform]
[INFO ] 22-02-2023 08:32:57.179 AM [main]  o.s.orm.jpa.LocalContainerEntityManagerFactoryBean - Initialized JPA EntityManagerFactory for persistence unit 'default'
[WARN ] 22-02-2023 08:32:58.245 AM [main]  o.s.b.a.o.j.JpaBaseConfiguration$JpaWebConfiguration - spring.jpa.open-in-view is enabled by default. Therefore, database queries may be performed during view rendering. Explicitly configure spring.jpa.open-in-view to disable this warning
[INFO ] 22-02-2023 08:32:58.955 AM [main]  com.example.demo.service.EmployeeFilterTest - Started EmployeeFilterTest in 7.568 seconds (JVM running for 9.115)
[INFO ] 22-02-2023 08:32:59.170 AM [main]  org.dbunit.database.DatabaseConfig - The property ending with 'schema' was not found. Please notify a dbunit developer to add the property to the class org.dbunit.database.DatabaseConfig
[INFO ] 22-02-2023 08:32:59.171 AM [main]  org.dbunit.database.DatabaseConfig - The property ending with 'replacers' was not found. Please notify a dbunit developer to add the property to the class org.dbunit.database.DatabaseConfig
[INFO ] 22-02-2023 08:32:59.172 AM [main]  c.g.d.rider.core.dataset.DataSetExecutorImpl - DBUnit configuration for dataset executor 'default':cacheConnection: true
cacheTableNames: true
caseInsensitiveStrategy: UPPERCASE
columnSensing: false
leakHunter: false
mergeDataSets: false
mergingStrategy: METHOD
disableSequenceFiltering: false
alwaysCleanBefore: false
alwaysCleanAfter: false
raiseExceptionOnCleanUp: false
disablePKCheckFor: com.github.database.rider.core.configuration.DBUnitConfig@45c4ffef
schema: 
tableType: [TABLE]
allowEmptyFields: false
fetchSize: 100
qualifiedTableNames: false
batchSize: 100
batchedStatements: false
caseSensitiveTableNames: false
replacers: [com.github.database.rider.core.replacers.DateTimeReplacer@d4f2f3d, com.github.database.rider.core.replacers.UnixTimestampReplacer@e5bce8e, com.github.database.rider.core.replacers.NullReplacer@66ca8882]

[INFO ] 22-02-2023 08:32:59.224 AM [main]  c.g.d.rider.core.dataset.DataSetExecutorImpl - Saving current dataset to /var/folders/vm/tlzdhy0572g5v5kfjd7b25w40000gn/T/dataset-log14040679553540559678.xml
[WARN ] 22-02-2023 08:32:59.231 AM [main]  o.springframework.test.context.TestContextManager - Caught exception while invoking 'beforeTestMethod' callback on TestExecutionListener [com.github.database.rider.spring.DBRiderTestExecutionListener@52d645b1] for test method [void com.example.demo.service.EmployeeFilterTest.filterEmployee()] and test instance [com.example.demo.service.EmployeeFilterTest@3a1dd365]
java.lang.RuntimeException: Could not create dataset for test 'filterEmployee'.
	at com.github.database.rider.core.RiderRunner.runBeforeTest(RiderRunner.java:46)
	at com.github.database.rider.spring.DBRiderTestExecutionListener.beforeTestMethod(DBRiderTestExecutionListener.java:24)
	at org.springframework.test.context.TestContextManager.beforeTestMethod(TestContextManager.java:293)
	at org.springframework.test.context.junit.jupiter.SpringExtension.beforeEach(SpringExtension.java:174)
	at org.junit.jupiter.engine.descriptor.TestMethodTestDescriptor.lambda$invokeBeforeEachCallbacks$2(TestMethodTestDescriptor.java:163)
	at org.junit.jupiter.engine.descriptor.TestMethodTestDescriptor.lambda$invokeBeforeMethodsOrCallbacksUntilExceptionOccurs$6(TestMethodTestDescriptor.java:199)
	at org.junit.platform.engine.support.hierarchical.ThrowableCollector.execute(ThrowableCollector.java:73)
	at org.junit.jupiter.engine.descriptor.TestMethodTestDescriptor.invokeBeforeMethodsOrCallbacksUntilExceptionOccurs(TestMethodTestDescriptor.java:199)
	at org.junit.jupiter.engine.descriptor.TestMethodTestDescriptor.invokeBeforeEachCallbacks(TestMethodTestDescriptor.java:162)
	at org.junit.jupiter.engine.descriptor.TestMethodTestDescriptor.execute(TestMethodTestDescriptor.java:129)
	at org.junit.jupiter.engine.descriptor.TestMethodTestDescriptor.execute(TestMethodTestDescriptor.java:66)
	at org.junit.platform.engine.support.hierarchical.NodeTestTask.lambda$executeRecursively$6(NodeTestTask.java:151)
	at org.junit.platform.engine.support.hierarchical.ThrowableCollector.execute(ThrowableCollector.java:73)
	at org.junit.platform.engine.support.hierarchical.NodeTestTask.lambda$executeRecursively$8(NodeTestTask.java:141)
	at org.junit.platform.engine.support.hierarchical.Node.around(Node.java:137)
	at org.junit.platform.engine.support.hierarchical.NodeTestTask.lambda$executeRecursively$9(NodeTestTask.java:139)
	at org.junit.platform.engine.support.hierarchical.ThrowableCollector.execute(ThrowableCollector.java:73)
	at org.junit.platform.engine.support.hierarchical.NodeTestTask.executeRecursively(NodeTestTask.java:138)
	at org.junit.platform.engine.support.hierarchical.NodeTestTask.execute(NodeTestTask.java:95)
	at java.base/java.util.ArrayList.forEach(ArrayList.java:1511)
	at org.junit.platform.engine.support.hierarchical.SameThreadHierarchicalTestExecutorService.invokeAll(SameThreadHierarchicalTestExecutorService.java:41)
	at org.junit.platform.engine.support.hierarchical.NodeTestTask.lambda$executeRecursively$6(NodeTestTask.java:155)
	at org.junit.platform.engine.support.hierarchical.ThrowableCollector.execute(ThrowableCollector.java:73)
	at org.junit.platform.engine.support.hierarchical.NodeTestTask.lambda$executeRecursively$8(NodeTestTask.java:141)
	at org.junit.platform.engine.support.hierarchical.Node.around(Node.java:137)
	at org.junit.platform.engine.support.hierarchical.NodeTestTask.lambda$executeRecursively$9(NodeTestTask.java:139)
	at org.junit.platform.engine.support.hierarchical.ThrowableCollector.execute(ThrowableCollector.java:73)
	at org.junit.platform.engine.support.hierarchical.NodeTestTask.executeRecursively(NodeTestTask.java:138)
	at org.junit.platform.engine.support.hierarchical.NodeTestTask.execute(NodeTestTask.java:95)
	at java.base/java.util.ArrayList.forEach(ArrayList.java:1511)
	at org.junit.platform.engine.support.hierarchical.SameThreadHierarchicalTestExecutorService.invokeAll(SameThreadHierarchicalTestExecutorService.java:41)
	at org.junit.platform.engine.support.hierarchical.NodeTestTask.lambda$executeRecursively$6(NodeTestTask.java:155)
	at org.junit.platform.engine.support.hierarchical.ThrowableCollector.execute(ThrowableCollector.java:73)
	at org.junit.platform.engine.support.hierarchical.NodeTestTask.lambda$executeRecursively$8(NodeTestTask.java:141)
	at org.junit.platform.engine.support.hierarchical.Node.around(Node.java:137)
	at org.junit.platform.engine.support.hierarchical.NodeTestTask.lambda$executeRecursively$9(NodeTestTask.java:139)
	at org.junit.platform.engine.support.hierarchical.ThrowableCollector.execute(ThrowableCollector.java:73)
	at org.junit.platform.engine.support.hierarchical.NodeTestTask.executeRecursively(NodeTestTask.java:138)
	at org.junit.platform.engine.support.hierarchical.NodeTestTask.execute(NodeTestTask.java:95)
	at org.junit.platform.engine.support.hierarchical.SameThreadHierarchicalTestExecutorService.submit(SameThreadHierarchicalTestExecutorService.java:35)
	at org.junit.platform.engine.support.hierarchical.HierarchicalTestExecutor.execute(HierarchicalTestExecutor.java:57)
	at org.junit.platform.engine.support.hierarchical.HierarchicalTestEngine.execute(HierarchicalTestEngine.java:54)
	at org.junit.platform.launcher.core.DefaultLauncher.execute(DefaultLauncher.java:220)
	at org.junit.platform.launcher.core.DefaultLauncher.lambda$execute$6(DefaultLauncher.java:188)
	at org.junit.platform.launcher.core.DefaultLauncher.withInterceptedStreams(DefaultLauncher.java:202)
	at org.junit.platform.launcher.core.DefaultLauncher.execute(DefaultLauncher.java:181)
	at org.junit.platform.launcher.core.DefaultLauncher.execute(DefaultLauncher.java:128)
	at org.apache.maven.surefire.junitplatform.JUnitPlatformProvider.invokeAllTests(JUnitPlatformProvider.java:150)
	at org.apache.maven.surefire.junitplatform.JUnitPlatformProvider.invoke(JUnitPlatformProvider.java:124)
	at org.apache.maven.surefire.booter.ForkedBooter.invokeProviderInSameClassLoader(ForkedBooter.java:384)
	at org.apache.maven.surefire.booter.ForkedBooter.runSuitesInProcess(ForkedBooter.java:345)
	at org.apache.maven.surefire.booter.ForkedBooter.execute(ForkedBooter.java:126)
	at org.apache.maven.surefire.booter.ForkedBooter.main(ForkedBooter.java:418)
Caused by: com.github.database.rider.core.exception.DataBaseSeedingException: Could not initialize dataset: datasets/employee.xml
	at com.github.database.rider.core.dataset.DataSetExecutorImpl.createDataSet(DataSetExecutorImpl.java:140)
	at com.github.database.rider.core.RiderRunner.runBeforeTest(RiderRunner.java:44)
	... 52 common frames omitted
Caused by: org.dbunit.dataset.DataSetException: Exception while searching the dependent tables.
	at com.github.database.rider.core.api.dataset.RiderSequenceFilter.sortTableNames(RiderSequenceFilter.java:72)
	at com.github.database.rider.core.api.dataset.RiderSequenceFilter.<init>(RiderSequenceFilter.java:34)
	at com.github.database.rider.core.dataset.DataSetExecutorImpl.performSequenceFiltering(DataSetExecutorImpl.java:321)
	at com.github.database.rider.core.dataset.DataSetExecutorImpl.createDataSet(DataSetExecutorImpl.java:127)
	... 53 common frames omitted
Caused by: org.dbunit.util.search.SearchException: org.dbunit.dataset.NoSuchTableException: The table 'EMPLOYEES' does not exist in schema 'null'
	at org.dbunit.database.search.AbstractMetaDataBasedSearchCallback.getNodes(AbstractMetaDataBasedSearchCallback.java:154)
	at org.dbunit.database.search.AbstractMetaDataBasedSearchCallback.getNodesFromImportedKeys(AbstractMetaDataBasedSearchCallback.java:99)
	at org.dbunit.database.search.ImportedKeysSearchCallback.getEdges(ImportedKeysSearchCallback.java:53)
	at org.dbunit.util.search.DepthFirstSearch.reverseSearch(DepthFirstSearch.java:264)
	at org.dbunit.util.search.DepthFirstSearch.search(DepthFirstSearch.java:148)
	at org.dbunit.util.search.DepthFirstSearch.search(DepthFirstSearch.java:104)
	at org.dbunit.database.search.TablesDependencyHelper.getDependentTables(TablesDependencyHelper.java:91)
	at org.dbunit.database.search.TablesDependencyHelper.getDependentTables(TablesDependencyHelper.java:72)
	at com.github.database.rider.core.api.dataset.RiderSequenceFilter.getDependencyInfo(RiderSequenceFilter.java:175)
	at com.github.database.rider.core.api.dataset.RiderSequenceFilter.sortTableNames(RiderSequenceFilter.java:68)
	... 56 common frames omitted
Caused by: org.dbunit.dataset.NoSuchTableException: The table 'EMPLOYEES' does not exist in schema 'null'
	at org.dbunit.database.search.AbstractMetaDataBasedSearchCallback.getNodes(AbstractMetaDataBasedSearchCallback.java:186)
	at org.dbunit.database.search.AbstractMetaDataBasedSearchCallback.getNodes(AbstractMetaDataBasedSearchCallback.java:149)
	... 65 common frames omitted
[INFO ] 22-02-2023 08:32:59.277 AM [main]  o.s.b.t.context.SpringBootTestContextBootstrapper - Neither @ContextConfiguration nor @ContextHierarchy found for test class [com.example.demo.service.EmployeeServiceTest], using SpringBootContextLoader
[INFO ] 22-02-2023 08:32:59.281 AM [main]  o.s.test.context.support.AbstractContextLoader - Could not detect default resource locations for test class [com.example.demo.service.EmployeeServiceTest]: no resource found for suffixes {-context.xml, Context.groovy}.
[INFO ] 22-02-2023 08:32:59.281 AM [main]  o.s.t.c.support.AnnotationConfigContextLoaderUtils - Could not detect default configuration classes for test class [com.example.demo.service.EmployeeServiceTest]: EmployeeServiceTest does not declare any static, non-private, non-final, nested classes annotated with @Configuration.
[INFO ] 22-02-2023 08:32:59.286 AM [main]  o.s.b.t.context.SpringBootTestContextBootstrapper - Found @SpringBootConfiguration com.example.demo.DemoApplication for test class com.example.demo.service.EmployeeServiceTest
[INFO ] 22-02-2023 08:32:59.290 AM [main]  o.s.b.t.context.SpringBootTestContextBootstrapper - Loaded default TestExecutionListener class names from location [META-INF/spring.factories]: [org.springframework.boot.test.mock.mockito.MockitoTestExecutionListener, org.springframework.boot.test.mock.mockito.ResetMocksTestExecutionListener, org.springframework.boot.test.autoconfigure.restdocs.RestDocsTestExecutionListener, org.springframework.boot.test.autoconfigure.web.client.MockRestServiceServerResetTestExecutionListener, org.springframework.boot.test.autoconfigure.web.servlet.MockMvcPrintOnlyOnFailureTestExecutionListener, org.springframework.boot.test.autoconfigure.web.servlet.WebDriverTestExecutionListener, org.springframework.boot.test.autoconfigure.webservices.client.MockWebServiceServerTestExecutionListener, org.springframework.test.context.web.ServletTestExecutionListener, org.springframework.test.context.support.DirtiesContextBeforeModesTestExecutionListener, org.springframework.test.context.event.ApplicationEventsTestExecutionListener, org.springframework.test.context.support.DependencyInjectionTestExecutionListener, org.springframework.test.context.support.DirtiesContextTestExecutionListener, org.springframework.test.context.transaction.TransactionalTestExecutionListener, org.springframework.test.context.jdbc.SqlScriptsTestExecutionListener, org.springframework.test.context.event.EventPublishingTestExecutionListener]
[INFO ] 22-02-2023 08:32:59.290 AM [main]  o.s.b.t.context.SpringBootTestContextBootstrapper - Using TestExecutionListeners: [org.springframework.test.context.web.ServletTestExecutionListener@760b9444, org.springframework.test.context.support.DirtiesContextBeforeModesTestExecutionListener@5397d41e, org.springframework.test.context.event.ApplicationEventsTestExecutionListener@f6b128b, org.springframework.boot.test.mock.mockito.MockitoTestExecutionListener@470fc16c, org.springframework.boot.test.autoconfigure.SpringBootDependencyInjectionTestExecutionListener@6d0cc47d, org.springframework.test.context.support.DirtiesContextTestExecutionListener@56dae6, org.springframework.test.context.transaction.TransactionalTestExecutionListener@57fe6f2d, org.springframework.test.context.jdbc.SqlScriptsTestExecutionListener@6e43c01f, org.springframework.test.context.event.EventPublishingTestExecutionListener@6567de86, org.springframework.boot.test.mock.mockito.ResetMocksTestExecutionListener@5350a926, org.springframework.boot.test.autoconfigure.restdocs.RestDocsTestExecutionListener@77732366, org.springframework.boot.test.autoconfigure.web.client.MockRestServiceServerResetTestExecutionListener@7c046af, org.springframework.boot.test.autoconfigure.web.servlet.MockMvcPrintOnlyOnFailureTestExecutionListener@5c883b3f, org.springframework.boot.test.autoconfigure.web.servlet.WebDriverTestExecutionListener@a47a011, org.springframework.boot.test.autoconfigure.webservices.client.MockWebServiceServerTestExecutionListener@6441da2c]
[INFO ] 22-02-2023 08:32:59.509 AM [main]  com.example.demo.service.EmployeeService - Employee SecondName was created
[INFO ] 22-02-2023 08:32:59.572 AM [main]  com.example.demo.service.EmployeeService - Employee with id 63 was deleted
[INFO ] 22-02-2023 08:32:59.668 AM [main]  com.example.demo.service.EmployeeService - Employee SecondName was created
[INFO ] 22-02-2023 08:32:59.809 AM [main]  com.example.demo.service.EmployeeService - Employee SecondName was created
[INFO ] 22-02-2023 08:32:59.862 AM [main]  com.example.demo.service.EmployeeService - Employee SecondName was created
[INFO ] 22-02-2023 08:32:59.905 AM [main]  com.example.demo.service.EmployeeService - Employee SecondName was updated
[INFO ] 22-02-2023 08:32:59.931 AM [main]  o.s.b.t.context.SpringBootTestContextBootstrapper - Neither @ContextConfiguration nor @ContextHierarchy found for test class [com.example.demo.validation.ValidationTest], using SpringBootContextLoader
[INFO ] 22-02-2023 08:32:59.934 AM [main]  o.s.test.context.support.AbstractContextLoader - Could not detect default resource locations for test class [com.example.demo.validation.ValidationTest]: no resource found for suffixes {-context.xml, Context.groovy}.
[INFO ] 22-02-2023 08:32:59.934 AM [main]  o.s.t.c.support.AnnotationConfigContextLoaderUtils - Could not detect default configuration classes for test class [com.example.demo.validation.ValidationTest]: ValidationTest does not declare any static, non-private, non-final, nested classes annotated with @Configuration.
[INFO ] 22-02-2023 08:32:59.950 AM [main]  o.s.b.t.context.SpringBootTestContextBootstrapper - Found @SpringBootConfiguration com.example.demo.DemoApplication for test class com.example.demo.validation.ValidationTest
[INFO ] 22-02-2023 08:32:59.955 AM [main]  o.s.b.t.context.SpringBootTestContextBootstrapper - Loaded default TestExecutionListener class names from location [META-INF/spring.factories]: [org.springframework.boot.test.mock.mockito.MockitoTestExecutionListener, org.springframework.boot.test.mock.mockito.ResetMocksTestExecutionListener, org.springframework.boot.test.autoconfigure.restdocs.RestDocsTestExecutionListener, org.springframework.boot.test.autoconfigure.web.client.MockRestServiceServerResetTestExecutionListener, org.springframework.boot.test.autoconfigure.web.servlet.MockMvcPrintOnlyOnFailureTestExecutionListener, org.springframework.boot.test.autoconfigure.web.servlet.WebDriverTestExecutionListener, org.springframework.boot.test.autoconfigure.webservices.client.MockWebServiceServerTestExecutionListener, org.springframework.test.context.web.ServletTestExecutionListener, org.springframework.test.context.support.DirtiesContextBeforeModesTestExecutionListener, org.springframework.test.context.event.ApplicationEventsTestExecutionListener, org.springframework.test.context.support.DependencyInjectionTestExecutionListener, org.springframework.test.context.support.DirtiesContextTestExecutionListener, org.springframework.test.context.transaction.TransactionalTestExecutionListener, org.springframework.test.context.jdbc.SqlScriptsTestExecutionListener, org.springframework.test.context.event.EventPublishingTestExecutionListener]
[INFO ] 22-02-2023 08:32:59.955 AM [main]  o.s.b.t.context.SpringBootTestContextBootstrapper - Using TestExecutionListeners: [org.springframework.test.context.web.ServletTestExecutionListener@21f9764, org.springframework.test.context.support.DirtiesContextBeforeModesTestExecutionListener@378456cb, org.springframework.test.context.event.ApplicationEventsTestExecutionListener@5295779, org.springframework.boot.test.mock.mockito.MockitoTestExecutionListener@5ed6a36a, org.springframework.boot.test.autoconfigure.SpringBootDependencyInjectionTestExecutionListener@200cbb63, org.springframework.test.context.support.DirtiesContextTestExecutionListener@35ab83a7, org.springframework.test.context.transaction.TransactionalTestExecutionListener@7a7698f4, org.springframework.test.context.jdbc.SqlScriptsTestExecutionListener@1150b923, org.springframework.test.context.event.EventPublishingTestExecutionListener@54c2cfc9, org.springframework.boot.test.mock.mockito.ResetMocksTestExecutionListener@3d9dc84d, org.springframework.boot.test.autoconfigure.restdocs.RestDocsTestExecutionListener@73625632, org.springframework.boot.test.autoconfigure.web.client.MockRestServiceServerResetTestExecutionListener@676f70dc, org.springframework.boot.test.autoconfigure.web.servlet.MockMvcPrintOnlyOnFailureTestExecutionListener@2591477f, org.springframework.boot.test.autoconfigure.web.servlet.WebDriverTestExecutionListener@761d3c20, org.springframework.boot.test.autoconfigure.webservices.client.MockWebServiceServerTestExecutionListener@172f2717]
[INFO ] 22-02-2023 08:33:00.358 AM [main]  o.s.b.t.context.SpringBootTestContextBootstrapper - Neither @ContextConfiguration nor @ContextHierarchy found for test class [com.example.demo.DemoApplicationTests], using SpringBootContextLoader
[INFO ] 22-02-2023 08:33:00.362 AM [main]  o.s.test.context.support.AbstractContextLoader - Could not detect default resource locations for test class [com.example.demo.DemoApplicationTests]: no resource found for suffixes {-context.xml, Context.groovy}.
[INFO ] 22-02-2023 08:33:00.362 AM [main]  o.s.t.c.support.AnnotationConfigContextLoaderUtils - Could not detect default configuration classes for test class [com.example.demo.DemoApplicationTests]: DemoApplicationTests does not declare any static, non-private, non-final, nested classes annotated with @Configuration.
[INFO ] 22-02-2023 08:33:00.378 AM [main]  o.s.b.t.context.SpringBootTestContextBootstrapper - Found @SpringBootConfiguration com.example.demo.DemoApplication for test class com.example.demo.DemoApplicationTests
[INFO ] 22-02-2023 08:33:00.384 AM [main]  o.s.b.t.context.SpringBootTestContextBootstrapper - Loaded default TestExecutionListener class names from location [META-INF/spring.factories]: [org.springframework.boot.test.mock.mockito.MockitoTestExecutionListener, org.springframework.boot.test.mock.mockito.ResetMocksTestExecutionListener, org.springframework.boot.test.autoconfigure.restdocs.RestDocsTestExecutionListener, org.springframework.boot.test.autoconfigure.web.client.MockRestServiceServerResetTestExecutionListener, org.springframework.boot.test.autoconfigure.web.servlet.MockMvcPrintOnlyOnFailureTestExecutionListener, org.springframework.boot.test.autoconfigure.web.servlet.WebDriverTestExecutionListener, org.springframework.boot.test.autoconfigure.webservices.client.MockWebServiceServerTestExecutionListener, org.springframework.test.context.web.ServletTestExecutionListener, org.springframework.test.context.support.DirtiesContextBeforeModesTestExecutionListener, org.springframework.test.context.event.ApplicationEventsTestExecutionListener, org.springframework.test.context.support.DependencyInjectionTestExecutionListener, org.springframework.test.context.support.DirtiesContextTestExecutionListener, org.springframework.test.context.transaction.TransactionalTestExecutionListener, org.springframework.test.context.jdbc.SqlScriptsTestExecutionListener, org.springframework.test.context.event.EventPublishingTestExecutionListener]
[INFO ] 22-02-2023 08:33:00.385 AM [main]  o.s.b.t.context.SpringBootTestContextBootstrapper - Using TestExecutionListeners: [org.springframework.test.context.web.ServletTestExecutionListener@5c6fae3c, org.springframework.test.context.support.DirtiesContextBeforeModesTestExecutionListener@466c39de, org.springframework.test.context.event.ApplicationEventsTestExecutionListener@762e3836, org.springframework.boot.test.mock.mockito.MockitoTestExecutionListener@15d2c2ca, org.springframework.boot.test.autoconfigure.SpringBootDependencyInjectionTestExecutionListener@346d8002, org.springframework.test.context.support.DirtiesContextTestExecutionListener@1368ed98, org.springframework.test.context.transaction.TransactionalTestExecutionListener@1400984b, org.springframework.test.context.jdbc.SqlScriptsTestExecutionListener@17c7cc93, org.springframework.test.context.event.EventPublishingTestExecutionListener@4ff233f9, org.springframework.boot.test.mock.mockito.ResetMocksTestExecutionListener@1b2213b2, org.springframework.boot.test.autoconfigure.restdocs.RestDocsTestExecutionListener@bf0025d, org.springframework.boot.test.autoconfigure.web.client.MockRestServiceServerResetTestExecutionListener@227ae4e4, org.springframework.boot.test.autoconfigure.web.servlet.MockMvcPrintOnlyOnFailureTestExecutionListener@7cc966a9, org.springframework.boot.test.autoconfigure.web.servlet.WebDriverTestExecutionListener@77fd5501, org.springframework.boot.test.autoconfigure.webservices.client.MockWebServiceServerTestExecutionListener@7c144349]
[INFO ] 22-02-2023 08:33:00.425 AM [SpringApplicationShutdownHook]  o.s.orm.jpa.LocalContainerEntityManagerFactoryBean - Closing JPA EntityManagerFactory for persistence unit 'default'
[INFO ] 22-02-2023 08:33:00.429 AM [SpringApplicationShutdownHook]  com.zaxxer.hikari.HikariDataSource - HikariPool-1 - Shutdown initiated...
[INFO ] 22-02-2023 08:33:00.458 AM [SpringApplicationShutdownHook]  com.zaxxer.hikari.HikariDataSource - HikariPool-1 - Shutdown completed.
[INFO ] 22-02-2023 08:33:19.955 AM [main]  o.s.b.t.context.SpringBootTestContextBootstrapper - Neither @ContextConfiguration nor @ContextHierarchy found for test class [com.example.demo.service.EmployeeFilterTest], using SpringBootContextLoader
[INFO ] 22-02-2023 08:33:19.959 AM [main]  o.s.test.context.support.AbstractContextLoader - Could not detect default resource locations for test class [com.example.demo.service.EmployeeFilterTest]: no resource found for suffixes {-context.xml, Context.groovy}.
[INFO ] 22-02-2023 08:33:19.960 AM [main]  o.s.t.c.support.AnnotationConfigContextLoaderUtils - Could not detect default configuration classes for test class [com.example.demo.service.EmployeeFilterTest]: EmployeeFilterTest does not declare any static, non-private, non-final, nested classes annotated with @Configuration.
[INFO ] 22-02-2023 08:33:20.025 AM [main]  o.s.b.t.context.SpringBootTestContextBootstrapper - Found @SpringBootConfiguration com.example.demo.DemoApplication for test class com.example.demo.service.EmployeeFilterTest
[INFO ] 22-02-2023 08:33:20.086 AM [main]  o.s.b.t.context.SpringBootTestContextBootstrapper - Loaded default TestExecutionListener class names from location [META-INF/spring.factories]: [org.springframework.boot.test.mock.mockito.MockitoTestExecutionListener, org.springframework.boot.test.mock.mockito.ResetMocksTestExecutionListener, org.springframework.boot.test.autoconfigure.restdocs.RestDocsTestExecutionListener, org.springframework.boot.test.autoconfigure.web.client.MockRestServiceServerResetTestExecutionListener, org.springframework.boot.test.autoconfigure.web.servlet.MockMvcPrintOnlyOnFailureTestExecutionListener, org.springframework.boot.test.autoconfigure.web.servlet.WebDriverTestExecutionListener, org.springframework.boot.test.autoconfigure.webservices.client.MockWebServiceServerTestExecutionListener, org.springframework.test.context.web.ServletTestExecutionListener, org.springframework.test.context.support.DirtiesContextBeforeModesTestExecutionListener, org.springframework.test.context.event.ApplicationEventsTestExecutionListener, org.springframework.test.context.support.DependencyInjectionTestExecutionListener, org.springframework.test.context.support.DirtiesContextTestExecutionListener, org.springframework.test.context.transaction.TransactionalTestExecutionListener, org.springframework.test.context.jdbc.SqlScriptsTestExecutionListener, org.springframework.test.context.event.EventPublishingTestExecutionListener]
[INFO ] 22-02-2023 08:33:20.095 AM [main]  o.s.b.t.context.SpringBootTestContextBootstrapper - Using TestExecutionListeners: [org.springframework.test.context.web.ServletTestExecutionListener@5ab14cb9, org.springframework.test.context.support.DirtiesContextBeforeModesTestExecutionListener@5fb97279, org.springframework.test.context.event.ApplicationEventsTestExecutionListener@439a8f59, org.springframework.boot.test.mock.mockito.MockitoTestExecutionListener@61861a29, org.springframework.boot.test.autoconfigure.SpringBootDependencyInjectionTestExecutionListener@31024624, org.springframework.test.context.support.DirtiesContextTestExecutionListener@25bcd0c7, org.springframework.test.context.transaction.TransactionalTestExecutionListener@32cb636e, org.springframework.test.context.jdbc.SqlScriptsTestExecutionListener@63cd604c, org.springframework.test.context.event.EventPublishingTestExecutionListener@40dd3977, org.springframework.boot.test.mock.mockito.ResetMocksTestExecutionListener@3a4e343, org.springframework.boot.test.autoconfigure.restdocs.RestDocsTestExecutionListener@6a1d204a, org.springframework.boot.test.autoconfigure.web.client.MockRestServiceServerResetTestExecutionListener@62dae245, org.springframework.boot.test.autoconfigure.web.servlet.MockMvcPrintOnlyOnFailureTestExecutionListener@4b6579e8, org.springframework.boot.test.autoconfigure.web.servlet.WebDriverTestExecutionListener@6fff253c, org.springframework.boot.test.autoconfigure.webservices.client.MockWebServiceServerTestExecutionListener@6c6357f9, com.github.database.rider.spring.DBRiderTestExecutionListener@591e58fa]
[INFO ] 22-02-2023 08:33:20.270 AM [main]  com.example.demo.service.EmployeeFilterTest - Starting EmployeeFilterTest using Java 11.0.17 on MacBook-Air-Evgenij.local with PID 52084 (started by johnskyi in /Users/johnskyi/IdeaProjects/demo)
[INFO ] 22-02-2023 08:33:20.271 AM [main]  com.example.demo.service.EmployeeFilterTest - No active profile set, falling back to 1 default profile: "default"
[INFO ] 22-02-2023 08:33:20.281 AM [background-preinit]  org.hibernate.validator.internal.util.Version - HV000001: Hibernate Validator 6.2.5.Final
[INFO ] 22-02-2023 08:33:20.607 AM [main]  o.s.d.r.config.RepositoryConfigurationDelegate - Bootstrapping Spring Data JPA repositories in DEFAULT mode.
[INFO ] 22-02-2023 08:33:20.643 AM [main]  o.s.d.r.config.RepositoryConfigurationDelegate - Finished Spring Data repository scanning in 30 ms. Found 2 JPA repository interfaces.
[INFO ] 22-02-2023 08:33:20.951 AM [main]  com.zaxxer.hikari.HikariDataSource - HikariPool-1 - Starting...
[INFO ] 22-02-2023 08:33:21.101 AM [main]  com.zaxxer.hikari.HikariDataSource - HikariPool-1 - Start completed.
[INFO ] 22-02-2023 08:33:21.276 AM [main]  liquibase.lockservice - Successfully acquired change log lock
[INFO ] 22-02-2023 08:33:21.494 AM [main]  liquibase.changelog - Reading from test.DATABASECHANGELOG
[INFO ] 22-02-2023 08:33:21.538 AM [main]  liquibase.lockservice - Successfully released change log lock
[INFO ] 22-02-2023 08:33:21.627 AM [main]  org.hibernate.Version - HHH000412: Hibernate ORM core version 5.6.14.Final
[INFO ] 22-02-2023 08:33:21.718 AM [main]  org.hibernate.annotations.common.Version - HCANN000001: Hibernate Commons Annotations {5.1.2.Final}
[INFO ] 22-02-2023 08:33:21.789 AM [main]  org.hibernate.dialect.Dialect - HHH000400: Using dialect: org.hibernate.dialect.MariaDB106Dialect
[INFO ] 22-02-2023 08:33:22.112 AM [main]  o.h.e.t.jta.platform.internal.JtaPlatformInitiator - HHH000490: Using JtaPlatform implementation: [org.hibernate.engine.transaction.jta.platform.internal.NoJtaPlatform]
[INFO ] 22-02-2023 08:33:22.115 AM [main]  o.s.orm.jpa.LocalContainerEntityManagerFactoryBean - Initialized JPA EntityManagerFactory for persistence unit 'default'
[WARN ] 22-02-2023 08:33:22.236 AM [main]  o.s.w.context.support.GenericWebApplicationContext - Exception encountered during context initialization - cancelling refresh attempt: org.springframework.beans.factory.UnsatisfiedDependencyException: Error creating bean with name 'employeeController' defined in file [/Users/johnskyi/IdeaProjects/demo/target/classes/com/example/demo/controller/EmployeeController.class]: Unsatisfied dependency expressed through constructor parameter 0; nested exception is org.springframework.beans.factory.UnsatisfiedDependencyException: Error creating bean with name 'employeeService' defined in file [/Users/johnskyi/IdeaProjects/demo/target/classes/com/example/demo/service/EmployeeService.class]: Unsatisfied dependency expressed through constructor parameter 0; nested exception is org.springframework.beans.factory.BeanCreationException: Error creating bean with name 'employeeRepository' defined in com.example.demo.data.repository.EmployeeRepository defined in @EnableJpaRepositories declared on JpaRepositoriesRegistrar.EnableJpaRepositoriesConfiguration: Invocation of init method failed; nested exception is java.lang.IllegalArgumentException: Did not find a query class com.example.demo.data.entity.QEmployee for domain class com.example.demo.data.entity.Employee
[INFO ] 22-02-2023 08:33:22.236 AM [main]  o.s.orm.jpa.LocalContainerEntityManagerFactoryBean - Closing JPA EntityManagerFactory for persistence unit 'default'
[INFO ] 22-02-2023 08:33:22.237 AM [main]  com.zaxxer.hikari.HikariDataSource - HikariPool-1 - Shutdown initiated...
[INFO ] 22-02-2023 08:33:22.268 AM [main]  com.zaxxer.hikari.HikariDataSource - HikariPool-1 - Shutdown completed.
[ERROR] 22-02-2023 08:33:22.288 AM [main]  org.springframework.boot.SpringApplication - Application run failed
org.springframework.beans.factory.UnsatisfiedDependencyException: Error creating bean with name 'employeeController' defined in file [/Users/johnskyi/IdeaProjects/demo/target/classes/com/example/demo/controller/EmployeeController.class]: Unsatisfied dependency expressed through constructor parameter 0; nested exception is org.springframework.beans.factory.UnsatisfiedDependencyException: Error creating bean with name 'employeeService' defined in file [/Users/johnskyi/IdeaProjects/demo/target/classes/com/example/demo/service/EmployeeService.class]: Unsatisfied dependency expressed through constructor parameter 0; nested exception is org.springframework.beans.factory.BeanCreationException: Error creating bean with name 'employeeRepository' defined in com.example.demo.data.repository.EmployeeRepository defined in @EnableJpaRepositories declared on JpaRepositoriesRegistrar.EnableJpaRepositoriesConfiguration: Invocation of init method failed; nested exception is java.lang.IllegalArgumentException: Did not find a query class com.example.demo.data.entity.QEmployee for domain class com.example.demo.data.entity.Employee
	at org.springframework.beans.factory.support.ConstructorResolver.createArgumentArray(ConstructorResolver.java:800)
	at org.springframework.beans.factory.support.ConstructorResolver.autowireConstructor(ConstructorResolver.java:229)
	at org.springframework.beans.factory.support.AbstractAutowireCapableBeanFactory.autowireConstructor(AbstractAutowireCapableBeanFactory.java:1372)
	at org.springframework.beans.factory.support.AbstractAutowireCapableBeanFactory.createBeanInstance(AbstractAutowireCapableBeanFactory.java:1222)
	at org.springframework.beans.factory.support.AbstractAutowireCapableBeanFactory.doCreateBean(AbstractAutowireCapableBeanFactory.java:582)
	at org.springframework.beans.factory.support.AbstractAutowireCapableBeanFactory.createBean(AbstractAutowireCapableBeanFactory.java:542)
	at org.springframework.beans.factory.support.AbstractBeanFactory.lambda$doGetBean$0(AbstractBeanFactory.java:335)
	at org.springframework.beans.factory.support.DefaultSingletonBeanRegistry.getSingleton(DefaultSingletonBeanRegistry.java:234)
	at org.springframework.beans.factory.support.AbstractBeanFactory.doGetBean(AbstractBeanFactory.java:333)
	at org.springframework.beans.factory.support.AbstractBeanFactory.getBean(AbstractBeanFactory.java:208)
	at org.springframework.beans.factory.support.DefaultListableBeanFactory.preInstantiateSingletons(DefaultListableBeanFactory.java:955)
	at org.springframework.context.support.AbstractApplicationContext.finishBeanFactoryInitialization(AbstractApplicationContext.java:918)
	at org.springframework.context.support.AbstractApplicationContext.refresh(AbstractApplicationContext.java:583)
	at org.springframework.boot.SpringApplication.refresh(SpringApplication.java:731)
	at org.springframework.boot.SpringApplication.refreshContext(SpringApplication.java:408)
	at org.springframework.boot.SpringApplication.run(SpringApplication.java:307)
	at org.springframework.boot.test.context.SpringBootContextLoader.loadContext(SpringBootContextLoader.java:136)
	at org.springframework.test.context.cache.DefaultCacheAwareContextLoaderDelegate.loadContextInternal(DefaultCacheAwareContextLoaderDelegate.java:141)
	at org.springframework.test.context.cache.DefaultCacheAwareContextLoaderDelegate.loadContext(DefaultCacheAwareContextLoaderDelegate.java:90)
	at org.springframework.test.context.support.DefaultTestContext.getApplicationContext(DefaultTestContext.java:124)
	at org.springframework.test.context.web.ServletTestExecutionListener.setUpRequestContextIfNecessary(ServletTestExecutionListener.java:190)
	at org.springframework.test.context.web.ServletTestExecutionListener.prepareTestInstance(ServletTestExecutionListener.java:132)
	at org.springframework.test.context.TestContextManager.prepareTestInstance(TestContextManager.java:248)
	at org.springframework.test.context.junit.jupiter.SpringExtension.postProcessTestInstance(SpringExtension.java:138)
	at org.junit.jupiter.engine.descriptor.ClassBasedTestDescriptor.lambda$invokeTestInstancePostProcessors$8(ClassBasedTestDescriptor.java:363)
	at org.junit.jupiter.engine.descriptor.ClassBasedTestDescriptor.executeAndMaskThrowable(ClassBasedTestDescriptor.java:368)
	at org.junit.jupiter.engine.descriptor.ClassBasedTestDescriptor.lambda$invokeTestInstancePostProcessors$9(ClassBasedTestDescriptor.java:363)
	at java.base/java.util.stream.ReferencePipeline$3$1.accept(ReferencePipeline.java:195)
	at java.base/java.util.stream.ReferencePipeline$2$1.accept(ReferencePipeline.java:177)
	at java.base/java.util.ArrayList$ArrayListSpliterator.forEachRemaining(ArrayList.java:1655)
	at java.base/java.util.stream.AbstractPipeline.copyInto(AbstractPipeline.java:484)
	at java.base/java.util.stream.AbstractPipeline.wrapAndCopyInto(AbstractPipeline.java:474)
	at java.base/java.util.stream.StreamSpliterators$WrappingSpliterator.forEachRemaining(StreamSpliterators.java:312)
	at java.base/java.util.stream.Streams$ConcatSpliterator.forEachRemaining(Streams.java:735)
	at java.base/java.util.stream.Streams$ConcatSpliterator.forEachRemaining(Streams.java:734)
	at java.base/java.util.stream.ReferencePipeline$Head.forEach(ReferencePipeline.java:658)
	at org.junit.jupiter.engine.descriptor.ClassBasedTestDescriptor.invokeTestInstancePostProcessors(ClassBasedTestDescriptor.java:362)
	at org.junit.jupiter.engine.descriptor.ClassBasedTestDescriptor.lambda$instantiateAndPostProcessTestInstance$6(ClassBasedTestDescriptor.java:283)
	at org.junit.platform.engine.support.hierarchical.ThrowableCollector.execute(ThrowableCollector.java:73)
	at org.junit.jupiter.engine.descriptor.ClassBasedTestDescriptor.instantiateAndPostProcessTestInstance(ClassBasedTestDescriptor.java:282)
	at org.junit.jupiter.engine.descriptor.ClassBasedTestDescriptor.lambda$testInstancesProvider$4(ClassBasedTestDescriptor.java:272)
	at java.base/java.util.Optional.orElseGet(Optional.java:369)
	at org.junit.jupiter.engine.descriptor.ClassBasedTestDescriptor.lambda$testInstancesProvider$5(ClassBasedTestDescriptor.java:271)
	at org.junit.jupiter.engine.execution.TestInstancesProvider.getTestInstances(TestInstancesProvider.java:31)
	at org.junit.jupiter.engine.descriptor.TestMethodTestDescriptor.lambda$prepare$0(TestMethodTestDescriptor.java:102)
	at org.junit.platform.engine.support.hierarchical.ThrowableCollector.execute(ThrowableCollector.java:73)
	at org.junit.jupiter.engine.descriptor.TestMethodTestDescriptor.prepare(TestMethodTestDescriptor.java:101)
	at org.junit.jupiter.engine.descriptor.TestMethodTestDescriptor.prepare(TestMethodTestDescriptor.java:66)
	at org.junit.platform.engine.support.hierarchical.NodeTestTask.lambda$prepare$2(NodeTestTask.java:123)
	at org.junit.platform.engine.support.hierarchical.ThrowableCollector.execute(ThrowableCollector.java:73)
	at org.junit.platform.engine.support.hierarchical.NodeTestTask.prepare(NodeTestTask.java:123)
	at org.junit.platform.engine.support.hierarchical.NodeTestTask.execute(NodeTestTask.java:90)
	at java.base/java.util.ArrayList.forEach(ArrayList.java:1541)
	at org.junit.platform.engine.support.hierarchical.SameThreadHierarchicalTestExecutorService.invokeAll(SameThreadHierarchicalTestExecutorService.java:41)
	at org.junit.platform.engine.support.hierarchical.NodeTestTask.lambda$executeRecursively$6(NodeTestTask.java:155)
	at org.junit.platform.engine.support.hierarchical.ThrowableCollector.execute(ThrowableCollector.java:73)
	at org.junit.platform.engine.support.hierarchical.NodeTestTask.lambda$executeRecursively$8(NodeTestTask.java:141)
	at org.junit.platform.engine.support.hierarchical.Node.around(Node.java:137)
	at org.junit.platform.engine.support.hierarchical.NodeTestTask.lambda$executeRecursively$9(NodeTestTask.java:139)
	at org.junit.platform.engine.support.hierarchical.ThrowableCollector.execute(ThrowableCollector.java:73)
	at org.junit.platform.engine.support.hierarchical.NodeTestTask.executeRecursively(NodeTestTask.java:138)
	at org.junit.platform.engine.support.hierarchical.NodeTestTask.execute(NodeTestTask.java:95)
	at java.base/java.util.ArrayList.forEach(ArrayList.java:1541)
	at org.junit.platform.engine.support.hierarchical.SameThreadHierarchicalTestExecutorService.invokeAll(SameThreadHierarchicalTestExecutorService.java:41)
	at org.junit.platform.engine.support.hierarchical.NodeTestTask.lambda$executeRecursively$6(NodeTestTask.java:155)
	at org.junit.platform.engine.support.hierarchical.ThrowableCollector.execute(ThrowableCollector.java:73)
	at org.junit.platform.engine.support.hierarchical.NodeTestTask.lambda$executeRecursively$8(NodeTestTask.java:141)
	at org.junit.platform.engine.support.hierarchical.Node.around(Node.java:137)
	at org.junit.platform.engine.support.hierarchical.NodeTestTask.lambda$executeRecursively$9(NodeTestTask.java:139)
	at org.junit.platform.engine.support.hierarchical.ThrowableCollector.execute(ThrowableCollector.java:73)
	at org.junit.platform.engine.support.hierarchical.NodeTestTask.executeRecursively(NodeTestTask.java:138)
	at org.junit.platform.engine.support.hierarchical.NodeTestTask.execute(NodeTestTask.java:95)
	at org.junit.platform.engine.support.hierarchical.SameThreadHierarchicalTestExecutorService.submit(SameThreadHierarchicalTestExecutorService.java:35)
	at org.junit.platform.engine.support.hierarchical.HierarchicalTestExecutor.execute(HierarchicalTestExecutor.java:57)
	at org.junit.platform.engine.support.hierarchical.HierarchicalTestEngine.execute(HierarchicalTestEngine.java:54)
	at org.junit.platform.launcher.core.EngineExecutionOrchestrator.execute(EngineExecutionOrchestrator.java:107)
	at org.junit.platform.launcher.core.EngineExecutionOrchestrator.execute(EngineExecutionOrchestrator.java:88)
	at org.junit.platform.launcher.core.EngineExecutionOrchestrator.lambda$execute$0(EngineExecutionOrchestrator.java:54)
	at org.junit.platform.launcher.core.EngineExecutionOrchestrator.withInterceptedStreams(EngineExecutionOrchestrator.java:67)
	at org.junit.platform.launcher.core.EngineExecutionOrchestrator.execute(EngineExecutionOrchestrator.java:52)
	at org.junit.platform.launcher.core.DefaultLauncher.execute(DefaultLauncher.java:114)
	at org.junit.platform.launcher.core.DefaultLauncher.execute(DefaultLauncher.java:86)
	at org.junit.platform.launcher.core.DefaultLauncherSession$DelegatingLauncher.execute(DefaultLauncherSession.java:86)
	at org.junit.platform.launcher.core.SessionPerRequestLauncher.execute(SessionPerRequestLauncher.java:53)
	at com.intellij.junit5.JUnit5IdeaTestRunner.startRunnerWithArgs(JUnit5IdeaTestRunner.java:57)
	at com.intellij.rt.junit.IdeaTestRunner$Repeater$1.execute(IdeaTestRunner.java:38)
	at com.intellij.rt.execution.junit.TestsRepeater.repeat(TestsRepeater.java:11)
	at com.intellij.rt.junit.IdeaTestRunner$Repeater.startRunnerWithArgs(IdeaTestRunner.java:35)
	at com.intellij.rt.junit.JUnitStarter.prepareStreamsAndStart(JUnitStarter.java:235)
	at com.intellij.rt.junit.JUnitStarter.main(JUnitStarter.java:54)
Caused by: org.springframework.beans.factory.UnsatisfiedDependencyException: Error creating bean with name 'employeeService' defined in file [/Users/johnskyi/IdeaProjects/demo/target/classes/com/example/demo/service/EmployeeService.class]: Unsatisfied dependency expressed through constructor parameter 0; nested exception is org.springframework.beans.factory.BeanCreationException: Error creating bean with name 'employeeRepository' defined in com.example.demo.data.repository.EmployeeRepository defined in @EnableJpaRepositories declared on JpaRepositoriesRegistrar.EnableJpaRepositoriesConfiguration: Invocation of init method failed; nested exception is java.lang.IllegalArgumentException: Did not find a query class com.example.demo.data.entity.QEmployee for domain class com.example.demo.data.entity.Employee
	at org.springframework.beans.factory.support.ConstructorResolver.createArgumentArray(ConstructorResolver.java:800)
	at org.springframework.beans.factory.support.ConstructorResolver.autowireConstructor(ConstructorResolver.java:229)
	at org.springframework.beans.factory.support.AbstractAutowireCapableBeanFactory.autowireConstructor(AbstractAutowireCapableBeanFactory.java:1372)
	at org.springframework.beans.factory.support.AbstractAutowireCapableBeanFactory.createBeanInstance(AbstractAutowireCapableBeanFactory.java:1222)
	at org.springframework.beans.factory.support.AbstractAutowireCapableBeanFactory.doCreateBean(AbstractAutowireCapableBeanFactory.java:582)
	at org.springframework.beans.factory.support.AbstractAutowireCapableBeanFactory.createBean(AbstractAutowireCapableBeanFactory.java:542)
	at org.springframework.beans.factory.support.AbstractBeanFactory.lambda$doGetBean$0(AbstractBeanFactory.java:335)
	at org.springframework.beans.factory.support.DefaultSingletonBeanRegistry.getSingleton(DefaultSingletonBeanRegistry.java:234)
	at org.springframework.beans.factory.support.AbstractBeanFactory.doGetBean(AbstractBeanFactory.java:333)
	at org.springframework.beans.factory.support.AbstractBeanFactory.getBean(AbstractBeanFactory.java:208)
	at org.springframework.beans.factory.config.DependencyDescriptor.resolveCandidate(DependencyDescriptor.java:276)
	at org.springframework.beans.factory.support.DefaultListableBeanFactory.doResolveDependency(DefaultListableBeanFactory.java:1391)
	at org.springframework.beans.factory.support.DefaultListableBeanFactory.resolveDependency(DefaultListableBeanFactory.java:1311)
	at org.springframework.beans.factory.support.ConstructorResolver.resolveAutowiredArgument(ConstructorResolver.java:887)
	at org.springframework.beans.factory.support.ConstructorResolver.createArgumentArray(ConstructorResolver.java:791)
	... 89 common frames omitted
Caused by: org.springframework.beans.factory.BeanCreationException: Error creating bean with name 'employeeRepository' defined in com.example.demo.data.repository.EmployeeRepository defined in @EnableJpaRepositories declared on JpaRepositoriesRegistrar.EnableJpaRepositoriesConfiguration: Invocation of init method failed; nested exception is java.lang.IllegalArgumentException: Did not find a query class com.example.demo.data.entity.QEmployee for domain class com.example.demo.data.entity.Employee
	at org.springframework.beans.factory.support.AbstractAutowireCapableBeanFactory.initializeBean(AbstractAutowireCapableBeanFactory.java:1804)
	at org.springframework.beans.factory.support.AbstractAutowireCapableBeanFactory.doCreateBean(AbstractAutowireCapableBeanFactory.java:620)
	at org.springframework.beans.factory.support.AbstractAutowireCapableBeanFactory.createBean(AbstractAutowireCapableBeanFactory.java:542)
	at org.springframework.beans.factory.support.AbstractBeanFactory.lambda$doGetBean$0(AbstractBeanFactory.java:335)
	at org.springframework.beans.factory.support.DefaultSingletonBeanRegistry.getSingleton(DefaultSingletonBeanRegistry.java:234)
	at org.springframework.beans.factory.support.AbstractBeanFactory.doGetBean(AbstractBeanFactory.java:333)
	at org.springframework.beans.factory.support.AbstractBeanFactory.getBean(AbstractBeanFactory.java:208)
	at org.springframework.beans.factory.config.DependencyDescriptor.resolveCandidate(DependencyDescriptor.java:276)
	at org.springframework.beans.factory.support.DefaultListableBeanFactory.doResolveDependency(DefaultListableBeanFactory.java:1391)
	at org.springframework.beans.factory.support.DefaultListableBeanFactory.resolveDependency(DefaultListableBeanFactory.java:1311)
	at org.springframework.beans.factory.support.ConstructorResolver.resolveAutowiredArgument(ConstructorResolver.java:887)
	at org.springframework.beans.factory.support.ConstructorResolver.createArgumentArray(ConstructorResolver.java:791)
	... 103 common frames omitted
Caused by: java.lang.IllegalArgumentException: Did not find a query class com.example.demo.data.entity.QEmployee for domain class com.example.demo.data.entity.Employee
	at org.springframework.data.querydsl.SimpleEntityPathResolver.createPath(SimpleEntityPathResolver.java:78)
	at org.springframework.data.jpa.repository.support.QuerydslJpaPredicateExecutor.<init>(QuerydslJpaPredicateExecutor.java:83)
	at org.springframework.data.jpa.repository.support.JpaRepositoryFactory.getRepositoryFragments(JpaRepositoryFactory.java:273)
	at org.springframework.data.jpa.repository.support.JpaRepositoryFactory.getRepositoryFragments(JpaRepositoryFactory.java:243)
	at org.springframework.data.repository.core.support.RepositoryFactorySupport.getRepositoryComposition(RepositoryFactorySupport.java:436)
	at org.springframework.data.repository.core.support.RepositoryFactorySupport.getRepository(RepositoryFactorySupport.java:301)
	at org.springframework.data.repository.core.support.RepositoryFactoryBeanSupport.lambda$afterPropertiesSet$5(RepositoryFactoryBeanSupport.java:323)
	at org.springframework.data.util.Lazy.getNullable(Lazy.java:231)
	at org.springframework.data.util.Lazy.get(Lazy.java:115)
	at org.springframework.data.repository.core.support.RepositoryFactoryBeanSupport.afterPropertiesSet(RepositoryFactoryBeanSupport.java:329)
	at org.springframework.data.jpa.repository.support.JpaRepositoryFactoryBean.afterPropertiesSet(JpaRepositoryFactoryBean.java:144)
	at org.springframework.beans.factory.support.AbstractAutowireCapableBeanFactory.invokeInitMethods(AbstractAutowireCapableBeanFactory.java:1863)
	at org.springframework.beans.factory.support.AbstractAutowireCapableBeanFactory.initializeBean(AbstractAutowireCapableBeanFactory.java:1800)
	... 114 common frames omitted
Caused by: java.lang.ClassNotFoundException: com.example.demo.data.entity.QEmployee
	at java.base/jdk.internal.loader.BuiltinClassLoader.loadClass(BuiltinClassLoader.java:581)
	at java.base/jdk.internal.loader.ClassLoaders$AppClassLoader.loadClass(ClassLoaders.java:178)
	at java.base/java.lang.ClassLoader.loadClass(ClassLoader.java:522)
	at java.base/java.lang.Class.forName0(Native Method)
	at java.base/java.lang.Class.forName(Class.java:398)
	at org.springframework.util.ClassUtils.forName(ClassUtils.java:284)
	at org.springframework.data.querydsl.SimpleEntityPathResolver.createPath(SimpleEntityPathResolver.java:71)
	... 126 common frames omitted
[ERROR] 22-02-2023 08:33:22.289 AM [main]  o.springframework.test.context.TestContextManager - Caught exception while allowing TestExecutionListener [org.springframework.test.context.web.ServletTestExecutionListener@5ab14cb9] to prepare test instance [com.example.demo.service.EmployeeFilterTest@f9b7332]
java.lang.IllegalStateException: Failed to load ApplicationContext
	at org.springframework.test.context.cache.DefaultCacheAwareContextLoaderDelegate.loadContext(DefaultCacheAwareContextLoaderDelegate.java:98)
	at org.springframework.test.context.support.DefaultTestContext.getApplicationContext(DefaultTestContext.java:124)
	at org.springframework.test.context.web.ServletTestExecutionListener.setUpRequestContextIfNecessary(ServletTestExecutionListener.java:190)
	at org.springframework.test.context.web.ServletTestExecutionListener.prepareTestInstance(ServletTestExecutionListener.java:132)
	at org.springframework.test.context.TestContextManager.prepareTestInstance(TestContextManager.java:248)
	at org.springframework.test.context.junit.jupiter.SpringExtension.postProcessTestInstance(SpringExtension.java:138)
	at org.junit.jupiter.engine.descriptor.ClassBasedTestDescriptor.lambda$invokeTestInstancePostProcessors$8(ClassBasedTestDescriptor.java:363)
	at org.junit.jupiter.engine.descriptor.ClassBasedTestDescriptor.executeAndMaskThrowable(ClassBasedTestDescriptor.java:368)
	at org.junit.jupiter.engine.descriptor.ClassBasedTestDescriptor.lambda$invokeTestInstancePostProcessors$9(ClassBasedTestDescriptor.java:363)
	at java.base/java.util.stream.ReferencePipeline$3$1.accept(ReferencePipeline.java:195)
	at java.base/java.util.stream.ReferencePipeline$2$1.accept(ReferencePipeline.java:177)
	at java.base/java.util.ArrayList$ArrayListSpliterator.forEachRemaining(ArrayList.java:1655)
	at java.base/java.util.stream.AbstractPipeline.copyInto(AbstractPipeline.java:484)
	at java.base/java.util.stream.AbstractPipeline.wrapAndCopyInto(AbstractPipeline.java:474)
	at java.base/java.util.stream.StreamSpliterators$WrappingSpliterator.forEachRemaining(StreamSpliterators.java:312)
	at java.base/java.util.stream.Streams$ConcatSpliterator.forEachRemaining(Streams.java:735)
	at java.base/java.util.stream.Streams$ConcatSpliterator.forEachRemaining(Streams.java:734)
	at java.base/java.util.stream.ReferencePipeline$Head.forEach(ReferencePipeline.java:658)
	at org.junit.jupiter.engine.descriptor.ClassBasedTestDescriptor.invokeTestInstancePostProcessors(ClassBasedTestDescriptor.java:362)
	at org.junit.jupiter.engine.descriptor.ClassBasedTestDescriptor.lambda$instantiateAndPostProcessTestInstance$6(ClassBasedTestDescriptor.java:283)
	at org.junit.platform.engine.support.hierarchical.ThrowableCollector.execute(ThrowableCollector.java:73)
	at org.junit.jupiter.engine.descriptor.ClassBasedTestDescriptor.instantiateAndPostProcessTestInstance(ClassBasedTestDescriptor.java:282)
	at org.junit.jupiter.engine.descriptor.ClassBasedTestDescriptor.lambda$testInstancesProvider$4(ClassBasedTestDescriptor.java:272)
	at java.base/java.util.Optional.orElseGet(Optional.java:369)
	at org.junit.jupiter.engine.descriptor.ClassBasedTestDescriptor.lambda$testInstancesProvider$5(ClassBasedTestDescriptor.java:271)
	at org.junit.jupiter.engine.execution.TestInstancesProvider.getTestInstances(TestInstancesProvider.java:31)
	at org.junit.jupiter.engine.descriptor.TestMethodTestDescriptor.lambda$prepare$0(TestMethodTestDescriptor.java:102)
	at org.junit.platform.engine.support.hierarchical.ThrowableCollector.execute(ThrowableCollector.java:73)
	at org.junit.jupiter.engine.descriptor.TestMethodTestDescriptor.prepare(TestMethodTestDescriptor.java:101)
	at org.junit.jupiter.engine.descriptor.TestMethodTestDescriptor.prepare(TestMethodTestDescriptor.java:66)
	at org.junit.platform.engine.support.hierarchical.NodeTestTask.lambda$prepare$2(NodeTestTask.java:123)
	at org.junit.platform.engine.support.hierarchical.ThrowableCollector.execute(ThrowableCollector.java:73)
	at org.junit.platform.engine.support.hierarchical.NodeTestTask.prepare(NodeTestTask.java:123)
	at org.junit.platform.engine.support.hierarchical.NodeTestTask.execute(NodeTestTask.java:90)
	at java.base/java.util.ArrayList.forEach(ArrayList.java:1541)
	at org.junit.platform.engine.support.hierarchical.SameThreadHierarchicalTestExecutorService.invokeAll(SameThreadHierarchicalTestExecutorService.java:41)
	at org.junit.platform.engine.support.hierarchical.NodeTestTask.lambda$executeRecursively$6(NodeTestTask.java:155)
	at org.junit.platform.engine.support.hierarchical.ThrowableCollector.execute(ThrowableCollector.java:73)
	at org.junit.platform.engine.support.hierarchical.NodeTestTask.lambda$executeRecursively$8(NodeTestTask.java:141)
	at org.junit.platform.engine.support.hierarchical.Node.around(Node.java:137)
	at org.junit.platform.engine.support.hierarchical.NodeTestTask.lambda$executeRecursively$9(NodeTestTask.java:139)
	at org.junit.platform.engine.support.hierarchical.ThrowableCollector.execute(ThrowableCollector.java:73)
	at org.junit.platform.engine.support.hierarchical.NodeTestTask.executeRecursively(NodeTestTask.java:138)
	at org.junit.platform.engine.support.hierarchical.NodeTestTask.execute(NodeTestTask.java:95)
	at java.base/java.util.ArrayList.forEach(ArrayList.java:1541)
	at org.junit.platform.engine.support.hierarchical.SameThreadHierarchicalTestExecutorService.invokeAll(SameThreadHierarchicalTestExecutorService.java:41)
	at org.junit.platform.engine.support.hierarchical.NodeTestTask.lambda$executeRecursively$6(NodeTestTask.java:155)
	at org.junit.platform.engine.support.hierarchical.ThrowableCollector.execute(ThrowableCollector.java:73)
	at org.junit.platform.engine.support.hierarchical.NodeTestTask.lambda$executeRecursively$8(NodeTestTask.java:141)
	at org.junit.platform.engine.support.hierarchical.Node.around(Node.java:137)
	at org.junit.platform.engine.support.hierarchical.NodeTestTask.lambda$executeRecursively$9(NodeTestTask.java:139)
	at org.junit.platform.engine.support.hierarchical.ThrowableCollector.execute(ThrowableCollector.java:73)
	at org.junit.platform.engine.support.hierarchical.NodeTestTask.executeRecursively(NodeTestTask.java:138)
	at org.junit.platform.engine.support.hierarchical.NodeTestTask.execute(NodeTestTask.java:95)
	at org.junit.platform.engine.support.hierarchical.SameThreadHierarchicalTestExecutorService.submit(SameThreadHierarchicalTestExecutorService.java:35)
	at org.junit.platform.engine.support.hierarchical.HierarchicalTestExecutor.execute(HierarchicalTestExecutor.java:57)
	at org.junit.platform.engine.support.hierarchical.HierarchicalTestEngine.execute(HierarchicalTestEngine.java:54)
	at org.junit.platform.launcher.core.EngineExecutionOrchestrator.execute(EngineExecutionOrchestrator.java:107)
	at org.junit.platform.launcher.core.EngineExecutionOrchestrator.execute(EngineExecutionOrchestrator.java:88)
	at org.junit.platform.launcher.core.EngineExecutionOrchestrator.lambda$execute$0(EngineExecutionOrchestrator.java:54)
	at org.junit.platform.launcher.core.EngineExecutionOrchestrator.withInterceptedStreams(EngineExecutionOrchestrator.java:67)
	at org.junit.platform.launcher.core.EngineExecutionOrchestrator.execute(EngineExecutionOrchestrator.java:52)
	at org.junit.platform.launcher.core.DefaultLauncher.execute(DefaultLauncher.java:114)
	at org.junit.platform.launcher.core.DefaultLauncher.execute(DefaultLauncher.java:86)
	at org.junit.platform.launcher.core.DefaultLauncherSession$DelegatingLauncher.execute(DefaultLauncherSession.java:86)
	at org.junit.platform.launcher.core.SessionPerRequestLauncher.execute(SessionPerRequestLauncher.java:53)
	at com.intellij.junit5.JUnit5IdeaTestRunner.startRunnerWithArgs(JUnit5IdeaTestRunner.java:57)
	at com.intellij.rt.junit.IdeaTestRunner$Repeater$1.execute(IdeaTestRunner.java:38)
	at com.intellij.rt.execution.junit.TestsRepeater.repeat(TestsRepeater.java:11)
	at com.intellij.rt.junit.IdeaTestRunner$Repeater.startRunnerWithArgs(IdeaTestRunner.java:35)
	at com.intellij.rt.junit.JUnitStarter.prepareStreamsAndStart(JUnitStarter.java:235)
	at com.intellij.rt.junit.JUnitStarter.main(JUnitStarter.java:54)
Caused by: org.springframework.beans.factory.UnsatisfiedDependencyException: Error creating bean with name 'employeeController' defined in file [/Users/johnskyi/IdeaProjects/demo/target/classes/com/example/demo/controller/EmployeeController.class]: Unsatisfied dependency expressed through constructor parameter 0; nested exception is org.springframework.beans.factory.UnsatisfiedDependencyException: Error creating bean with name 'employeeService' defined in file [/Users/johnskyi/IdeaProjects/demo/target/classes/com/example/demo/service/EmployeeService.class]: Unsatisfied dependency expressed through constructor parameter 0; nested exception is org.springframework.beans.factory.BeanCreationException: Error creating bean with name 'employeeRepository' defined in com.example.demo.data.repository.EmployeeRepository defined in @EnableJpaRepositories declared on JpaRepositoriesRegistrar.EnableJpaRepositoriesConfiguration: Invocation of init method failed; nested exception is java.lang.IllegalArgumentException: Did not find a query class com.example.demo.data.entity.QEmployee for domain class com.example.demo.data.entity.Employee
	at org.springframework.beans.factory.support.ConstructorResolver.createArgumentArray(ConstructorResolver.java:800)
	at org.springframework.beans.factory.support.ConstructorResolver.autowireConstructor(ConstructorResolver.java:229)
	at org.springframework.beans.factory.support.AbstractAutowireCapableBeanFactory.autowireConstructor(AbstractAutowireCapableBeanFactory.java:1372)
	at org.springframework.beans.factory.support.AbstractAutowireCapableBeanFactory.createBeanInstance(AbstractAutowireCapableBeanFactory.java:1222)
	at org.springframework.beans.factory.support.AbstractAutowireCapableBeanFactory.doCreateBean(AbstractAutowireCapableBeanFactory.java:582)
	at org.springframework.beans.factory.support.AbstractAutowireCapableBeanFactory.createBean(AbstractAutowireCapableBeanFactory.java:542)
	at org.springframework.beans.factory.support.AbstractBeanFactory.lambda$doGetBean$0(AbstractBeanFactory.java:335)
	at org.springframework.beans.factory.support.DefaultSingletonBeanRegistry.getSingleton(DefaultSingletonBeanRegistry.java:234)
	at org.springframework.beans.factory.support.AbstractBeanFactory.doGetBean(AbstractBeanFactory.java:333)
	at org.springframework.beans.factory.support.AbstractBeanFactory.getBean(AbstractBeanFactory.java:208)
	at org.springframework.beans.factory.support.DefaultListableBeanFactory.preInstantiateSingletons(DefaultListableBeanFactory.java:955)
	at org.springframework.context.support.AbstractApplicationContext.finishBeanFactoryInitialization(AbstractApplicationContext.java:918)
	at org.springframework.context.support.AbstractApplicationContext.refresh(AbstractApplicationContext.java:583)
	at org.springframework.boot.SpringApplication.refresh(SpringApplication.java:731)
	at org.springframework.boot.SpringApplication.refreshContext(SpringApplication.java:408)
	at org.springframework.boot.SpringApplication.run(SpringApplication.java:307)
	at org.springframework.boot.test.context.SpringBootContextLoader.loadContext(SpringBootContextLoader.java:136)
	at org.springframework.test.context.cache.DefaultCacheAwareContextLoaderDelegate.loadContextInternal(DefaultCacheAwareContextLoaderDelegate.java:141)
	at org.springframework.test.context.cache.DefaultCacheAwareContextLoaderDelegate.loadContext(DefaultCacheAwareContextLoaderDelegate.java:90)
	... 71 common frames omitted
Caused by: org.springframework.beans.factory.UnsatisfiedDependencyException: Error creating bean with name 'employeeService' defined in file [/Users/johnskyi/IdeaProjects/demo/target/classes/com/example/demo/service/EmployeeService.class]: Unsatisfied dependency expressed through constructor parameter 0; nested exception is org.springframework.beans.factory.BeanCreationException: Error creating bean with name 'employeeRepository' defined in com.example.demo.data.repository.EmployeeRepository defined in @EnableJpaRepositories declared on JpaRepositoriesRegistrar.EnableJpaRepositoriesConfiguration: Invocation of init method failed; nested exception is java.lang.IllegalArgumentException: Did not find a query class com.example.demo.data.entity.QEmployee for domain class com.example.demo.data.entity.Employee
	at org.springframework.beans.factory.support.ConstructorResolver.createArgumentArray(ConstructorResolver.java:800)
	at org.springframework.beans.factory.support.ConstructorResolver.autowireConstructor(ConstructorResolver.java:229)
	at org.springframework.beans.factory.support.AbstractAutowireCapableBeanFactory.autowireConstructor(AbstractAutowireCapableBeanFactory.java:1372)
	at org.springframework.beans.factory.support.AbstractAutowireCapableBeanFactory.createBeanInstance(AbstractAutowireCapableBeanFactory.java:1222)
	at org.springframework.beans.factory.support.AbstractAutowireCapableBeanFactory.doCreateBean(AbstractAutowireCapableBeanFactory.java:582)
	at org.springframework.beans.factory.support.AbstractAutowireCapableBeanFactory.createBean(AbstractAutowireCapableBeanFactory.java:542)
	at org.springframework.beans.factory.support.AbstractBeanFactory.lambda$doGetBean$0(AbstractBeanFactory.java:335)
	at org.springframework.beans.factory.support.DefaultSingletonBeanRegistry.getSingleton(DefaultSingletonBeanRegistry.java:234)
	at org.springframework.beans.factory.support.AbstractBeanFactory.doGetBean(AbstractBeanFactory.java:333)
	at org.springframework.beans.factory.support.AbstractBeanFactory.getBean(AbstractBeanFactory.java:208)
	at org.springframework.beans.factory.config.DependencyDescriptor.resolveCandidate(DependencyDescriptor.java:276)
	at org.springframework.beans.factory.support.DefaultListableBeanFactory.doResolveDependency(DefaultListableBeanFactory.java:1391)
	at org.springframework.beans.factory.support.DefaultListableBeanFactory.resolveDependency(DefaultListableBeanFactory.java:1311)
	at org.springframework.beans.factory.support.ConstructorResolver.resolveAutowiredArgument(ConstructorResolver.java:887)
	at org.springframework.beans.factory.support.ConstructorResolver.createArgumentArray(ConstructorResolver.java:791)
	... 89 common frames omitted
Caused by: org.springframework.beans.factory.BeanCreationException: Error creating bean with name 'employeeRepository' defined in com.example.demo.data.repository.EmployeeRepository defined in @EnableJpaRepositories declared on JpaRepositoriesRegistrar.EnableJpaRepositoriesConfiguration: Invocation of init method failed; nested exception is java.lang.IllegalArgumentException: Did not find a query class com.example.demo.data.entity.QEmployee for domain class com.example.demo.data.entity.Employee
	at org.springframework.beans.factory.support.AbstractAutowireCapableBeanFactory.initializeBean(AbstractAutowireCapableBeanFactory.java:1804)
	at org.springframework.beans.factory.support.AbstractAutowireCapableBeanFactory.doCreateBean(AbstractAutowireCapableBeanFactory.java:620)
	at org.springframework.beans.factory.support.AbstractAutowireCapableBeanFactory.createBean(AbstractAutowireCapableBeanFactory.java:542)
	at org.springframework.beans.factory.support.AbstractBeanFactory.lambda$doGetBean$0(AbstractBeanFactory.java:335)
	at org.springframework.beans.factory.support.DefaultSingletonBeanRegistry.getSingleton(DefaultSingletonBeanRegistry.java:234)
	at org.springframework.beans.factory.support.AbstractBeanFactory.doGetBean(AbstractBeanFactory.java:333)
	at org.springframework.beans.factory.support.AbstractBeanFactory.getBean(AbstractBeanFactory.java:208)
	at org.springframework.beans.factory.config.DependencyDescriptor.resolveCandidate(DependencyDescriptor.java:276)
	at org.springframework.beans.factory.support.DefaultListableBeanFactory.doResolveDependency(DefaultListableBeanFactory.java:1391)
	at org.springframework.beans.factory.support.DefaultListableBeanFactory.resolveDependency(DefaultListableBeanFactory.java:1311)
	at org.springframework.beans.factory.support.ConstructorResolver.resolveAutowiredArgument(ConstructorResolver.java:887)
	at org.springframework.beans.factory.support.ConstructorResolver.createArgumentArray(ConstructorResolver.java:791)
	... 103 common frames omitted
Caused by: java.lang.IllegalArgumentException: Did not find a query class com.example.demo.data.entity.QEmployee for domain class com.example.demo.data.entity.Employee
	at org.springframework.data.querydsl.SimpleEntityPathResolver.createPath(SimpleEntityPathResolver.java:78)
	at org.springframework.data.jpa.repository.support.QuerydslJpaPredicateExecutor.<init>(QuerydslJpaPredicateExecutor.java:83)
	at org.springframework.data.jpa.repository.support.JpaRepositoryFactory.getRepositoryFragments(JpaRepositoryFactory.java:273)
	at org.springframework.data.jpa.repository.support.JpaRepositoryFactory.getRepositoryFragments(JpaRepositoryFactory.java:243)
	at org.springframework.data.repository.core.support.RepositoryFactorySupport.getRepositoryComposition(RepositoryFactorySupport.java:436)
	at org.springframework.data.repository.core.support.RepositoryFactorySupport.getRepository(RepositoryFactorySupport.java:301)
	at org.springframework.data.repository.core.support.RepositoryFactoryBeanSupport.lambda$afterPropertiesSet$5(RepositoryFactoryBeanSupport.java:323)
	at org.springframework.data.util.Lazy.getNullable(Lazy.java:231)
	at org.springframework.data.util.Lazy.get(Lazy.java:115)
	at org.springframework.data.repository.core.support.RepositoryFactoryBeanSupport.afterPropertiesSet(RepositoryFactoryBeanSupport.java:329)
	at org.springframework.data.jpa.repository.support.JpaRepositoryFactoryBean.afterPropertiesSet(JpaRepositoryFactoryBean.java:144)
	at org.springframework.beans.factory.support.AbstractAutowireCapableBeanFactory.invokeInitMethods(AbstractAutowireCapableBeanFactory.java:1863)
	at org.springframework.beans.factory.support.AbstractAutowireCapableBeanFactory.initializeBean(AbstractAutowireCapableBeanFactory.java:1800)
	... 114 common frames omitted
Caused by: java.lang.ClassNotFoundException: com.example.demo.data.entity.QEmployee
	at java.base/jdk.internal.loader.BuiltinClassLoader.loadClass(BuiltinClassLoader.java:581)
	at java.base/jdk.internal.loader.ClassLoaders$AppClassLoader.loadClass(ClassLoaders.java:178)
	at java.base/java.lang.ClassLoader.loadClass(ClassLoader.java:522)
	at java.base/java.lang.Class.forName0(Native Method)
	at java.base/java.lang.Class.forName(Class.java:398)
	at org.springframework.util.ClassUtils.forName(ClassUtils.java:284)
	at org.springframework.data.querydsl.SimpleEntityPathResolver.createPath(SimpleEntityPathResolver.java:71)
	... 126 common frames omitted
[INFO ] 22-02-2023 08:34:33.856 AM [main]  o.s.b.t.context.SpringBootTestContextBootstrapper - Neither @ContextConfiguration nor @ContextHierarchy found for test class [com.example.demo.service.EmployeeServiceTest], using SpringBootContextLoader
[INFO ] 22-02-2023 08:34:33.861 AM [main]  o.s.test.context.support.AbstractContextLoader - Could not detect default resource locations for test class [com.example.demo.service.EmployeeServiceTest]: no resource found for suffixes {-context.xml, Context.groovy}.
[INFO ] 22-02-2023 08:34:33.862 AM [main]  o.s.t.c.support.AnnotationConfigContextLoaderUtils - Could not detect default configuration classes for test class [com.example.demo.service.EmployeeServiceTest]: EmployeeServiceTest does not declare any static, non-private, non-final, nested classes annotated with @Configuration.
[INFO ] 22-02-2023 08:34:34.044 AM [main]  o.s.b.t.context.SpringBootTestContextBootstrapper - Found @SpringBootConfiguration com.example.demo.DemoApplication for test class com.example.demo.service.EmployeeServiceTest
[INFO ] 22-02-2023 08:34:34.131 AM [main]  o.s.b.t.context.SpringBootTestContextBootstrapper - Loaded default TestExecutionListener class names from location [META-INF/spring.factories]: [org.springframework.boot.test.mock.mockito.MockitoTestExecutionListener, org.springframework.boot.test.mock.mockito.ResetMocksTestExecutionListener, org.springframework.boot.test.autoconfigure.restdocs.RestDocsTestExecutionListener, org.springframework.boot.test.autoconfigure.web.client.MockRestServiceServerResetTestExecutionListener, org.springframework.boot.test.autoconfigure.web.servlet.MockMvcPrintOnlyOnFailureTestExecutionListener, org.springframework.boot.test.autoconfigure.web.servlet.WebDriverTestExecutionListener, org.springframework.boot.test.autoconfigure.webservices.client.MockWebServiceServerTestExecutionListener, org.springframework.test.context.web.ServletTestExecutionListener, org.springframework.test.context.support.DirtiesContextBeforeModesTestExecutionListener, org.springframework.test.context.event.ApplicationEventsTestExecutionListener, org.springframework.test.context.support.DependencyInjectionTestExecutionListener, org.springframework.test.context.support.DirtiesContextTestExecutionListener, org.springframework.test.context.transaction.TransactionalTestExecutionListener, org.springframework.test.context.jdbc.SqlScriptsTestExecutionListener, org.springframework.test.context.event.EventPublishingTestExecutionListener]
[INFO ] 22-02-2023 08:34:34.144 AM [main]  o.s.b.t.context.SpringBootTestContextBootstrapper - Using TestExecutionListeners: [org.springframework.test.context.web.ServletTestExecutionListener@674bd420, org.springframework.test.context.support.DirtiesContextBeforeModesTestExecutionListener@2b0f373b, org.springframework.test.context.event.ApplicationEventsTestExecutionListener@2ceb80a1, org.springframework.boot.test.mock.mockito.MockitoTestExecutionListener@4b45dcb8, org.springframework.boot.test.autoconfigure.SpringBootDependencyInjectionTestExecutionListener@7216fb24, org.springframework.test.context.support.DirtiesContextTestExecutionListener@2072acb2, org.springframework.test.context.transaction.TransactionalTestExecutionListener@50ecde95, org.springframework.test.context.jdbc.SqlScriptsTestExecutionListener@35a9782c, org.springframework.test.context.event.EventPublishingTestExecutionListener@70a36a66, org.springframework.boot.test.mock.mockito.ResetMocksTestExecutionListener@45815ffc, org.springframework.boot.test.autoconfigure.restdocs.RestDocsTestExecutionListener@732f29af, org.springframework.boot.test.autoconfigure.web.client.MockRestServiceServerResetTestExecutionListener@d3957fe, org.springframework.boot.test.autoconfigure.web.servlet.MockMvcPrintOnlyOnFailureTestExecutionListener@6622fc65, org.springframework.boot.test.autoconfigure.web.servlet.WebDriverTestExecutionListener@299321e2, org.springframework.boot.test.autoconfigure.webservices.client.MockWebServiceServerTestExecutionListener@23fb172e]
[INFO ] 22-02-2023 08:34:34.630 AM [main]  com.example.demo.service.EmployeeServiceTest - Starting EmployeeServiceTest using Java 17.0.2 on MacBook-Air-Evgenij.local with PID 52805 (started by johnskyi in /Users/johnskyi/IdeaProjects/demo)
[INFO ] 22-02-2023 08:34:34.633 AM [main]  com.example.demo.service.EmployeeServiceTest - No active profile set, falling back to 1 default profile: "default"
[INFO ] 22-02-2023 08:34:34.643 AM [background-preinit]  org.hibernate.validator.internal.util.Version - HV000001: Hibernate Validator 6.2.5.Final
[INFO ] 22-02-2023 08:34:35.727 AM [main]  o.s.d.r.config.RepositoryConfigurationDelegate - Bootstrapping Spring Data JPA repositories in DEFAULT mode.
[INFO ] 22-02-2023 08:34:35.801 AM [main]  o.s.d.r.config.RepositoryConfigurationDelegate - Finished Spring Data repository scanning in 64 ms. Found 2 JPA repository interfaces.
[INFO ] 22-02-2023 08:34:37.031 AM [main]  com.zaxxer.hikari.HikariDataSource - HikariPool-1 - Starting...
[INFO ] 22-02-2023 08:34:37.427 AM [main]  com.zaxxer.hikari.HikariDataSource - HikariPool-1 - Start completed.
[INFO ] 22-02-2023 08:34:37.788 AM [main]  liquibase.lockservice - Successfully acquired change log lock
[INFO ] 22-02-2023 08:34:38.416 AM [main]  liquibase.changelog - Reading from test.DATABASECHANGELOG
[INFO ] 22-02-2023 08:34:38.524 AM [main]  liquibase.lockservice - Successfully released change log lock
[INFO ] 22-02-2023 08:34:38.939 AM [main]  org.hibernate.Version - HHH000412: Hibernate ORM core version 5.6.14.Final
[INFO ] 22-02-2023 08:34:39.086 AM [main]  org.hibernate.annotations.common.Version - HCANN000001: Hibernate Commons Annotations {5.1.2.Final}
[INFO ] 22-02-2023 08:34:39.188 AM [main]  org.hibernate.dialect.Dialect - HHH000400: Using dialect: org.hibernate.dialect.MariaDB106Dialect
[INFO ] 22-02-2023 08:34:39.768 AM [main]  o.h.e.t.jta.platform.internal.JtaPlatformInitiator - HHH000490: Using JtaPlatform implementation: [org.hibernate.engine.transaction.jta.platform.internal.NoJtaPlatform]
[INFO ] 22-02-2023 08:34:39.774 AM [main]  o.s.orm.jpa.LocalContainerEntityManagerFactoryBean - Initialized JPA EntityManagerFactory for persistence unit 'default'
[WARN ] 22-02-2023 08:34:40.702 AM [main]  o.s.b.a.o.j.JpaBaseConfiguration$JpaWebConfiguration - spring.jpa.open-in-view is enabled by default. Therefore, database queries may be performed during view rendering. Explicitly configure spring.jpa.open-in-view to disable this warning
[INFO ] 22-02-2023 08:34:41.398 AM [main]  com.example.demo.service.EmployeeServiceTest - Started EmployeeServiceTest in 7.209 seconds (JVM running for 8.652)
[INFO ] 22-02-2023 08:34:41.966 AM [main]  com.example.demo.service.EmployeeService - Employee SecondName was created
[INFO ] 22-02-2023 08:34:42.031 AM [main]  com.example.demo.service.EmployeeService - Employee with id 67 was deleted
[INFO ] 22-02-2023 08:34:42.138 AM [main]  com.example.demo.service.EmployeeService - Employee SecondName was created
[INFO ] 22-02-2023 08:34:42.282 AM [main]  com.example.demo.service.EmployeeService - Employee SecondName was created
[INFO ] 22-02-2023 08:34:42.328 AM [main]  com.example.demo.service.EmployeeService - Employee SecondName was created
[INFO ] 22-02-2023 08:34:42.360 AM [main]  com.example.demo.service.EmployeeService - Employee SecondName was updated
[INFO ] 22-02-2023 08:34:42.385 AM [main]  o.s.b.t.context.SpringBootTestContextBootstrapper - Neither @ContextConfiguration nor @ContextHierarchy found for test class [com.example.demo.validation.ValidationTest], using SpringBootContextLoader
[INFO ] 22-02-2023 08:34:42.386 AM [main]  o.s.test.context.support.AbstractContextLoader - Could not detect default resource locations for test class [com.example.demo.validation.ValidationTest]: no resource found for suffixes {-context.xml, Context.groovy}.
[INFO ] 22-02-2023 08:34:42.387 AM [main]  o.s.t.c.support.AnnotationConfigContextLoaderUtils - Could not detect default configuration classes for test class [com.example.demo.validation.ValidationTest]: ValidationTest does not declare any static, non-private, non-final, nested classes annotated with @Configuration.
[INFO ] 22-02-2023 08:34:42.408 AM [main]  o.s.b.t.context.SpringBootTestContextBootstrapper - Found @SpringBootConfiguration com.example.demo.DemoApplication for test class com.example.demo.validation.ValidationTest
[INFO ] 22-02-2023 08:34:42.416 AM [main]  o.s.b.t.context.SpringBootTestContextBootstrapper - Loaded default TestExecutionListener class names from location [META-INF/spring.factories]: [org.springframework.boot.test.mock.mockito.MockitoTestExecutionListener, org.springframework.boot.test.mock.mockito.ResetMocksTestExecutionListener, org.springframework.boot.test.autoconfigure.restdocs.RestDocsTestExecutionListener, org.springframework.boot.test.autoconfigure.web.client.MockRestServiceServerResetTestExecutionListener, org.springframework.boot.test.autoconfigure.web.servlet.MockMvcPrintOnlyOnFailureTestExecutionListener, org.springframework.boot.test.autoconfigure.web.servlet.WebDriverTestExecutionListener, org.springframework.boot.test.autoconfigure.webservices.client.MockWebServiceServerTestExecutionListener, org.springframework.test.context.web.ServletTestExecutionListener, org.springframework.test.context.support.DirtiesContextBeforeModesTestExecutionListener, org.springframework.test.context.event.ApplicationEventsTestExecutionListener, org.springframework.test.context.support.DependencyInjectionTestExecutionListener, org.springframework.test.context.support.DirtiesContextTestExecutionListener, org.springframework.test.context.transaction.TransactionalTestExecutionListener, org.springframework.test.context.jdbc.SqlScriptsTestExecutionListener, org.springframework.test.context.event.EventPublishingTestExecutionListener]
[INFO ] 22-02-2023 08:34:42.416 AM [main]  o.s.b.t.context.SpringBootTestContextBootstrapper - Using TestExecutionListeners: [org.springframework.test.context.web.ServletTestExecutionListener@4c020e58, org.springframework.test.context.support.DirtiesContextBeforeModesTestExecutionListener@67887bf2, org.springframework.test.context.event.ApplicationEventsTestExecutionListener@3ce2c454, org.springframework.boot.test.mock.mockito.MockitoTestExecutionListener@6f65b61d, org.springframework.boot.test.autoconfigure.SpringBootDependencyInjectionTestExecutionListener@33c91567, org.springframework.test.context.support.DirtiesContextTestExecutionListener@17baaf07, org.springframework.test.context.transaction.TransactionalTestExecutionListener@3d5009c0, org.springframework.test.context.jdbc.SqlScriptsTestExecutionListener@7f478529, org.springframework.test.context.event.EventPublishingTestExecutionListener@45ed58b, org.springframework.boot.test.mock.mockito.ResetMocksTestExecutionListener@465e9090, org.springframework.boot.test.autoconfigure.restdocs.RestDocsTestExecutionListener@7bfd8f92, org.springframework.boot.test.autoconfigure.web.client.MockRestServiceServerResetTestExecutionListener@38503309, org.springframework.boot.test.autoconfigure.web.servlet.MockMvcPrintOnlyOnFailureTestExecutionListener@4ad04b05, org.springframework.boot.test.autoconfigure.web.servlet.WebDriverTestExecutionListener@78b888df, org.springframework.boot.test.autoconfigure.webservices.client.MockWebServiceServerTestExecutionListener@6f2e0945]
[INFO ] 22-02-2023 08:34:42.937 AM [main]  o.s.b.t.context.SpringBootTestContextBootstrapper - Neither @ContextConfiguration nor @ContextHierarchy found for test class [com.example.demo.DemoApplicationTests], using SpringBootContextLoader
[INFO ] 22-02-2023 08:34:42.941 AM [main]  o.s.test.context.support.AbstractContextLoader - Could not detect default resource locations for test class [com.example.demo.DemoApplicationTests]: no resource found for suffixes {-context.xml, Context.groovy}.
[INFO ] 22-02-2023 08:34:42.942 AM [main]  o.s.t.c.support.AnnotationConfigContextLoaderUtils - Could not detect default configuration classes for test class [com.example.demo.DemoApplicationTests]: DemoApplicationTests does not declare any static, non-private, non-final, nested classes annotated with @Configuration.
[INFO ] 22-02-2023 08:34:42.958 AM [main]  o.s.b.t.context.SpringBootTestContextBootstrapper - Found @SpringBootConfiguration com.example.demo.DemoApplication for test class com.example.demo.DemoApplicationTests
[INFO ] 22-02-2023 08:34:42.965 AM [main]  o.s.b.t.context.SpringBootTestContextBootstrapper - Loaded default TestExecutionListener class names from location [META-INF/spring.factories]: [org.springframework.boot.test.mock.mockito.MockitoTestExecutionListener, org.springframework.boot.test.mock.mockito.ResetMocksTestExecutionListener, org.springframework.boot.test.autoconfigure.restdocs.RestDocsTestExecutionListener, org.springframework.boot.test.autoconfigure.web.client.MockRestServiceServerResetTestExecutionListener, org.springframework.boot.test.autoconfigure.web.servlet.MockMvcPrintOnlyOnFailureTestExecutionListener, org.springframework.boot.test.autoconfigure.web.servlet.WebDriverTestExecutionListener, org.springframework.boot.test.autoconfigure.webservices.client.MockWebServiceServerTestExecutionListener, org.springframework.test.context.web.ServletTestExecutionListener, org.springframework.test.context.support.DirtiesContextBeforeModesTestExecutionListener, org.springframework.test.context.event.ApplicationEventsTestExecutionListener, org.springframework.test.context.support.DependencyInjectionTestExecutionListener, org.springframework.test.context.support.DirtiesContextTestExecutionListener, org.springframework.test.context.transaction.TransactionalTestExecutionListener, org.springframework.test.context.jdbc.SqlScriptsTestExecutionListener, org.springframework.test.context.event.EventPublishingTestExecutionListener]
[INFO ] 22-02-2023 08:34:42.965 AM [main]  o.s.b.t.context.SpringBootTestContextBootstrapper - Using TestExecutionListeners: [org.springframework.test.context.web.ServletTestExecutionListener@1ef585bb, org.springframework.test.context.support.DirtiesContextBeforeModesTestExecutionListener@4caca86d, org.springframework.test.context.event.ApplicationEventsTestExecutionListener@4bf2c697, org.springframework.boot.test.mock.mockito.MockitoTestExecutionListener@16a3d9a7, org.springframework.boot.test.autoconfigure.SpringBootDependencyInjectionTestExecutionListener@24c94e95, org.springframework.test.context.support.DirtiesContextTestExecutionListener@d8f65a1, org.springframework.test.context.transaction.TransactionalTestExecutionListener@5014ccf9, org.springframework.test.context.jdbc.SqlScriptsTestExecutionListener@58f259bd, org.springframework.test.context.event.EventPublishingTestExecutionListener@362109d0, org.springframework.boot.test.mock.mockito.ResetMocksTestExecutionListener@4075c0d8, org.springframework.boot.test.autoconfigure.restdocs.RestDocsTestExecutionListener@3670af2b, org.springframework.boot.test.autoconfigure.web.client.MockRestServiceServerResetTestExecutionListener@7c8537e9, org.springframework.boot.test.autoconfigure.web.servlet.MockMvcPrintOnlyOnFailureTestExecutionListener@42d4de20, org.springframework.boot.test.autoconfigure.web.servlet.WebDriverTestExecutionListener@2cc9a5a2, org.springframework.boot.test.autoconfigure.webservices.client.MockWebServiceServerTestExecutionListener@1ff35ee7]
[INFO ] 22-02-2023 08:34:43.001 AM [SpringApplicationShutdownHook]  o.s.orm.jpa.LocalContainerEntityManagerFactoryBean - Closing JPA EntityManagerFactory for persistence unit 'default'
[INFO ] 22-02-2023 08:34:43.003 AM [SpringApplicationShutdownHook]  com.zaxxer.hikari.HikariDataSource - HikariPool-1 - Shutdown initiated...
[INFO ] 22-02-2023 08:34:43.030 AM [SpringApplicationShutdownHook]  com.zaxxer.hikari.HikariDataSource - HikariPool-1 - Shutdown completed.
[INFO ] 22-02-2023 08:34:55.840 AM [main]  o.s.b.t.context.SpringBootTestContextBootstrapper - Neither @ContextConfiguration nor @ContextHierarchy found for test class [com.example.demo.service.EmployeeFilterTest], using SpringBootContextLoader
[INFO ] 22-02-2023 08:34:55.845 AM [main]  o.s.test.context.support.AbstractContextLoader - Could not detect default resource locations for test class [com.example.demo.service.EmployeeFilterTest]: no resource found for suffixes {-context.xml, Context.groovy}.
[INFO ] 22-02-2023 08:34:55.845 AM [main]  o.s.t.c.support.AnnotationConfigContextLoaderUtils - Could not detect default configuration classes for test class [com.example.demo.service.EmployeeFilterTest]: EmployeeFilterTest does not declare any static, non-private, non-final, nested classes annotated with @Configuration.
[INFO ] 22-02-2023 08:34:55.910 AM [main]  o.s.b.t.context.SpringBootTestContextBootstrapper - Found @SpringBootConfiguration com.example.demo.DemoApplication for test class com.example.demo.service.EmployeeFilterTest
[INFO ] 22-02-2023 08:34:55.981 AM [main]  o.s.b.t.context.SpringBootTestContextBootstrapper - Loaded default TestExecutionListener class names from location [META-INF/spring.factories]: [org.springframework.boot.test.mock.mockito.MockitoTestExecutionListener, org.springframework.boot.test.mock.mockito.ResetMocksTestExecutionListener, org.springframework.boot.test.autoconfigure.restdocs.RestDocsTestExecutionListener, org.springframework.boot.test.autoconfigure.web.client.MockRestServiceServerResetTestExecutionListener, org.springframework.boot.test.autoconfigure.web.servlet.MockMvcPrintOnlyOnFailureTestExecutionListener, org.springframework.boot.test.autoconfigure.web.servlet.WebDriverTestExecutionListener, org.springframework.boot.test.autoconfigure.webservices.client.MockWebServiceServerTestExecutionListener, org.springframework.test.context.web.ServletTestExecutionListener, org.springframework.test.context.support.DirtiesContextBeforeModesTestExecutionListener, org.springframework.test.context.event.ApplicationEventsTestExecutionListener, org.springframework.test.context.support.DependencyInjectionTestExecutionListener, org.springframework.test.context.support.DirtiesContextTestExecutionListener, org.springframework.test.context.transaction.TransactionalTestExecutionListener, org.springframework.test.context.jdbc.SqlScriptsTestExecutionListener, org.springframework.test.context.event.EventPublishingTestExecutionListener]
[INFO ] 22-02-2023 08:34:55.990 AM [main]  o.s.b.t.context.SpringBootTestContextBootstrapper - Using TestExecutionListeners: [org.springframework.test.context.web.ServletTestExecutionListener@3f23a3a0, org.springframework.test.context.support.DirtiesContextBeforeModesTestExecutionListener@5ab14cb9, org.springframework.test.context.event.ApplicationEventsTestExecutionListener@5fb97279, org.springframework.boot.test.mock.mockito.MockitoTestExecutionListener@439a8f59, org.springframework.boot.test.autoconfigure.SpringBootDependencyInjectionTestExecutionListener@61861a29, org.springframework.test.context.support.DirtiesContextTestExecutionListener@31024624, org.springframework.test.context.transaction.TransactionalTestExecutionListener@25bcd0c7, org.springframework.test.context.jdbc.SqlScriptsTestExecutionListener@32cb636e, org.springframework.test.context.event.EventPublishingTestExecutionListener@63cd604c, org.springframework.boot.test.mock.mockito.ResetMocksTestExecutionListener@40dd3977, org.springframework.boot.test.autoconfigure.restdocs.RestDocsTestExecutionListener@3a4e343, org.springframework.boot.test.autoconfigure.web.client.MockRestServiceServerResetTestExecutionListener@6a1d204a, org.springframework.boot.test.autoconfigure.web.servlet.MockMvcPrintOnlyOnFailureTestExecutionListener@62dae245, org.springframework.boot.test.autoconfigure.web.servlet.WebDriverTestExecutionListener@4b6579e8, org.springframework.boot.test.autoconfigure.webservices.client.MockWebServiceServerTestExecutionListener@6fff253c, com.github.database.rider.spring.DBRiderTestExecutionListener@6c6357f9]
[INFO ] 22-02-2023 08:34:56.337 AM [main]  com.example.demo.service.EmployeeFilterTest - Starting EmployeeFilterTest using Java 11.0.17 on MacBook-Air-Evgenij.local with PID 53023 (started by johnskyi in /Users/johnskyi/IdeaProjects/demo)
[INFO ] 22-02-2023 08:34:56.337 AM [main]  com.example.demo.service.EmployeeFilterTest - No active profile set, falling back to 1 default profile: "default"
[INFO ] 22-02-2023 08:34:56.346 AM [background-preinit]  org.hibernate.validator.internal.util.Version - HV000001: Hibernate Validator 6.2.5.Final
[INFO ] 22-02-2023 08:34:56.655 AM [main]  o.s.d.r.config.RepositoryConfigurationDelegate - Bootstrapping Spring Data JPA repositories in DEFAULT mode.
[INFO ] 22-02-2023 08:34:56.683 AM [main]  o.s.d.r.config.RepositoryConfigurationDelegate - Finished Spring Data repository scanning in 24 ms. Found 2 JPA repository interfaces.
[INFO ] 22-02-2023 08:34:56.973 AM [main]  com.zaxxer.hikari.HikariDataSource - HikariPool-1 - Starting...
[INFO ] 22-02-2023 08:34:57.099 AM [main]  com.zaxxer.hikari.HikariDataSource - HikariPool-1 - Start completed.
[INFO ] 22-02-2023 08:34:57.266 AM [main]  liquibase.lockservice - Successfully acquired change log lock
[INFO ] 22-02-2023 08:34:57.471 AM [main]  liquibase.changelog - Reading from test.DATABASECHANGELOG
[INFO ] 22-02-2023 08:34:57.519 AM [main]  liquibase.lockservice - Successfully released change log lock
[INFO ] 22-02-2023 08:34:57.602 AM [main]  org.hibernate.Version - HHH000412: Hibernate ORM core version 5.6.14.Final
[INFO ] 22-02-2023 08:34:57.690 AM [main]  org.hibernate.annotations.common.Version - HCANN000001: Hibernate Commons Annotations {5.1.2.Final}
[INFO ] 22-02-2023 08:34:57.756 AM [main]  org.hibernate.dialect.Dialect - HHH000400: Using dialect: org.hibernate.dialect.MariaDB106Dialect
[INFO ] 22-02-2023 08:34:58.058 AM [main]  o.h.e.t.jta.platform.internal.JtaPlatformInitiator - HHH000490: Using JtaPlatform implementation: [org.hibernate.engine.transaction.jta.platform.internal.NoJtaPlatform]
[INFO ] 22-02-2023 08:34:58.062 AM [main]  o.s.orm.jpa.LocalContainerEntityManagerFactoryBean - Initialized JPA EntityManagerFactory for persistence unit 'default'
[WARN ] 22-02-2023 08:34:58.401 AM [main]  o.s.b.a.o.j.JpaBaseConfiguration$JpaWebConfiguration - spring.jpa.open-in-view is enabled by default. Therefore, database queries may be performed during view rendering. Explicitly configure spring.jpa.open-in-view to disable this warning
[INFO ] 22-02-2023 08:34:58.682 AM [main]  com.example.demo.service.EmployeeFilterTest - Started EmployeeFilterTest in 2.672 seconds (JVM running for 3.36)
[INFO ] 22-02-2023 08:34:58.755 AM [main]  org.dbunit.database.DatabaseConfig - The property ending with 'schema' was not found. Please notify a dbunit developer to add the property to the class org.dbunit.database.DatabaseConfig
[INFO ] 22-02-2023 08:34:58.755 AM [main]  org.dbunit.database.DatabaseConfig - The property ending with 'replacers' was not found. Please notify a dbunit developer to add the property to the class org.dbunit.database.DatabaseConfig
[INFO ] 22-02-2023 08:34:58.756 AM [main]  c.g.d.rider.core.dataset.DataSetExecutorImpl - DBUnit configuration for dataset executor 'default':cacheConnection: true
cacheTableNames: true
caseInsensitiveStrategy: UPPERCASE
columnSensing: false
leakHunter: false
mergeDataSets: false
mergingStrategy: METHOD
disableSequenceFiltering: false
alwaysCleanBefore: false
alwaysCleanAfter: false
raiseExceptionOnCleanUp: false
disablePKCheckFor: com.github.database.rider.core.configuration.DBUnitConfig@fb0d50c5
schema: 
tableType: [TABLE]
allowEmptyFields: false
fetchSize: 100
qualifiedTableNames: false
batchSize: 100
batchedStatements: false
caseSensitiveTableNames: false
replacers: [com.github.database.rider.core.replacers.DateTimeReplacer@1f4083ac, com.github.database.rider.core.replacers.UnixTimestampReplacer@3cb4f1a6, com.github.database.rider.core.replacers.NullReplacer@4e301795]

[INFO ] 22-02-2023 08:34:58.780 AM [main]  c.g.d.rider.core.dataset.DataSetExecutorImpl - Saving current dataset to /var/folders/vm/tlzdhy0572g5v5kfjd7b25w40000gn/T/dataset-log16860479579542553145.xml
[WARN ] 22-02-2023 08:34:58.783 AM [main]  o.springframework.test.context.TestContextManager - Caught exception while invoking 'beforeTestMethod' callback on TestExecutionListener [com.github.database.rider.spring.DBRiderTestExecutionListener@6c6357f9] for test method [void com.example.demo.service.EmployeeFilterTest.filterEmployee()] and test instance [com.example.demo.service.EmployeeFilterTest@18e7143f]
java.lang.RuntimeException: Could not create dataset for test 'filterEmployee'.
	at com.github.database.rider.core.RiderRunner.runBeforeTest(RiderRunner.java:46)
	at com.github.database.rider.spring.DBRiderTestExecutionListener.beforeTestMethod(DBRiderTestExecutionListener.java:24)
	at org.springframework.test.context.TestContextManager.beforeTestMethod(TestContextManager.java:293)
	at org.springframework.test.context.junit.jupiter.SpringExtension.beforeEach(SpringExtension.java:174)
	at org.junit.jupiter.engine.descriptor.TestMethodTestDescriptor.lambda$invokeBeforeEachCallbacks$2(TestMethodTestDescriptor.java:163)
	at org.junit.jupiter.engine.descriptor.TestMethodTestDescriptor.lambda$invokeBeforeMethodsOrCallbacksUntilExceptionOccurs$6(TestMethodTestDescriptor.java:199)
	at org.junit.platform.engine.support.hierarchical.ThrowableCollector.execute(ThrowableCollector.java:73)
	at org.junit.jupiter.engine.descriptor.TestMethodTestDescriptor.invokeBeforeMethodsOrCallbacksUntilExceptionOccurs(TestMethodTestDescriptor.java:199)
	at org.junit.jupiter.engine.descriptor.TestMethodTestDescriptor.invokeBeforeEachCallbacks(TestMethodTestDescriptor.java:162)
	at org.junit.jupiter.engine.descriptor.TestMethodTestDescriptor.execute(TestMethodTestDescriptor.java:129)
	at org.junit.jupiter.engine.descriptor.TestMethodTestDescriptor.execute(TestMethodTestDescriptor.java:66)
	at org.junit.platform.engine.support.hierarchical.NodeTestTask.lambda$executeRecursively$6(NodeTestTask.java:151)
	at org.junit.platform.engine.support.hierarchical.ThrowableCollector.execute(ThrowableCollector.java:73)
	at org.junit.platform.engine.support.hierarchical.NodeTestTask.lambda$executeRecursively$8(NodeTestTask.java:141)
	at org.junit.platform.engine.support.hierarchical.Node.around(Node.java:137)
	at org.junit.platform.engine.support.hierarchical.NodeTestTask.lambda$executeRecursively$9(NodeTestTask.java:139)
	at org.junit.platform.engine.support.hierarchical.ThrowableCollector.execute(ThrowableCollector.java:73)
	at org.junit.platform.engine.support.hierarchical.NodeTestTask.executeRecursively(NodeTestTask.java:138)
	at org.junit.platform.engine.support.hierarchical.NodeTestTask.execute(NodeTestTask.java:95)
	at java.base/java.util.ArrayList.forEach(ArrayList.java:1541)
	at org.junit.platform.engine.support.hierarchical.SameThreadHierarchicalTestExecutorService.invokeAll(SameThreadHierarchicalTestExecutorService.java:41)
	at org.junit.platform.engine.support.hierarchical.NodeTestTask.lambda$executeRecursively$6(NodeTestTask.java:155)
	at org.junit.platform.engine.support.hierarchical.ThrowableCollector.execute(ThrowableCollector.java:73)
	at org.junit.platform.engine.support.hierarchical.NodeTestTask.lambda$executeRecursively$8(NodeTestTask.java:141)
	at org.junit.platform.engine.support.hierarchical.Node.around(Node.java:137)
	at org.junit.platform.engine.support.hierarchical.NodeTestTask.lambda$executeRecursively$9(NodeTestTask.java:139)
	at org.junit.platform.engine.support.hierarchical.ThrowableCollector.execute(ThrowableCollector.java:73)
	at org.junit.platform.engine.support.hierarchical.NodeTestTask.executeRecursively(NodeTestTask.java:138)
	at org.junit.platform.engine.support.hierarchical.NodeTestTask.execute(NodeTestTask.java:95)
	at java.base/java.util.ArrayList.forEach(ArrayList.java:1541)
	at org.junit.platform.engine.support.hierarchical.SameThreadHierarchicalTestExecutorService.invokeAll(SameThreadHierarchicalTestExecutorService.java:41)
	at org.junit.platform.engine.support.hierarchical.NodeTestTask.lambda$executeRecursively$6(NodeTestTask.java:155)
	at org.junit.platform.engine.support.hierarchical.ThrowableCollector.execute(ThrowableCollector.java:73)
	at org.junit.platform.engine.support.hierarchical.NodeTestTask.lambda$executeRecursively$8(NodeTestTask.java:141)
	at org.junit.platform.engine.support.hierarchical.Node.around(Node.java:137)
	at org.junit.platform.engine.support.hierarchical.NodeTestTask.lambda$executeRecursively$9(NodeTestTask.java:139)
	at org.junit.platform.engine.support.hierarchical.ThrowableCollector.execute(ThrowableCollector.java:73)
	at org.junit.platform.engine.support.hierarchical.NodeTestTask.executeRecursively(NodeTestTask.java:138)
	at org.junit.platform.engine.support.hierarchical.NodeTestTask.execute(NodeTestTask.java:95)
	at org.junit.platform.engine.support.hierarchical.SameThreadHierarchicalTestExecutorService.submit(SameThreadHierarchicalTestExecutorService.java:35)
	at org.junit.platform.engine.support.hierarchical.HierarchicalTestExecutor.execute(HierarchicalTestExecutor.java:57)
	at org.junit.platform.engine.support.hierarchical.HierarchicalTestEngine.execute(HierarchicalTestEngine.java:54)
	at org.junit.platform.launcher.core.EngineExecutionOrchestrator.execute(EngineExecutionOrchestrator.java:107)
	at org.junit.platform.launcher.core.EngineExecutionOrchestrator.execute(EngineExecutionOrchestrator.java:88)
	at org.junit.platform.launcher.core.EngineExecutionOrchestrator.lambda$execute$0(EngineExecutionOrchestrator.java:54)
	at org.junit.platform.launcher.core.EngineExecutionOrchestrator.withInterceptedStreams(EngineExecutionOrchestrator.java:67)
	at org.junit.platform.launcher.core.EngineExecutionOrchestrator.execute(EngineExecutionOrchestrator.java:52)
	at org.junit.platform.launcher.core.DefaultLauncher.execute(DefaultLauncher.java:114)
	at org.junit.platform.launcher.core.DefaultLauncher.execute(DefaultLauncher.java:86)
	at org.junit.platform.launcher.core.DefaultLauncherSession$DelegatingLauncher.execute(DefaultLauncherSession.java:86)
	at org.junit.platform.launcher.core.SessionPerRequestLauncher.execute(SessionPerRequestLauncher.java:53)
	at com.intellij.junit5.JUnit5IdeaTestRunner.startRunnerWithArgs(JUnit5IdeaTestRunner.java:57)
	at com.intellij.rt.junit.IdeaTestRunner$Repeater$1.execute(IdeaTestRunner.java:38)
	at com.intellij.rt.execution.junit.TestsRepeater.repeat(TestsRepeater.java:11)
	at com.intellij.rt.junit.IdeaTestRunner$Repeater.startRunnerWithArgs(IdeaTestRunner.java:35)
	at com.intellij.rt.junit.JUnitStarter.prepareStreamsAndStart(JUnitStarter.java:235)
	at com.intellij.rt.junit.JUnitStarter.main(JUnitStarter.java:54)
Caused by: com.github.database.rider.core.exception.DataBaseSeedingException: Could not initialize dataset: datasets/employee.xml
	at com.github.database.rider.core.dataset.DataSetExecutorImpl.createDataSet(DataSetExecutorImpl.java:140)
	at com.github.database.rider.core.RiderRunner.runBeforeTest(RiderRunner.java:44)
	... 56 common frames omitted
Caused by: org.dbunit.dataset.DataSetException: Exception while searching the dependent tables.
	at com.github.database.rider.core.api.dataset.RiderSequenceFilter.sortTableNames(RiderSequenceFilter.java:72)
	at com.github.database.rider.core.api.dataset.RiderSequenceFilter.<init>(RiderSequenceFilter.java:34)
	at com.github.database.rider.core.dataset.DataSetExecutorImpl.performSequenceFiltering(DataSetExecutorImpl.java:321)
	at com.github.database.rider.core.dataset.DataSetExecutorImpl.createDataSet(DataSetExecutorImpl.java:127)
	... 57 common frames omitted
Caused by: org.dbunit.util.search.SearchException: org.dbunit.dataset.NoSuchTableException: The table 'EMPLOYEES' does not exist in schema 'null'
	at org.dbunit.database.search.AbstractMetaDataBasedSearchCallback.getNodes(AbstractMetaDataBasedSearchCallback.java:154)
	at org.dbunit.database.search.AbstractMetaDataBasedSearchCallback.getNodesFromImportedKeys(AbstractMetaDataBasedSearchCallback.java:99)
	at org.dbunit.database.search.ImportedKeysSearchCallback.getEdges(ImportedKeysSearchCallback.java:53)
	at org.dbunit.util.search.DepthFirstSearch.reverseSearch(DepthFirstSearch.java:264)
	at org.dbunit.util.search.DepthFirstSearch.search(DepthFirstSearch.java:148)
	at org.dbunit.util.search.DepthFirstSearch.search(DepthFirstSearch.java:104)
	at org.dbunit.database.search.TablesDependencyHelper.getDependentTables(TablesDependencyHelper.java:91)
	at org.dbunit.database.search.TablesDependencyHelper.getDependentTables(TablesDependencyHelper.java:72)
	at com.github.database.rider.core.api.dataset.RiderSequenceFilter.getDependencyInfo(RiderSequenceFilter.java:175)
	at com.github.database.rider.core.api.dataset.RiderSequenceFilter.sortTableNames(RiderSequenceFilter.java:68)
	... 60 common frames omitted
Caused by: org.dbunit.dataset.NoSuchTableException: The table 'EMPLOYEES' does not exist in schema 'null'
	at org.dbunit.database.search.AbstractMetaDataBasedSearchCallback.getNodes(AbstractMetaDataBasedSearchCallback.java:186)
	at org.dbunit.database.search.AbstractMetaDataBasedSearchCallback.getNodes(AbstractMetaDataBasedSearchCallback.java:149)
	... 69 common frames omitted
[INFO ] 22-02-2023 08:34:58.801 AM [SpringApplicationShutdownHook]  o.s.orm.jpa.LocalContainerEntityManagerFactoryBean - Closing JPA EntityManagerFactory for persistence unit 'default'
[INFO ] 22-02-2023 08:34:58.802 AM [SpringApplicationShutdownHook]  com.zaxxer.hikari.HikariDataSource - HikariPool-1 - Shutdown initiated...
[INFO ] 22-02-2023 08:34:58.831 AM [SpringApplicationShutdownHook]  com.zaxxer.hikari.HikariDataSource - HikariPool-1 - Shutdown completed.
[INFO ] 22-02-2023 08:39:27.766 AM [main]  o.s.b.t.context.SpringBootTestContextBootstrapper - Neither @ContextConfiguration nor @ContextHierarchy found for test class [com.example.demo.service.EmployeeFilterTest], using SpringBootContextLoader
[INFO ] 22-02-2023 08:39:27.770 AM [main]  o.s.test.context.support.AbstractContextLoader - Could not detect default resource locations for test class [com.example.demo.service.EmployeeFilterTest]: no resource found for suffixes {-context.xml, Context.groovy}.
[INFO ] 22-02-2023 08:39:27.770 AM [main]  o.s.t.c.support.AnnotationConfigContextLoaderUtils - Could not detect default configuration classes for test class [com.example.demo.service.EmployeeFilterTest]: EmployeeFilterTest does not declare any static, non-private, non-final, nested classes annotated with @Configuration.
[INFO ] 22-02-2023 08:39:27.841 AM [main]  o.s.b.t.context.SpringBootTestContextBootstrapper - Found @SpringBootConfiguration com.example.demo.DemoApplication for test class com.example.demo.service.EmployeeFilterTest
[INFO ] 22-02-2023 08:39:27.903 AM [main]  o.s.b.t.context.SpringBootTestContextBootstrapper - Loaded default TestExecutionListener class names from location [META-INF/spring.factories]: [org.springframework.boot.test.mock.mockito.MockitoTestExecutionListener, org.springframework.boot.test.mock.mockito.ResetMocksTestExecutionListener, org.springframework.boot.test.autoconfigure.restdocs.RestDocsTestExecutionListener, org.springframework.boot.test.autoconfigure.web.client.MockRestServiceServerResetTestExecutionListener, org.springframework.boot.test.autoconfigure.web.servlet.MockMvcPrintOnlyOnFailureTestExecutionListener, org.springframework.boot.test.autoconfigure.web.servlet.WebDriverTestExecutionListener, org.springframework.boot.test.autoconfigure.webservices.client.MockWebServiceServerTestExecutionListener, org.springframework.test.context.web.ServletTestExecutionListener, org.springframework.test.context.support.DirtiesContextBeforeModesTestExecutionListener, org.springframework.test.context.event.ApplicationEventsTestExecutionListener, org.springframework.test.context.support.DependencyInjectionTestExecutionListener, org.springframework.test.context.support.DirtiesContextTestExecutionListener, org.springframework.test.context.transaction.TransactionalTestExecutionListener, org.springframework.test.context.jdbc.SqlScriptsTestExecutionListener, org.springframework.test.context.event.EventPublishingTestExecutionListener]
[INFO ] 22-02-2023 08:39:27.913 AM [main]  o.s.b.t.context.SpringBootTestContextBootstrapper - Using TestExecutionListeners: [org.springframework.test.context.web.ServletTestExecutionListener@3f23a3a0, org.springframework.test.context.support.DirtiesContextBeforeModesTestExecutionListener@5ab14cb9, org.springframework.test.context.event.ApplicationEventsTestExecutionListener@5fb97279, org.springframework.boot.test.mock.mockito.MockitoTestExecutionListener@439a8f59, org.springframework.boot.test.autoconfigure.SpringBootDependencyInjectionTestExecutionListener@61861a29, org.springframework.test.context.support.DirtiesContextTestExecutionListener@31024624, org.springframework.test.context.transaction.TransactionalTestExecutionListener@25bcd0c7, org.springframework.test.context.jdbc.SqlScriptsTestExecutionListener@32cb636e, org.springframework.test.context.event.EventPublishingTestExecutionListener@63cd604c, org.springframework.boot.test.mock.mockito.ResetMocksTestExecutionListener@40dd3977, org.springframework.boot.test.autoconfigure.restdocs.RestDocsTestExecutionListener@3a4e343, org.springframework.boot.test.autoconfigure.web.client.MockRestServiceServerResetTestExecutionListener@6a1d204a, org.springframework.boot.test.autoconfigure.web.servlet.MockMvcPrintOnlyOnFailureTestExecutionListener@62dae245, org.springframework.boot.test.autoconfigure.web.servlet.WebDriverTestExecutionListener@4b6579e8, org.springframework.boot.test.autoconfigure.webservices.client.MockWebServiceServerTestExecutionListener@6fff253c, com.github.database.rider.spring.DBRiderTestExecutionListener@6c6357f9]
[INFO ] 22-02-2023 08:39:28.272 AM [main]  com.example.demo.service.EmployeeFilterTest - Starting EmployeeFilterTest using Java 11.0.17 on MacBook-Air-Evgenij.local with PID 55030 (started by johnskyi in /Users/johnskyi/IdeaProjects/demo)
[INFO ] 22-02-2023 08:39:28.272 AM [main]  com.example.demo.service.EmployeeFilterTest - No active profile set, falling back to 1 default profile: "default"
[INFO ] 22-02-2023 08:39:28.282 AM [background-preinit]  org.hibernate.validator.internal.util.Version - HV000001: Hibernate Validator 6.2.5.Final
[INFO ] 22-02-2023 08:39:28.605 AM [main]  o.s.d.r.config.RepositoryConfigurationDelegate - Bootstrapping Spring Data JPA repositories in DEFAULT mode.
[INFO ] 22-02-2023 08:39:28.636 AM [main]  o.s.d.r.config.RepositoryConfigurationDelegate - Finished Spring Data repository scanning in 24 ms. Found 2 JPA repository interfaces.
[INFO ] 22-02-2023 08:39:28.939 AM [main]  com.zaxxer.hikari.HikariDataSource - HikariPool-1 - Starting...
[INFO ] 22-02-2023 08:39:29.076 AM [main]  com.zaxxer.hikari.HikariDataSource - HikariPool-1 - Start completed.
[INFO ] 22-02-2023 08:39:29.689 AM [main]  liquibase.lockservice - Successfully acquired change log lock
[INFO ] 22-02-2023 08:39:29.900 AM [main]  liquibase.changelog - Reading from test.DATABASECHANGELOG
[INFO ] 22-02-2023 08:39:29.943 AM [main]  liquibase.lockservice - Successfully released change log lock
[INFO ] 22-02-2023 08:39:30.023 AM [main]  org.hibernate.Version - HHH000412: Hibernate ORM core version 5.6.14.Final
[INFO ] 22-02-2023 08:39:30.103 AM [main]  org.hibernate.annotations.common.Version - HCANN000001: Hibernate Commons Annotations {5.1.2.Final}
[INFO ] 22-02-2023 08:39:30.172 AM [main]  org.hibernate.dialect.Dialect - HHH000400: Using dialect: org.hibernate.dialect.MariaDB106Dialect
[INFO ] 22-02-2023 08:39:30.482 AM [main]  o.h.e.t.jta.platform.internal.JtaPlatformInitiator - HHH000490: Using JtaPlatform implementation: [org.hibernate.engine.transaction.jta.platform.internal.NoJtaPlatform]
[INFO ] 22-02-2023 08:39:30.485 AM [main]  o.s.orm.jpa.LocalContainerEntityManagerFactoryBean - Initialized JPA EntityManagerFactory for persistence unit 'default'
[WARN ] 22-02-2023 08:39:30.815 AM [main]  o.s.b.a.o.j.JpaBaseConfiguration$JpaWebConfiguration - spring.jpa.open-in-view is enabled by default. Therefore, database queries may be performed during view rendering. Explicitly configure spring.jpa.open-in-view to disable this warning
[INFO ] 22-02-2023 08:39:31.100 AM [main]  com.example.demo.service.EmployeeFilterTest - Started EmployeeFilterTest in 3.164 seconds (JVM running for 3.826)
[INFO ] 22-02-2023 08:39:31.175 AM [main]  org.dbunit.database.DatabaseConfig - The property ending with 'schema' was not found. Please notify a dbunit developer to add the property to the class org.dbunit.database.DatabaseConfig
[INFO ] 22-02-2023 08:39:31.176 AM [main]  org.dbunit.database.DatabaseConfig - The property ending with 'replacers' was not found. Please notify a dbunit developer to add the property to the class org.dbunit.database.DatabaseConfig
[INFO ] 22-02-2023 08:39:31.176 AM [main]  c.g.d.rider.core.dataset.DataSetExecutorImpl - DBUnit configuration for dataset executor 'default':cacheConnection: true
cacheTableNames: true
caseInsensitiveStrategy: UPPERCASE
columnSensing: false
leakHunter: false
mergeDataSets: false
mergingStrategy: METHOD
disableSequenceFiltering: false
alwaysCleanBefore: false
alwaysCleanAfter: false
raiseExceptionOnCleanUp: false
disablePKCheckFor: com.github.database.rider.core.configuration.DBUnitConfig@8ee6c38c
schema: 
tableType: [TABLE]
allowEmptyFields: false
fetchSize: 100
qualifiedTableNames: false
batchSize: 100
batchedStatements: false
caseSensitiveTableNames: false
replacers: [com.github.database.rider.core.replacers.DateTimeReplacer@4c32aa7e, com.github.database.rider.core.replacers.UnixTimestampReplacer@c11ec9b, com.github.database.rider.core.replacers.NullReplacer@fd8513b]

[INFO ] 22-02-2023 08:39:31.197 AM [main]  c.g.d.rider.core.dataset.DataSetExecutorImpl - Saving current dataset to /var/folders/vm/tlzdhy0572g5v5kfjd7b25w40000gn/T/dataset-log18395246942330304210.xml
[WARN ] 22-02-2023 08:39:31.200 AM [main]  o.springframework.test.context.TestContextManager - Caught exception while invoking 'beforeTestMethod' callback on TestExecutionListener [com.github.database.rider.spring.DBRiderTestExecutionListener@6c6357f9] for test method [void com.example.demo.service.EmployeeFilterTest.filterEmployee()] and test instance [com.example.demo.service.EmployeeFilterTest@18e7143f]
java.lang.RuntimeException: Could not create dataset for test 'filterEmployee'.
	at com.github.database.rider.core.RiderRunner.runBeforeTest(RiderRunner.java:46)
	at com.github.database.rider.spring.DBRiderTestExecutionListener.beforeTestMethod(DBRiderTestExecutionListener.java:24)
	at org.springframework.test.context.TestContextManager.beforeTestMethod(TestContextManager.java:293)
	at org.springframework.test.context.junit.jupiter.SpringExtension.beforeEach(SpringExtension.java:174)
	at org.junit.jupiter.engine.descriptor.TestMethodTestDescriptor.lambda$invokeBeforeEachCallbacks$2(TestMethodTestDescriptor.java:163)
	at org.junit.jupiter.engine.descriptor.TestMethodTestDescriptor.lambda$invokeBeforeMethodsOrCallbacksUntilExceptionOccurs$6(TestMethodTestDescriptor.java:199)
	at org.junit.platform.engine.support.hierarchical.ThrowableCollector.execute(ThrowableCollector.java:73)
	at org.junit.jupiter.engine.descriptor.TestMethodTestDescriptor.invokeBeforeMethodsOrCallbacksUntilExceptionOccurs(TestMethodTestDescriptor.java:199)
	at org.junit.jupiter.engine.descriptor.TestMethodTestDescriptor.invokeBeforeEachCallbacks(TestMethodTestDescriptor.java:162)
	at org.junit.jupiter.engine.descriptor.TestMethodTestDescriptor.execute(TestMethodTestDescriptor.java:129)
	at org.junit.jupiter.engine.descriptor.TestMethodTestDescriptor.execute(TestMethodTestDescriptor.java:66)
	at org.junit.platform.engine.support.hierarchical.NodeTestTask.lambda$executeRecursively$6(NodeTestTask.java:151)
	at org.junit.platform.engine.support.hierarchical.ThrowableCollector.execute(ThrowableCollector.java:73)
	at org.junit.platform.engine.support.hierarchical.NodeTestTask.lambda$executeRecursively$8(NodeTestTask.java:141)
	at org.junit.platform.engine.support.hierarchical.Node.around(Node.java:137)
	at org.junit.platform.engine.support.hierarchical.NodeTestTask.lambda$executeRecursively$9(NodeTestTask.java:139)
	at org.junit.platform.engine.support.hierarchical.ThrowableCollector.execute(ThrowableCollector.java:73)
	at org.junit.platform.engine.support.hierarchical.NodeTestTask.executeRecursively(NodeTestTask.java:138)
	at org.junit.platform.engine.support.hierarchical.NodeTestTask.execute(NodeTestTask.java:95)
	at java.base/java.util.ArrayList.forEach(ArrayList.java:1541)
	at org.junit.platform.engine.support.hierarchical.SameThreadHierarchicalTestExecutorService.invokeAll(SameThreadHierarchicalTestExecutorService.java:41)
	at org.junit.platform.engine.support.hierarchical.NodeTestTask.lambda$executeRecursively$6(NodeTestTask.java:155)
	at org.junit.platform.engine.support.hierarchical.ThrowableCollector.execute(ThrowableCollector.java:73)
	at org.junit.platform.engine.support.hierarchical.NodeTestTask.lambda$executeRecursively$8(NodeTestTask.java:141)
	at org.junit.platform.engine.support.hierarchical.Node.around(Node.java:137)
	at org.junit.platform.engine.support.hierarchical.NodeTestTask.lambda$executeRecursively$9(NodeTestTask.java:139)
	at org.junit.platform.engine.support.hierarchical.ThrowableCollector.execute(ThrowableCollector.java:73)
	at org.junit.platform.engine.support.hierarchical.NodeTestTask.executeRecursively(NodeTestTask.java:138)
	at org.junit.platform.engine.support.hierarchical.NodeTestTask.execute(NodeTestTask.java:95)
	at java.base/java.util.ArrayList.forEach(ArrayList.java:1541)
	at org.junit.platform.engine.support.hierarchical.SameThreadHierarchicalTestExecutorService.invokeAll(SameThreadHierarchicalTestExecutorService.java:41)
	at org.junit.platform.engine.support.hierarchical.NodeTestTask.lambda$executeRecursively$6(NodeTestTask.java:155)
	at org.junit.platform.engine.support.hierarchical.ThrowableCollector.execute(ThrowableCollector.java:73)
	at org.junit.platform.engine.support.hierarchical.NodeTestTask.lambda$executeRecursively$8(NodeTestTask.java:141)
	at org.junit.platform.engine.support.hierarchical.Node.around(Node.java:137)
	at org.junit.platform.engine.support.hierarchical.NodeTestTask.lambda$executeRecursively$9(NodeTestTask.java:139)
	at org.junit.platform.engine.support.hierarchical.ThrowableCollector.execute(ThrowableCollector.java:73)
	at org.junit.platform.engine.support.hierarchical.NodeTestTask.executeRecursively(NodeTestTask.java:138)
	at org.junit.platform.engine.support.hierarchical.NodeTestTask.execute(NodeTestTask.java:95)
	at org.junit.platform.engine.support.hierarchical.SameThreadHierarchicalTestExecutorService.submit(SameThreadHierarchicalTestExecutorService.java:35)
	at org.junit.platform.engine.support.hierarchical.HierarchicalTestExecutor.execute(HierarchicalTestExecutor.java:57)
	at org.junit.platform.engine.support.hierarchical.HierarchicalTestEngine.execute(HierarchicalTestEngine.java:54)
	at org.junit.platform.launcher.core.EngineExecutionOrchestrator.execute(EngineExecutionOrchestrator.java:107)
	at org.junit.platform.launcher.core.EngineExecutionOrchestrator.execute(EngineExecutionOrchestrator.java:88)
	at org.junit.platform.launcher.core.EngineExecutionOrchestrator.lambda$execute$0(EngineExecutionOrchestrator.java:54)
	at org.junit.platform.launcher.core.EngineExecutionOrchestrator.withInterceptedStreams(EngineExecutionOrchestrator.java:67)
	at org.junit.platform.launcher.core.EngineExecutionOrchestrator.execute(EngineExecutionOrchestrator.java:52)
	at org.junit.platform.launcher.core.DefaultLauncher.execute(DefaultLauncher.java:114)
	at org.junit.platform.launcher.core.DefaultLauncher.execute(DefaultLauncher.java:86)
	at org.junit.platform.launcher.core.DefaultLauncherSession$DelegatingLauncher.execute(DefaultLauncherSession.java:86)
	at org.junit.platform.launcher.core.SessionPerRequestLauncher.execute(SessionPerRequestLauncher.java:53)
	at com.intellij.junit5.JUnit5IdeaTestRunner.startRunnerWithArgs(JUnit5IdeaTestRunner.java:57)
	at com.intellij.rt.junit.IdeaTestRunner$Repeater$1.execute(IdeaTestRunner.java:38)
	at com.intellij.rt.execution.junit.TestsRepeater.repeat(TestsRepeater.java:11)
	at com.intellij.rt.junit.IdeaTestRunner$Repeater.startRunnerWithArgs(IdeaTestRunner.java:35)
	at com.intellij.rt.junit.JUnitStarter.prepareStreamsAndStart(JUnitStarter.java:235)
	at com.intellij.rt.junit.JUnitStarter.main(JUnitStarter.java:54)
Caused by: com.github.database.rider.core.exception.DataBaseSeedingException: Could not initialize dataset: datasets/employee.yml
	at com.github.database.rider.core.dataset.DataSetExecutorImpl.createDataSet(DataSetExecutorImpl.java:140)
	at com.github.database.rider.core.RiderRunner.runBeforeTest(RiderRunner.java:44)
	... 56 common frames omitted
Caused by: org.dbunit.dataset.DataSetException: Exception while searching the dependent tables.
	at com.github.database.rider.core.api.dataset.RiderSequenceFilter.sortTableNames(RiderSequenceFilter.java:72)
	at com.github.database.rider.core.api.dataset.RiderSequenceFilter.<init>(RiderSequenceFilter.java:34)
	at com.github.database.rider.core.dataset.DataSetExecutorImpl.performSequenceFiltering(DataSetExecutorImpl.java:321)
	at com.github.database.rider.core.dataset.DataSetExecutorImpl.createDataSet(DataSetExecutorImpl.java:127)
	... 57 common frames omitted
Caused by: org.dbunit.util.search.SearchException: org.dbunit.dataset.NoSuchTableException: The table 'EMPLOYEE' does not exist in schema 'null'
	at org.dbunit.database.search.AbstractMetaDataBasedSearchCallback.getNodes(AbstractMetaDataBasedSearchCallback.java:154)
	at org.dbunit.database.search.AbstractMetaDataBasedSearchCallback.getNodesFromImportedKeys(AbstractMetaDataBasedSearchCallback.java:99)
	at org.dbunit.database.search.ImportedKeysSearchCallback.getEdges(ImportedKeysSearchCallback.java:53)
	at org.dbunit.util.search.DepthFirstSearch.reverseSearch(DepthFirstSearch.java:264)
	at org.dbunit.util.search.DepthFirstSearch.search(DepthFirstSearch.java:148)
	at org.dbunit.util.search.DepthFirstSearch.search(DepthFirstSearch.java:104)
	at org.dbunit.database.search.TablesDependencyHelper.getDependentTables(TablesDependencyHelper.java:91)
	at org.dbunit.database.search.TablesDependencyHelper.getDependentTables(TablesDependencyHelper.java:72)
	at com.github.database.rider.core.api.dataset.RiderSequenceFilter.getDependencyInfo(RiderSequenceFilter.java:175)
	at com.github.database.rider.core.api.dataset.RiderSequenceFilter.sortTableNames(RiderSequenceFilter.java:68)
	... 60 common frames omitted
Caused by: org.dbunit.dataset.NoSuchTableException: The table 'EMPLOYEE' does not exist in schema 'null'
	at org.dbunit.database.search.AbstractMetaDataBasedSearchCallback.getNodes(AbstractMetaDataBasedSearchCallback.java:186)
	at org.dbunit.database.search.AbstractMetaDataBasedSearchCallback.getNodes(AbstractMetaDataBasedSearchCallback.java:149)
	... 69 common frames omitted
[INFO ] 22-02-2023 08:39:31.212 AM [SpringApplicationShutdownHook]  o.s.orm.jpa.LocalContainerEntityManagerFactoryBean - Closing JPA EntityManagerFactory for persistence unit 'default'
[INFO ] 22-02-2023 08:39:31.213 AM [SpringApplicationShutdownHook]  com.zaxxer.hikari.HikariDataSource - HikariPool-1 - Shutdown initiated...
[INFO ] 22-02-2023 08:39:31.237 AM [SpringApplicationShutdownHook]  com.zaxxer.hikari.HikariDataSource - HikariPool-1 - Shutdown completed.
[INFO ] 22-02-2023 08:51:31.935 AM [main]  o.s.b.t.context.SpringBootTestContextBootstrapper - Neither @ContextConfiguration nor @ContextHierarchy found for test class [com.example.demo.service.EmployeeFilterTest], using SpringBootContextLoader
[INFO ] 22-02-2023 08:51:31.942 AM [main]  o.s.test.context.support.AbstractContextLoader - Could not detect default resource locations for test class [com.example.demo.service.EmployeeFilterTest]: no resource found for suffixes {-context.xml, Context.groovy}.
[INFO ] 22-02-2023 08:51:31.942 AM [main]  o.s.t.c.support.AnnotationConfigContextLoaderUtils - Could not detect default configuration classes for test class [com.example.demo.service.EmployeeFilterTest]: EmployeeFilterTest does not declare any static, non-private, non-final, nested classes annotated with @Configuration.
[INFO ] 22-02-2023 08:51:32.103 AM [main]  o.s.b.t.context.SpringBootTestContextBootstrapper - Found @SpringBootConfiguration com.example.demo.DemoApplication for test class com.example.demo.service.EmployeeFilterTest
[INFO ] 22-02-2023 08:51:32.193 AM [main]  o.s.b.t.context.SpringBootTestContextBootstrapper - Loaded default TestExecutionListener class names from location [META-INF/spring.factories]: [org.springframework.boot.test.mock.mockito.MockitoTestExecutionListener, org.springframework.boot.test.mock.mockito.ResetMocksTestExecutionListener, org.springframework.boot.test.autoconfigure.restdocs.RestDocsTestExecutionListener, org.springframework.boot.test.autoconfigure.web.client.MockRestServiceServerResetTestExecutionListener, org.springframework.boot.test.autoconfigure.web.servlet.MockMvcPrintOnlyOnFailureTestExecutionListener, org.springframework.boot.test.autoconfigure.web.servlet.WebDriverTestExecutionListener, org.springframework.boot.test.autoconfigure.webservices.client.MockWebServiceServerTestExecutionListener, org.springframework.test.context.web.ServletTestExecutionListener, org.springframework.test.context.support.DirtiesContextBeforeModesTestExecutionListener, org.springframework.test.context.event.ApplicationEventsTestExecutionListener, org.springframework.test.context.support.DependencyInjectionTestExecutionListener, org.springframework.test.context.support.DirtiesContextTestExecutionListener, org.springframework.test.context.transaction.TransactionalTestExecutionListener, org.springframework.test.context.jdbc.SqlScriptsTestExecutionListener, org.springframework.test.context.event.EventPublishingTestExecutionListener]
[INFO ] 22-02-2023 08:51:32.208 AM [main]  o.s.b.t.context.SpringBootTestContextBootstrapper - Using TestExecutionListeners: [org.springframework.test.context.web.ServletTestExecutionListener@72c28d64, org.springframework.test.context.support.DirtiesContextBeforeModesTestExecutionListener@6492fab5, org.springframework.test.context.event.ApplicationEventsTestExecutionListener@2c5529ab, org.springframework.boot.test.mock.mockito.MockitoTestExecutionListener@39a8312f, org.springframework.boot.test.autoconfigure.SpringBootDependencyInjectionTestExecutionListener@5f6722d3, org.springframework.test.context.support.DirtiesContextTestExecutionListener@2c532cd8, org.springframework.test.context.transaction.TransactionalTestExecutionListener@294e5088, org.springframework.test.context.jdbc.SqlScriptsTestExecutionListener@51972dc7, org.springframework.test.context.event.EventPublishingTestExecutionListener@3700ec9c, org.springframework.boot.test.mock.mockito.ResetMocksTestExecutionListener@2002348, org.springframework.boot.test.autoconfigure.restdocs.RestDocsTestExecutionListener@5911e990, org.springframework.boot.test.autoconfigure.web.client.MockRestServiceServerResetTestExecutionListener@31000e60, org.springframework.boot.test.autoconfigure.web.servlet.MockMvcPrintOnlyOnFailureTestExecutionListener@1d470d0, org.springframework.boot.test.autoconfigure.web.servlet.WebDriverTestExecutionListener@24d09c1, org.springframework.boot.test.autoconfigure.webservices.client.MockWebServiceServerTestExecutionListener@54c62d71]
[INFO ] 22-02-2023 08:51:32.697 AM [main]  com.example.demo.service.EmployeeFilterTest - Starting EmployeeFilterTest using Java 17.0.2 on MacBook-Air-Evgenij.local with PID 60611 (started by johnskyi in /Users/johnskyi/IdeaProjects/demo)
[INFO ] 22-02-2023 08:51:32.704 AM [main]  com.example.demo.service.EmployeeFilterTest - No active profile set, falling back to 1 default profile: "default"
[INFO ] 22-02-2023 08:51:32.706 AM [background-preinit]  org.hibernate.validator.internal.util.Version - HV000001: Hibernate Validator 6.2.5.Final
[INFO ] 22-02-2023 08:51:33.879 AM [main]  o.s.d.r.config.RepositoryConfigurationDelegate - Bootstrapping Spring Data JPA repositories in DEFAULT mode.
[INFO ] 22-02-2023 08:51:33.952 AM [main]  o.s.d.r.config.RepositoryConfigurationDelegate - Finished Spring Data repository scanning in 63 ms. Found 2 JPA repository interfaces.
[INFO ] 22-02-2023 08:51:35.332 AM [main]  com.zaxxer.hikari.HikariDataSource - HikariPool-1 - Starting...
[INFO ] 22-02-2023 08:51:35.526 AM [main]  com.zaxxer.hikari.HikariDataSource - HikariPool-1 - Start completed.
[INFO ] 22-02-2023 08:51:35.914 AM [main]  liquibase.lockservice - Successfully acquired change log lock
[INFO ] 22-02-2023 08:51:36.476 AM [main]  liquibase.changelog - Reading from test.DATABASECHANGELOG
[INFO ] 22-02-2023 08:51:36.582 AM [main]  liquibase.lockservice - Successfully released change log lock
[INFO ] 22-02-2023 08:51:36.834 AM [main]  org.hibernate.Version - HHH000412: Hibernate ORM core version 5.6.14.Final
[INFO ] 22-02-2023 08:51:36.967 AM [main]  org.hibernate.annotations.common.Version - HCANN000001: Hibernate Commons Annotations {5.1.2.Final}
[INFO ] 22-02-2023 08:51:37.173 AM [main]  org.hibernate.dialect.Dialect - HHH000400: Using dialect: org.hibernate.dialect.MariaDB106Dialect
[INFO ] 22-02-2023 08:51:37.779 AM [main]  o.h.e.t.jta.platform.internal.JtaPlatformInitiator - HHH000490: Using JtaPlatform implementation: [org.hibernate.engine.transaction.jta.platform.internal.NoJtaPlatform]
[INFO ] 22-02-2023 08:51:37.784 AM [main]  o.s.orm.jpa.LocalContainerEntityManagerFactoryBean - Initialized JPA EntityManagerFactory for persistence unit 'default'
[WARN ] 22-02-2023 08:51:38.889 AM [main]  o.s.b.a.o.j.JpaBaseConfiguration$JpaWebConfiguration - spring.jpa.open-in-view is enabled by default. Therefore, database queries may be performed during view rendering. Explicitly configure spring.jpa.open-in-view to disable this warning
[INFO ] 22-02-2023 08:51:39.598 AM [main]  com.example.demo.service.EmployeeFilterTest - Started EmployeeFilterTest in 7.343 seconds (JVM running for 8.782)
[WARN ] 22-02-2023 08:51:40.047 AM [main]  org.mariadb.jdbc.message.server.ErrorPacket - Error: 1048-23000: Column 'employee_id' cannot be null
[WARN ] 22-02-2023 08:51:40.049 AM [main]  org.hibernate.engine.jdbc.spi.SqlExceptionHelper - SQL Error: 1048, SQLState: 23000
[ERROR] 22-02-2023 08:51:40.050 AM [main]  org.hibernate.engine.jdbc.spi.SqlExceptionHelper - (conn=805) Column 'employee_id' cannot be null
[INFO ] 22-02-2023 08:51:40.103 AM [main]  o.s.b.t.context.SpringBootTestContextBootstrapper - Neither @ContextConfiguration nor @ContextHierarchy found for test class [com.example.demo.service.EmployeeServiceTest], using SpringBootContextLoader
[INFO ] 22-02-2023 08:51:40.104 AM [main]  o.s.test.context.support.AbstractContextLoader - Could not detect default resource locations for test class [com.example.demo.service.EmployeeServiceTest]: no resource found for suffixes {-context.xml, Context.groovy}.
[INFO ] 22-02-2023 08:51:40.104 AM [main]  o.s.t.c.support.AnnotationConfigContextLoaderUtils - Could not detect default configuration classes for test class [com.example.demo.service.EmployeeServiceTest]: EmployeeServiceTest does not declare any static, non-private, non-final, nested classes annotated with @Configuration.
[INFO ] 22-02-2023 08:51:40.111 AM [main]  o.s.b.t.context.SpringBootTestContextBootstrapper - Found @SpringBootConfiguration com.example.demo.DemoApplication for test class com.example.demo.service.EmployeeServiceTest
[INFO ] 22-02-2023 08:51:40.115 AM [main]  o.s.b.t.context.SpringBootTestContextBootstrapper - Loaded default TestExecutionListener class names from location [META-INF/spring.factories]: [org.springframework.boot.test.mock.mockito.MockitoTestExecutionListener, org.springframework.boot.test.mock.mockito.ResetMocksTestExecutionListener, org.springframework.boot.test.autoconfigure.restdocs.RestDocsTestExecutionListener, org.springframework.boot.test.autoconfigure.web.client.MockRestServiceServerResetTestExecutionListener, org.springframework.boot.test.autoconfigure.web.servlet.MockMvcPrintOnlyOnFailureTestExecutionListener, org.springframework.boot.test.autoconfigure.web.servlet.WebDriverTestExecutionListener, org.springframework.boot.test.autoconfigure.webservices.client.MockWebServiceServerTestExecutionListener, org.springframework.test.context.web.ServletTestExecutionListener, org.springframework.test.context.support.DirtiesContextBeforeModesTestExecutionListener, org.springframework.test.context.event.ApplicationEventsTestExecutionListener, org.springframework.test.context.support.DependencyInjectionTestExecutionListener, org.springframework.test.context.support.DirtiesContextTestExecutionListener, org.springframework.test.context.transaction.TransactionalTestExecutionListener, org.springframework.test.context.jdbc.SqlScriptsTestExecutionListener, org.springframework.test.context.event.EventPublishingTestExecutionListener]
[INFO ] 22-02-2023 08:51:40.115 AM [main]  o.s.b.t.context.SpringBootTestContextBootstrapper - Using TestExecutionListeners: [org.springframework.test.context.web.ServletTestExecutionListener@28592982, org.springframework.test.context.support.DirtiesContextBeforeModesTestExecutionListener@caee26e, org.springframework.test.context.event.ApplicationEventsTestExecutionListener@a703934, org.springframework.boot.test.mock.mockito.MockitoTestExecutionListener@7df994ec, org.springframework.boot.test.autoconfigure.SpringBootDependencyInjectionTestExecutionListener@1c8da7e8, org.springframework.test.context.support.DirtiesContextTestExecutionListener@674b9b85, org.springframework.test.context.transaction.TransactionalTestExecutionListener@6c79a7c1, org.springframework.test.context.jdbc.SqlScriptsTestExecutionListener@5d160056, org.springframework.test.context.event.EventPublishingTestExecutionListener@2c555efb, org.springframework.boot.test.mock.mockito.ResetMocksTestExecutionListener@17796f47, org.springframework.boot.test.autoconfigure.restdocs.RestDocsTestExecutionListener@369f85c6, org.springframework.boot.test.autoconfigure.web.client.MockRestServiceServerResetTestExecutionListener@5b6637f3, org.springframework.boot.test.autoconfigure.web.servlet.MockMvcPrintOnlyOnFailureTestExecutionListener@5dc218e2, org.springframework.boot.test.autoconfigure.web.servlet.WebDriverTestExecutionListener@11d474a, org.springframework.boot.test.autoconfigure.webservices.client.MockWebServiceServerTestExecutionListener@4be6531a]
[INFO ] 22-02-2023 08:51:40.267 AM [main]  com.example.demo.service.EmployeeService - Employee SecondName was created
[INFO ] 22-02-2023 08:51:40.327 AM [main]  com.example.demo.service.EmployeeService - Employee with id 72 was deleted
[INFO ] 22-02-2023 08:51:40.433 AM [main]  com.example.demo.service.EmployeeService - Employee SecondName was created
[INFO ] 22-02-2023 08:51:40.612 AM [main]  com.example.demo.service.EmployeeService - Employee SecondName was created
[INFO ] 22-02-2023 08:51:40.672 AM [main]  com.example.demo.service.EmployeeService - Employee SecondName was created
[INFO ] 22-02-2023 08:51:40.710 AM [main]  com.example.demo.service.EmployeeService - Employee SecondName was updated
[INFO ] 22-02-2023 08:51:40.745 AM [main]  o.s.b.t.context.SpringBootTestContextBootstrapper - Neither @ContextConfiguration nor @ContextHierarchy found for test class [com.example.demo.validation.ValidationTest], using SpringBootContextLoader
[INFO ] 22-02-2023 08:51:40.746 AM [main]  o.s.test.context.support.AbstractContextLoader - Could not detect default resource locations for test class [com.example.demo.validation.ValidationTest]: no resource found for suffixes {-context.xml, Context.groovy}.
[INFO ] 22-02-2023 08:51:40.747 AM [main]  o.s.t.c.support.AnnotationConfigContextLoaderUtils - Could not detect default configuration classes for test class [com.example.demo.validation.ValidationTest]: ValidationTest does not declare any static, non-private, non-final, nested classes annotated with @Configuration.
[INFO ] 22-02-2023 08:51:40.765 AM [main]  o.s.b.t.context.SpringBootTestContextBootstrapper - Found @SpringBootConfiguration com.example.demo.DemoApplication for test class com.example.demo.validation.ValidationTest
[INFO ] 22-02-2023 08:51:40.768 AM [main]  o.s.b.t.context.SpringBootTestContextBootstrapper - Loaded default TestExecutionListener class names from location [META-INF/spring.factories]: [org.springframework.boot.test.mock.mockito.MockitoTestExecutionListener, org.springframework.boot.test.mock.mockito.ResetMocksTestExecutionListener, org.springframework.boot.test.autoconfigure.restdocs.RestDocsTestExecutionListener, org.springframework.boot.test.autoconfigure.web.client.MockRestServiceServerResetTestExecutionListener, org.springframework.boot.test.autoconfigure.web.servlet.MockMvcPrintOnlyOnFailureTestExecutionListener, org.springframework.boot.test.autoconfigure.web.servlet.WebDriverTestExecutionListener, org.springframework.boot.test.autoconfigure.webservices.client.MockWebServiceServerTestExecutionListener, org.springframework.test.context.web.ServletTestExecutionListener, org.springframework.test.context.support.DirtiesContextBeforeModesTestExecutionListener, org.springframework.test.context.event.ApplicationEventsTestExecutionListener, org.springframework.test.context.support.DependencyInjectionTestExecutionListener, org.springframework.test.context.support.DirtiesContextTestExecutionListener, org.springframework.test.context.transaction.TransactionalTestExecutionListener, org.springframework.test.context.jdbc.SqlScriptsTestExecutionListener, org.springframework.test.context.event.EventPublishingTestExecutionListener]
[INFO ] 22-02-2023 08:51:40.769 AM [main]  o.s.b.t.context.SpringBootTestContextBootstrapper - Using TestExecutionListeners: [org.springframework.test.context.web.ServletTestExecutionListener@4ce5013a, org.springframework.test.context.support.DirtiesContextBeforeModesTestExecutionListener@4c219c84, org.springframework.test.context.event.ApplicationEventsTestExecutionListener@2b01be54, org.springframework.boot.test.mock.mockito.MockitoTestExecutionListener@14997cb9, org.springframework.boot.test.autoconfigure.SpringBootDependencyInjectionTestExecutionListener@701153c1, org.springframework.test.context.support.DirtiesContextTestExecutionListener@301434fb, org.springframework.test.context.transaction.TransactionalTestExecutionListener@1641dfb3, org.springframework.test.context.jdbc.SqlScriptsTestExecutionListener@49620576, org.springframework.test.context.event.EventPublishingTestExecutionListener@3397c8c0, org.springframework.boot.test.mock.mockito.ResetMocksTestExecutionListener@22b581a5, org.springframework.boot.test.autoconfigure.restdocs.RestDocsTestExecutionListener@3a917e07, org.springframework.boot.test.autoconfigure.web.client.MockRestServiceServerResetTestExecutionListener@63019596, org.springframework.boot.test.autoconfigure.web.servlet.MockMvcPrintOnlyOnFailureTestExecutionListener@6edd80fe, org.springframework.boot.test.autoconfigure.web.servlet.WebDriverTestExecutionListener@60eb9c29, org.springframework.boot.test.autoconfigure.webservices.client.MockWebServiceServerTestExecutionListener@51bba775]
[INFO ] 22-02-2023 08:51:41.107 AM [main]  o.s.b.t.context.SpringBootTestContextBootstrapper - Neither @ContextConfiguration nor @ContextHierarchy found for test class [com.example.demo.DemoApplicationTests], using SpringBootContextLoader
[INFO ] 22-02-2023 08:51:41.110 AM [main]  o.s.test.context.support.AbstractContextLoader - Could not detect default resource locations for test class [com.example.demo.DemoApplicationTests]: no resource found for suffixes {-context.xml, Context.groovy}.
[INFO ] 22-02-2023 08:51:41.110 AM [main]  o.s.t.c.support.AnnotationConfigContextLoaderUtils - Could not detect default configuration classes for test class [com.example.demo.DemoApplicationTests]: DemoApplicationTests does not declare any static, non-private, non-final, nested classes annotated with @Configuration.
[INFO ] 22-02-2023 08:51:41.128 AM [main]  o.s.b.t.context.SpringBootTestContextBootstrapper - Found @SpringBootConfiguration com.example.demo.DemoApplication for test class com.example.demo.DemoApplicationTests
[INFO ] 22-02-2023 08:51:41.136 AM [main]  o.s.b.t.context.SpringBootTestContextBootstrapper - Loaded default TestExecutionListener class names from location [META-INF/spring.factories]: [org.springframework.boot.test.mock.mockito.MockitoTestExecutionListener, org.springframework.boot.test.mock.mockito.ResetMocksTestExecutionListener, org.springframework.boot.test.autoconfigure.restdocs.RestDocsTestExecutionListener, org.springframework.boot.test.autoconfigure.web.client.MockRestServiceServerResetTestExecutionListener, org.springframework.boot.test.autoconfigure.web.servlet.MockMvcPrintOnlyOnFailureTestExecutionListener, org.springframework.boot.test.autoconfigure.web.servlet.WebDriverTestExecutionListener, org.springframework.boot.test.autoconfigure.webservices.client.MockWebServiceServerTestExecutionListener, org.springframework.test.context.web.ServletTestExecutionListener, org.springframework.test.context.support.DirtiesContextBeforeModesTestExecutionListener, org.springframework.test.context.event.ApplicationEventsTestExecutionListener, org.springframework.test.context.support.DependencyInjectionTestExecutionListener, org.springframework.test.context.support.DirtiesContextTestExecutionListener, org.springframework.test.context.transaction.TransactionalTestExecutionListener, org.springframework.test.context.jdbc.SqlScriptsTestExecutionListener, org.springframework.test.context.event.EventPublishingTestExecutionListener]
[INFO ] 22-02-2023 08:51:41.137 AM [main]  o.s.b.t.context.SpringBootTestContextBootstrapper - Using TestExecutionListeners: [org.springframework.test.context.web.ServletTestExecutionListener@149bdb4e, org.springframework.test.context.support.DirtiesContextBeforeModesTestExecutionListener@1f5aac08, org.springframework.test.context.event.ApplicationEventsTestExecutionListener@3747877, org.springframework.boot.test.mock.mockito.MockitoTestExecutionListener@86abdbd, org.springframework.boot.test.autoconfigure.SpringBootDependencyInjectionTestExecutionListener@42e14655, org.springframework.test.context.support.DirtiesContextTestExecutionListener@81198ed, org.springframework.test.context.transaction.TransactionalTestExecutionListener@2806fe58, org.springframework.test.context.jdbc.SqlScriptsTestExecutionListener@755c29b0, org.springframework.test.context.event.EventPublishingTestExecutionListener@3dc70aa0, org.springframework.boot.test.mock.mockito.ResetMocksTestExecutionListener@39153b05, org.springframework.boot.test.autoconfigure.restdocs.RestDocsTestExecutionListener@26fee641, org.springframework.boot.test.autoconfigure.web.client.MockRestServiceServerResetTestExecutionListener@32fb4a87, org.springframework.boot.test.autoconfigure.web.servlet.MockMvcPrintOnlyOnFailureTestExecutionListener@37ecc472, org.springframework.boot.test.autoconfigure.web.servlet.WebDriverTestExecutionListener@27311c99, org.springframework.boot.test.autoconfigure.webservices.client.MockWebServiceServerTestExecutionListener@76ac3ad0]
[INFO ] 22-02-2023 08:51:41.187 AM [SpringApplicationShutdownHook]  o.s.orm.jpa.LocalContainerEntityManagerFactoryBean - Closing JPA EntityManagerFactory for persistence unit 'default'
[INFO ] 22-02-2023 08:51:41.192 AM [SpringApplicationShutdownHook]  com.zaxxer.hikari.HikariDataSource - HikariPool-1 - Shutdown initiated...
[INFO ] 22-02-2023 08:51:41.226 AM [SpringApplicationShutdownHook]  com.zaxxer.hikari.HikariDataSource - HikariPool-1 - Shutdown completed.
[INFO ] 22-02-2023 08:54:33.246 AM [main]  o.s.b.t.context.SpringBootTestContextBootstrapper - Neither @ContextConfiguration nor @ContextHierarchy found for test class [com.example.demo.service.EmployeeFilterTest], using SpringBootContextLoader
[INFO ] 22-02-2023 08:54:33.251 AM [main]  o.s.test.context.support.AbstractContextLoader - Could not detect default resource locations for test class [com.example.demo.service.EmployeeFilterTest]: no resource found for suffixes {-context.xml, Context.groovy}.
[INFO ] 22-02-2023 08:54:33.252 AM [main]  o.s.t.c.support.AnnotationConfigContextLoaderUtils - Could not detect default configuration classes for test class [com.example.demo.service.EmployeeFilterTest]: EmployeeFilterTest does not declare any static, non-private, non-final, nested classes annotated with @Configuration.
[INFO ] 22-02-2023 08:54:33.320 AM [main]  o.s.b.t.context.SpringBootTestContextBootstrapper - Found @SpringBootConfiguration com.example.demo.DemoApplication for test class com.example.demo.service.EmployeeFilterTest
[INFO ] 22-02-2023 08:54:33.377 AM [main]  o.s.b.t.context.SpringBootTestContextBootstrapper - Loaded default TestExecutionListener class names from location [META-INF/spring.factories]: [org.springframework.boot.test.mock.mockito.MockitoTestExecutionListener, org.springframework.boot.test.mock.mockito.ResetMocksTestExecutionListener, org.springframework.boot.test.autoconfigure.restdocs.RestDocsTestExecutionListener, org.springframework.boot.test.autoconfigure.web.client.MockRestServiceServerResetTestExecutionListener, org.springframework.boot.test.autoconfigure.web.servlet.MockMvcPrintOnlyOnFailureTestExecutionListener, org.springframework.boot.test.autoconfigure.web.servlet.WebDriverTestExecutionListener, org.springframework.boot.test.autoconfigure.webservices.client.MockWebServiceServerTestExecutionListener, org.springframework.test.context.web.ServletTestExecutionListener, org.springframework.test.context.support.DirtiesContextBeforeModesTestExecutionListener, org.springframework.test.context.event.ApplicationEventsTestExecutionListener, org.springframework.test.context.support.DependencyInjectionTestExecutionListener, org.springframework.test.context.support.DirtiesContextTestExecutionListener, org.springframework.test.context.transaction.TransactionalTestExecutionListener, org.springframework.test.context.jdbc.SqlScriptsTestExecutionListener, org.springframework.test.context.event.EventPublishingTestExecutionListener]
[INFO ] 22-02-2023 08:54:33.387 AM [main]  o.s.b.t.context.SpringBootTestContextBootstrapper - Using TestExecutionListeners: [org.springframework.test.context.web.ServletTestExecutionListener@5dbe30be, org.springframework.test.context.support.DirtiesContextBeforeModesTestExecutionListener@4fe89c24, org.springframework.test.context.event.ApplicationEventsTestExecutionListener@55795845, org.springframework.boot.test.mock.mockito.MockitoTestExecutionListener@3d08f3f5, org.springframework.boot.test.autoconfigure.SpringBootDependencyInjectionTestExecutionListener@119f1f2a, org.springframework.test.context.support.DirtiesContextTestExecutionListener@1a1da881, org.springframework.test.context.transaction.TransactionalTestExecutionListener@5b970f7, org.springframework.test.context.jdbc.SqlScriptsTestExecutionListener@7fd4acee, org.springframework.test.context.event.EventPublishingTestExecutionListener@165b8a71, org.springframework.boot.test.mock.mockito.ResetMocksTestExecutionListener@6175619b, org.springframework.boot.test.autoconfigure.restdocs.RestDocsTestExecutionListener@2f058b8a, org.springframework.boot.test.autoconfigure.web.client.MockRestServiceServerResetTestExecutionListener@756cf158, org.springframework.boot.test.autoconfigure.web.servlet.MockMvcPrintOnlyOnFailureTestExecutionListener@3f2ef586, org.springframework.boot.test.autoconfigure.web.servlet.WebDriverTestExecutionListener@751d3241, org.springframework.boot.test.autoconfigure.webservices.client.MockWebServiceServerTestExecutionListener@76c7beb3]
[INFO ] 22-02-2023 08:54:33.706 AM [main]  com.example.demo.service.EmployeeFilterTest - Starting EmployeeFilterTest using Java 11.0.17 on MacBook-Air-Evgenij.local with PID 62263 (started by johnskyi in /Users/johnskyi/IdeaProjects/demo)
[INFO ] 22-02-2023 08:54:33.706 AM [main]  com.example.demo.service.EmployeeFilterTest - No active profile set, falling back to 1 default profile: "default"
[INFO ] 22-02-2023 08:54:33.714 AM [background-preinit]  org.hibernate.validator.internal.util.Version - HV000001: Hibernate Validator 6.2.5.Final
[INFO ] 22-02-2023 08:54:34.048 AM [main]  o.s.d.r.config.RepositoryConfigurationDelegate - Bootstrapping Spring Data JPA repositories in DEFAULT mode.
[INFO ] 22-02-2023 08:54:34.076 AM [main]  o.s.d.r.config.RepositoryConfigurationDelegate - Finished Spring Data repository scanning in 23 ms. Found 2 JPA repository interfaces.
[INFO ] 22-02-2023 08:54:34.393 AM [main]  com.zaxxer.hikari.HikariDataSource - HikariPool-1 - Starting...
[INFO ] 22-02-2023 08:54:34.464 AM [main]  com.zaxxer.hikari.HikariDataSource - HikariPool-1 - Start completed.
[INFO ] 22-02-2023 08:54:34.656 AM [main]  liquibase.lockservice - Successfully acquired change log lock
[INFO ] 22-02-2023 08:54:34.902 AM [main]  liquibase.changelog - Reading from test.DATABASECHANGELOG
[INFO ] 22-02-2023 08:54:34.956 AM [main]  liquibase.lockservice - Successfully released change log lock
[INFO ] 22-02-2023 08:54:35.047 AM [main]  org.hibernate.Version - HHH000412: Hibernate ORM core version 5.6.14.Final
[INFO ] 22-02-2023 08:54:35.146 AM [main]  org.hibernate.annotations.common.Version - HCANN000001: Hibernate Commons Annotations {5.1.2.Final}
[INFO ] 22-02-2023 08:54:35.208 AM [main]  org.hibernate.dialect.Dialect - HHH000400: Using dialect: org.hibernate.dialect.MariaDB106Dialect
[INFO ] 22-02-2023 08:54:35.539 AM [main]  o.h.e.t.jta.platform.internal.JtaPlatformInitiator - HHH000490: Using JtaPlatform implementation: [org.hibernate.engine.transaction.jta.platform.internal.NoJtaPlatform]
[INFO ] 22-02-2023 08:54:35.543 AM [main]  o.s.orm.jpa.LocalContainerEntityManagerFactoryBean - Initialized JPA EntityManagerFactory for persistence unit 'default'
[WARN ] 22-02-2023 08:54:35.871 AM [main]  o.s.b.a.o.j.JpaBaseConfiguration$JpaWebConfiguration - spring.jpa.open-in-view is enabled by default. Therefore, database queries may be performed during view rendering. Explicitly configure spring.jpa.open-in-view to disable this warning
[INFO ] 22-02-2023 08:54:36.168 AM [main]  com.example.demo.service.EmployeeFilterTest - Started EmployeeFilterTest in 2.759 seconds (JVM running for 3.424)
[INFO ] 22-02-2023 08:54:36.418 AM [main]  com.example.demo.service.EmployeeService - Employee  was created
[INFO ] 22-02-2023 08:54:36.464 AM [SpringApplicationShutdownHook]  o.s.orm.jpa.LocalContainerEntityManagerFactoryBean - Closing JPA EntityManagerFactory for persistence unit 'default'
[INFO ] 22-02-2023 08:54:36.465 AM [SpringApplicationShutdownHook]  com.zaxxer.hikari.HikariDataSource - HikariPool-1 - Shutdown initiated...
[INFO ] 22-02-2023 08:54:36.491 AM [SpringApplicationShutdownHook]  com.zaxxer.hikari.HikariDataSource - HikariPool-1 - Shutdown completed.
[INFO ] 22-02-2023 08:55:13.511 AM [main]  o.s.b.t.context.SpringBootTestContextBootstrapper - Neither @ContextConfiguration nor @ContextHierarchy found for test class [com.example.demo.service.EmployeeServiceTest], using SpringBootContextLoader
[INFO ] 22-02-2023 08:55:13.515 AM [main]  o.s.test.context.support.AbstractContextLoader - Could not detect default resource locations for test class [com.example.demo.service.EmployeeServiceTest]: no resource found for suffixes {-context.xml, Context.groovy}.
[INFO ] 22-02-2023 08:55:13.515 AM [main]  o.s.t.c.support.AnnotationConfigContextLoaderUtils - Could not detect default configuration classes for test class [com.example.demo.service.EmployeeServiceTest]: EmployeeServiceTest does not declare any static, non-private, non-final, nested classes annotated with @Configuration.
[INFO ] 22-02-2023 08:55:13.583 AM [main]  o.s.b.t.context.SpringBootTestContextBootstrapper - Found @SpringBootConfiguration com.example.demo.DemoApplication for test class com.example.demo.service.EmployeeServiceTest
[INFO ] 22-02-2023 08:55:13.637 AM [main]  o.s.b.t.context.SpringBootTestContextBootstrapper - Loaded default TestExecutionListener class names from location [META-INF/spring.factories]: [org.springframework.boot.test.mock.mockito.MockitoTestExecutionListener, org.springframework.boot.test.mock.mockito.ResetMocksTestExecutionListener, org.springframework.boot.test.autoconfigure.restdocs.RestDocsTestExecutionListener, org.springframework.boot.test.autoconfigure.web.client.MockRestServiceServerResetTestExecutionListener, org.springframework.boot.test.autoconfigure.web.servlet.MockMvcPrintOnlyOnFailureTestExecutionListener, org.springframework.boot.test.autoconfigure.web.servlet.WebDriverTestExecutionListener, org.springframework.boot.test.autoconfigure.webservices.client.MockWebServiceServerTestExecutionListener, org.springframework.test.context.web.ServletTestExecutionListener, org.springframework.test.context.support.DirtiesContextBeforeModesTestExecutionListener, org.springframework.test.context.event.ApplicationEventsTestExecutionListener, org.springframework.test.context.support.DependencyInjectionTestExecutionListener, org.springframework.test.context.support.DirtiesContextTestExecutionListener, org.springframework.test.context.transaction.TransactionalTestExecutionListener, org.springframework.test.context.jdbc.SqlScriptsTestExecutionListener, org.springframework.test.context.event.EventPublishingTestExecutionListener]
[INFO ] 22-02-2023 08:55:13.646 AM [main]  o.s.b.t.context.SpringBootTestContextBootstrapper - Using TestExecutionListeners: [org.springframework.test.context.web.ServletTestExecutionListener@756cf158, org.springframework.test.context.support.DirtiesContextBeforeModesTestExecutionListener@3f2ef586, org.springframework.test.context.event.ApplicationEventsTestExecutionListener@751d3241, org.springframework.boot.test.mock.mockito.MockitoTestExecutionListener@76c7beb3, org.springframework.boot.test.autoconfigure.SpringBootDependencyInjectionTestExecutionListener@64337702, org.springframework.test.context.support.DirtiesContextTestExecutionListener@2cf92cc7, org.springframework.test.context.transaction.TransactionalTestExecutionListener@30ea8c23, org.springframework.test.context.jdbc.SqlScriptsTestExecutionListener@7b139eab, org.springframework.test.context.event.EventPublishingTestExecutionListener@4e76dac, org.springframework.boot.test.mock.mockito.ResetMocksTestExecutionListener@611df6e3, org.springframework.boot.test.autoconfigure.restdocs.RestDocsTestExecutionListener@5f2f577, org.springframework.boot.test.autoconfigure.web.client.MockRestServiceServerResetTestExecutionListener@6273c5a4, org.springframework.boot.test.autoconfigure.web.servlet.MockMvcPrintOnlyOnFailureTestExecutionListener@5d465e4b, org.springframework.boot.test.autoconfigure.web.servlet.WebDriverTestExecutionListener@53e211ee, org.springframework.boot.test.autoconfigure.webservices.client.MockWebServiceServerTestExecutionListener@41a90fa8]
[INFO ] 22-02-2023 08:55:13.825 AM [main]  com.example.demo.service.EmployeeServiceTest - Starting EmployeeServiceTest using Java 11.0.17 on MacBook-Air-Evgenij.local with PID 62572 (started by johnskyi in /Users/johnskyi/IdeaProjects/demo)
[INFO ] 22-02-2023 08:55:13.825 AM [main]  com.example.demo.service.EmployeeServiceTest - No active profile set, falling back to 1 default profile: "default"
[INFO ] 22-02-2023 08:55:13.836 AM [background-preinit]  org.hibernate.validator.internal.util.Version - HV000001: Hibernate Validator 6.2.5.Final
[INFO ] 22-02-2023 08:55:14.157 AM [main]  o.s.d.r.config.RepositoryConfigurationDelegate - Bootstrapping Spring Data JPA repositories in DEFAULT mode.
[INFO ] 22-02-2023 08:55:14.187 AM [main]  o.s.d.r.config.RepositoryConfigurationDelegate - Finished Spring Data repository scanning in 25 ms. Found 2 JPA repository interfaces.
[INFO ] 22-02-2023 08:55:14.513 AM [main]  com.zaxxer.hikari.HikariDataSource - HikariPool-1 - Starting...
[INFO ] 22-02-2023 08:55:14.585 AM [main]  com.zaxxer.hikari.HikariDataSource - HikariPool-1 - Start completed.
[INFO ] 22-02-2023 08:55:14.762 AM [main]  liquibase.lockservice - Successfully acquired change log lock
[INFO ] 22-02-2023 08:55:15.006 AM [main]  liquibase.changelog - Reading from test.DATABASECHANGELOG
[INFO ] 22-02-2023 08:55:15.067 AM [main]  liquibase.lockservice - Successfully released change log lock
[INFO ] 22-02-2023 08:55:15.152 AM [main]  org.hibernate.Version - HHH000412: Hibernate ORM core version 5.6.14.Final
[INFO ] 22-02-2023 08:55:15.243 AM [main]  org.hibernate.annotations.common.Version - HCANN000001: Hibernate Commons Annotations {5.1.2.Final}
[INFO ] 22-02-2023 08:55:15.300 AM [main]  org.hibernate.dialect.Dialect - HHH000400: Using dialect: org.hibernate.dialect.MariaDB106Dialect
[INFO ] 22-02-2023 08:55:15.634 AM [main]  o.h.e.t.jta.platform.internal.JtaPlatformInitiator - HHH000490: Using JtaPlatform implementation: [org.hibernate.engine.transaction.jta.platform.internal.NoJtaPlatform]
[INFO ] 22-02-2023 08:55:15.638 AM [main]  o.s.orm.jpa.LocalContainerEntityManagerFactoryBean - Initialized JPA EntityManagerFactory for persistence unit 'default'
[WARN ] 22-02-2023 08:55:15.966 AM [main]  o.s.b.a.o.j.JpaBaseConfiguration$JpaWebConfiguration - spring.jpa.open-in-view is enabled by default. Therefore, database queries may be performed during view rendering. Explicitly configure spring.jpa.open-in-view to disable this warning
[INFO ] 22-02-2023 08:55:16.249 AM [main]  com.example.demo.service.EmployeeServiceTest - Started EmployeeServiceTest in 2.582 seconds (JVM running for 3.253)
[INFO ] 22-02-2023 08:55:16.371 AM [main]  com.example.demo.service.EmployeeService - Employee SecondName was created
[INFO ] 22-02-2023 08:55:16.452 AM [SpringApplicationShutdownHook]  o.s.orm.jpa.LocalContainerEntityManagerFactoryBean - Closing JPA EntityManagerFactory for persistence unit 'default'
[INFO ] 22-02-2023 08:55:16.453 AM [SpringApplicationShutdownHook]  com.zaxxer.hikari.HikariDataSource - HikariPool-1 - Shutdown initiated...
[INFO ] 22-02-2023 08:55:16.479 AM [SpringApplicationShutdownHook]  com.zaxxer.hikari.HikariDataSource - HikariPool-1 - Shutdown completed.
[INFO ] 22-02-2023 08:57:36.272 AM [main]  o.s.b.t.context.SpringBootTestContextBootstrapper - Neither @ContextConfiguration nor @ContextHierarchy found for test class [com.example.demo.service.EmployeeFilterTest], using SpringBootContextLoader
[INFO ] 22-02-2023 08:57:36.276 AM [main]  o.s.test.context.support.AbstractContextLoader - Could not detect default resource locations for test class [com.example.demo.service.EmployeeFilterTest]: no resource found for suffixes {-context.xml, Context.groovy}.
[INFO ] 22-02-2023 08:57:36.276 AM [main]  o.s.t.c.support.AnnotationConfigContextLoaderUtils - Could not detect default configuration classes for test class [com.example.demo.service.EmployeeFilterTest]: EmployeeFilterTest does not declare any static, non-private, non-final, nested classes annotated with @Configuration.
[INFO ] 22-02-2023 08:57:36.344 AM [main]  o.s.b.t.context.SpringBootTestContextBootstrapper - Found @SpringBootConfiguration com.example.demo.DemoApplication for test class com.example.demo.service.EmployeeFilterTest
[INFO ] 22-02-2023 08:57:36.404 AM [main]  o.s.b.t.context.SpringBootTestContextBootstrapper - Loaded default TestExecutionListener class names from location [META-INF/spring.factories]: [org.springframework.boot.test.mock.mockito.MockitoTestExecutionListener, org.springframework.boot.test.mock.mockito.ResetMocksTestExecutionListener, org.springframework.boot.test.autoconfigure.restdocs.RestDocsTestExecutionListener, org.springframework.boot.test.autoconfigure.web.client.MockRestServiceServerResetTestExecutionListener, org.springframework.boot.test.autoconfigure.web.servlet.MockMvcPrintOnlyOnFailureTestExecutionListener, org.springframework.boot.test.autoconfigure.web.servlet.WebDriverTestExecutionListener, org.springframework.boot.test.autoconfigure.webservices.client.MockWebServiceServerTestExecutionListener, org.springframework.test.context.web.ServletTestExecutionListener, org.springframework.test.context.support.DirtiesContextBeforeModesTestExecutionListener, org.springframework.test.context.event.ApplicationEventsTestExecutionListener, org.springframework.test.context.support.DependencyInjectionTestExecutionListener, org.springframework.test.context.support.DirtiesContextTestExecutionListener, org.springframework.test.context.transaction.TransactionalTestExecutionListener, org.springframework.test.context.jdbc.SqlScriptsTestExecutionListener, org.springframework.test.context.event.EventPublishingTestExecutionListener]
[INFO ] 22-02-2023 08:57:36.412 AM [main]  o.s.b.t.context.SpringBootTestContextBootstrapper - Using TestExecutionListeners: [org.springframework.test.context.web.ServletTestExecutionListener@3f2ef586, org.springframework.test.context.support.DirtiesContextBeforeModesTestExecutionListener@751d3241, org.springframework.test.context.event.ApplicationEventsTestExecutionListener@76c7beb3, org.springframework.boot.test.mock.mockito.MockitoTestExecutionListener@64337702, org.springframework.boot.test.autoconfigure.SpringBootDependencyInjectionTestExecutionListener@2cf92cc7, org.springframework.test.context.support.DirtiesContextTestExecutionListener@30ea8c23, org.springframework.test.context.transaction.TransactionalTestExecutionListener@7b139eab, org.springframework.test.context.jdbc.SqlScriptsTestExecutionListener@4e76dac, org.springframework.test.context.event.EventPublishingTestExecutionListener@611df6e3, org.springframework.boot.test.mock.mockito.ResetMocksTestExecutionListener@5f2f577, org.springframework.boot.test.autoconfigure.restdocs.RestDocsTestExecutionListener@6273c5a4, org.springframework.boot.test.autoconfigure.web.client.MockRestServiceServerResetTestExecutionListener@5d465e4b, org.springframework.boot.test.autoconfigure.web.servlet.MockMvcPrintOnlyOnFailureTestExecutionListener@53e211ee, org.springframework.boot.test.autoconfigure.web.servlet.WebDriverTestExecutionListener@41a90fa8, org.springframework.boot.test.autoconfigure.webservices.client.MockWebServiceServerTestExecutionListener@3d8bbcdc]
[INFO ] 22-02-2023 08:57:36.786 AM [main]  com.example.demo.service.EmployeeFilterTest - Starting EmployeeFilterTest using Java 11.0.17 on MacBook-Air-Evgenij.local with PID 63627 (started by johnskyi in /Users/johnskyi/IdeaProjects/demo)
[INFO ] 22-02-2023 08:57:36.787 AM [main]  com.example.demo.service.EmployeeFilterTest - The following 1 profile is active: "test"
[INFO ] 22-02-2023 08:57:36.799 AM [background-preinit]  org.hibernate.validator.internal.util.Version - HV000001: Hibernate Validator 6.2.5.Final
[INFO ] 22-02-2023 08:57:37.130 AM [main]  o.s.d.r.config.RepositoryConfigurationDelegate - Bootstrapping Spring Data JPA repositories in DEFAULT mode.
[INFO ] 22-02-2023 08:57:37.159 AM [main]  o.s.d.r.config.RepositoryConfigurationDelegate - Finished Spring Data repository scanning in 23 ms. Found 2 JPA repository interfaces.
[INFO ] 22-02-2023 08:57:37.458 AM [main]  com.zaxxer.hikari.HikariDataSource - HikariPool-1 - Starting...
[INFO ] 22-02-2023 08:57:37.586 AM [main]  com.zaxxer.hikari.HikariDataSource - HikariPool-1 - Start completed.
[INFO ] 22-02-2023 08:57:37.623 AM [main]  liquibase.database - Set default schema name to PUBLIC
[INFO ] 22-02-2023 08:57:37.795 AM [main]  liquibase.lockservice - Successfully acquired change log lock
[INFO ] 22-02-2023 08:57:37.955 AM [main]  liquibase.changelog - Creating database history table with name: PUBLIC.DATABASECHANGELOG
[INFO ] 22-02-2023 08:57:37.956 AM [main]  liquibase.changelog - Reading from PUBLIC.DATABASECHANGELOG
[INFO ] 22-02-2023 08:57:38.012 AM [main]  liquibase.changelog - Table employees created
[INFO ] 22-02-2023 08:57:38.013 AM [main]  liquibase.changelog - Table worths created
[INFO ] 22-02-2023 08:57:38.016 AM [main]  liquibase.changelog - Foreign key constraint added to worths (employee_id)
[INFO ] 22-02-2023 08:57:38.017 AM [main]  liquibase.changelog - ChangeSet db/changelog/changeset/table.xml::20230221.01-create-table::e.semin ran successfully in 9ms
[INFO ] 22-02-2023 08:57:38.020 AM [main]  liquibase.lockservice - Successfully released change log lock
[INFO ] 22-02-2023 08:57:38.101 AM [main]  org.hibernate.Version - HHH000412: Hibernate ORM core version 5.6.14.Final
[INFO ] 22-02-2023 08:57:38.203 AM [main]  org.hibernate.annotations.common.Version - HCANN000001: Hibernate Commons Annotations {5.1.2.Final}
[INFO ] 22-02-2023 08:57:38.261 AM [main]  org.hibernate.dialect.Dialect - HHH000400: Using dialect: org.hibernate.dialect.H2Dialect
[INFO ] 22-02-2023 08:57:38.574 AM [main]  o.h.e.t.jta.platform.internal.JtaPlatformInitiator - HHH000490: Using JtaPlatform implementation: [org.hibernate.engine.transaction.jta.platform.internal.NoJtaPlatform]
[INFO ] 22-02-2023 08:57:38.578 AM [main]  o.s.orm.jpa.LocalContainerEntityManagerFactoryBean - Initialized JPA EntityManagerFactory for persistence unit 'default'
[WARN ] 22-02-2023 08:57:38.918 AM [main]  o.s.b.a.o.j.JpaBaseConfiguration$JpaWebConfiguration - spring.jpa.open-in-view is enabled by default. Therefore, database queries may be performed during view rendering. Explicitly configure spring.jpa.open-in-view to disable this warning
[INFO ] 22-02-2023 08:57:39.059 AM [main]  o.s.b.autoconfigure.h2.H2ConsoleAutoConfiguration - H2 console available at '/h2-console'. Database available at 'jdbc:h2:mem:testdb'
[INFO ] 22-02-2023 08:57:39.200 AM [main]  com.example.demo.service.EmployeeFilterTest - Started EmployeeFilterTest in 2.768 seconds (JVM running for 3.426)
[INFO ] 22-02-2023 08:57:39.372 AM [main]  com.example.demo.service.EmployeeService - Employee  was created
[INFO ] 22-02-2023 08:57:39.408 AM [SpringApplicationShutdownHook]  o.s.orm.jpa.LocalContainerEntityManagerFactoryBean - Closing JPA EntityManagerFactory for persistence unit 'default'
[INFO ] 22-02-2023 08:57:39.410 AM [SpringApplicationShutdownHook]  com.zaxxer.hikari.HikariDataSource - HikariPool-1 - Shutdown initiated...
[INFO ] 22-02-2023 08:57:39.413 AM [SpringApplicationShutdownHook]  com.zaxxer.hikari.HikariDataSource - HikariPool-1 - Shutdown completed.
[INFO ] 22-02-2023 08:59:01.757 AM [main]  o.s.b.t.context.SpringBootTestContextBootstrapper - Neither @ContextConfiguration nor @ContextHierarchy found for test class [com.example.demo.service.EmployeeFilterTest], using SpringBootContextLoader
[INFO ] 22-02-2023 08:59:01.761 AM [main]  o.s.test.context.support.AbstractContextLoader - Could not detect default resource locations for test class [com.example.demo.service.EmployeeFilterTest]: no resource found for suffixes {-context.xml, Context.groovy}.
[INFO ] 22-02-2023 08:59:01.762 AM [main]  o.s.t.c.support.AnnotationConfigContextLoaderUtils - Could not detect default configuration classes for test class [com.example.demo.service.EmployeeFilterTest]: EmployeeFilterTest does not declare any static, non-private, non-final, nested classes annotated with @Configuration.
[INFO ] 22-02-2023 08:59:01.834 AM [main]  o.s.b.t.context.SpringBootTestContextBootstrapper - Found @SpringBootConfiguration com.example.demo.DemoApplication for test class com.example.demo.service.EmployeeFilterTest
[INFO ] 22-02-2023 08:59:01.888 AM [main]  o.s.b.t.context.SpringBootTestContextBootstrapper - Loaded default TestExecutionListener class names from location [META-INF/spring.factories]: [org.springframework.boot.test.mock.mockito.MockitoTestExecutionListener, org.springframework.boot.test.mock.mockito.ResetMocksTestExecutionListener, org.springframework.boot.test.autoconfigure.restdocs.RestDocsTestExecutionListener, org.springframework.boot.test.autoconfigure.web.client.MockRestServiceServerResetTestExecutionListener, org.springframework.boot.test.autoconfigure.web.servlet.MockMvcPrintOnlyOnFailureTestExecutionListener, org.springframework.boot.test.autoconfigure.web.servlet.WebDriverTestExecutionListener, org.springframework.boot.test.autoconfigure.webservices.client.MockWebServiceServerTestExecutionListener, org.springframework.test.context.web.ServletTestExecutionListener, org.springframework.test.context.support.DirtiesContextBeforeModesTestExecutionListener, org.springframework.test.context.event.ApplicationEventsTestExecutionListener, org.springframework.test.context.support.DependencyInjectionTestExecutionListener, org.springframework.test.context.support.DirtiesContextTestExecutionListener, org.springframework.test.context.transaction.TransactionalTestExecutionListener, org.springframework.test.context.jdbc.SqlScriptsTestExecutionListener, org.springframework.test.context.event.EventPublishingTestExecutionListener]
[INFO ] 22-02-2023 08:59:01.898 AM [main]  o.s.b.t.context.SpringBootTestContextBootstrapper - Using TestExecutionListeners: [org.springframework.test.context.web.ServletTestExecutionListener@5dbe30be, org.springframework.test.context.support.DirtiesContextBeforeModesTestExecutionListener@4fe89c24, org.springframework.test.context.event.ApplicationEventsTestExecutionListener@55795845, org.springframework.boot.test.mock.mockito.MockitoTestExecutionListener@3d08f3f5, org.springframework.boot.test.autoconfigure.SpringBootDependencyInjectionTestExecutionListener@119f1f2a, org.springframework.test.context.support.DirtiesContextTestExecutionListener@1a1da881, org.springframework.test.context.transaction.TransactionalTestExecutionListener@5b970f7, org.springframework.test.context.jdbc.SqlScriptsTestExecutionListener@7fd4acee, org.springframework.test.context.event.EventPublishingTestExecutionListener@165b8a71, org.springframework.boot.test.mock.mockito.ResetMocksTestExecutionListener@6175619b, org.springframework.boot.test.autoconfigure.restdocs.RestDocsTestExecutionListener@2f058b8a, org.springframework.boot.test.autoconfigure.web.client.MockRestServiceServerResetTestExecutionListener@756cf158, org.springframework.boot.test.autoconfigure.web.servlet.MockMvcPrintOnlyOnFailureTestExecutionListener@3f2ef586, org.springframework.boot.test.autoconfigure.web.servlet.WebDriverTestExecutionListener@751d3241, org.springframework.boot.test.autoconfigure.webservices.client.MockWebServiceServerTestExecutionListener@76c7beb3]
[INFO ] 22-02-2023 08:59:02.101 AM [main]  com.example.demo.service.EmployeeFilterTest - Starting EmployeeFilterTest using Java 11.0.17 on MacBook-Air-Evgenij.local with PID 64238 (started by johnskyi in /Users/johnskyi/IdeaProjects/demo)
[INFO ] 22-02-2023 08:59:02.103 AM [main]  com.example.demo.service.EmployeeFilterTest - No active profile set, falling back to 1 default profile: "default"
[INFO ] 22-02-2023 08:59:02.114 AM [background-preinit]  org.hibernate.validator.internal.util.Version - HV000001: Hibernate Validator 6.2.5.Final
[INFO ] 22-02-2023 08:59:02.440 AM [main]  o.s.d.r.config.RepositoryConfigurationDelegate - Bootstrapping Spring Data JPA repositories in DEFAULT mode.
[INFO ] 22-02-2023 08:59:02.469 AM [main]  o.s.d.r.config.RepositoryConfigurationDelegate - Finished Spring Data repository scanning in 23 ms. Found 2 JPA repository interfaces.
[INFO ] 22-02-2023 08:59:02.776 AM [main]  com.zaxxer.hikari.HikariDataSource - HikariPool-1 - Starting...
[INFO ] 22-02-2023 08:59:02.848 AM [main]  com.zaxxer.hikari.HikariDataSource - HikariPool-1 - Start completed.
[INFO ] 22-02-2023 08:59:03.035 AM [main]  liquibase.lockservice - Successfully acquired change log lock
[INFO ] 22-02-2023 08:59:03.248 AM [main]  liquibase.changelog - Reading from test.DATABASECHANGELOG
[INFO ] 22-02-2023 08:59:03.299 AM [main]  liquibase.lockservice - Successfully released change log lock
[INFO ] 22-02-2023 08:59:03.396 AM [main]  org.hibernate.Version - HHH000412: Hibernate ORM core version 5.6.14.Final
[INFO ] 22-02-2023 08:59:03.487 AM [main]  org.hibernate.annotations.common.Version - HCANN000001: Hibernate Commons Annotations {5.1.2.Final}
[INFO ] 22-02-2023 08:59:03.545 AM [main]  org.hibernate.dialect.Dialect - HHH000400: Using dialect: org.hibernate.dialect.MariaDB106Dialect
[INFO ] 22-02-2023 08:59:03.869 AM [main]  o.h.e.t.jta.platform.internal.JtaPlatformInitiator - HHH000490: Using JtaPlatform implementation: [org.hibernate.engine.transaction.jta.platform.internal.NoJtaPlatform]
[INFO ] 22-02-2023 08:59:03.873 AM [main]  o.s.orm.jpa.LocalContainerEntityManagerFactoryBean - Initialized JPA EntityManagerFactory for persistence unit 'default'
[WARN ] 22-02-2023 08:59:04.204 AM [main]  o.s.b.a.o.j.JpaBaseConfiguration$JpaWebConfiguration - spring.jpa.open-in-view is enabled by default. Therefore, database queries may be performed during view rendering. Explicitly configure spring.jpa.open-in-view to disable this warning
[INFO ] 22-02-2023 08:59:04.482 AM [main]  com.example.demo.service.EmployeeFilterTest - Started EmployeeFilterTest in 2.559 seconds (JVM running for 3.255)
[INFO ] 22-02-2023 08:59:04.683 AM [main]  com.example.demo.service.EmployeeService - Employee  was created
[INFO ] 22-02-2023 08:59:04.710 AM [main]  com.example.demo.service.EmployeeService - Employee  was created
[INFO ] 22-02-2023 08:59:04.720 AM [main]  com.example.demo.service.EmployeeService - Employee  was created
[INFO ] 22-02-2023 08:59:04.730 AM [main]  com.example.demo.service.EmployeeService - Employee  was created
[INFO ] 22-02-2023 08:59:04.744 AM [SpringApplicationShutdownHook]  o.s.orm.jpa.LocalContainerEntityManagerFactoryBean - Closing JPA EntityManagerFactory for persistence unit 'default'
[INFO ] 22-02-2023 08:59:04.746 AM [SpringApplicationShutdownHook]  com.zaxxer.hikari.HikariDataSource - HikariPool-1 - Shutdown initiated...
[INFO ] 22-02-2023 08:59:04.767 AM [SpringApplicationShutdownHook]  com.zaxxer.hikari.HikariDataSource - HikariPool-1 - Shutdown completed.
[INFO ] 22-02-2023 09:16:18.177 AM [main]  o.s.t.c.support.DefaultTestContextBootstrapper - Loaded default TestExecutionListener class names from location [META-INF/spring.factories]: [org.springframework.boot.test.mock.mockito.MockitoTestExecutionListener, org.springframework.boot.test.mock.mockito.ResetMocksTestExecutionListener, org.springframework.boot.test.autoconfigure.restdocs.RestDocsTestExecutionListener, org.springframework.boot.test.autoconfigure.web.client.MockRestServiceServerResetTestExecutionListener, org.springframework.boot.test.autoconfigure.web.servlet.MockMvcPrintOnlyOnFailureTestExecutionListener, org.springframework.boot.test.autoconfigure.web.servlet.WebDriverTestExecutionListener, org.springframework.boot.test.autoconfigure.webservices.client.MockWebServiceServerTestExecutionListener, org.springframework.test.context.web.ServletTestExecutionListener, org.springframework.test.context.support.DirtiesContextBeforeModesTestExecutionListener, org.springframework.test.context.event.ApplicationEventsTestExecutionListener, org.springframework.test.context.support.DependencyInjectionTestExecutionListener, org.springframework.test.context.support.DirtiesContextTestExecutionListener, org.springframework.test.context.transaction.TransactionalTestExecutionListener, org.springframework.test.context.jdbc.SqlScriptsTestExecutionListener, org.springframework.test.context.event.EventPublishingTestExecutionListener]
[INFO ] 22-02-2023 09:16:18.189 AM [main]  o.s.t.c.support.DefaultTestContextBootstrapper - Using TestExecutionListeners: [org.springframework.test.context.web.ServletTestExecutionListener@1722011b, org.springframework.test.context.support.DirtiesContextBeforeModesTestExecutionListener@57ad2aa7, org.springframework.test.context.event.ApplicationEventsTestExecutionListener@5b3f61ff, org.springframework.boot.test.mock.mockito.MockitoTestExecutionListener@3e2059ae, org.springframework.test.context.support.DependencyInjectionTestExecutionListener@398dada8, org.springframework.test.context.support.DirtiesContextTestExecutionListener@7cb502c, org.springframework.test.context.transaction.TransactionalTestExecutionListener@275bf9b3, org.springframework.test.context.jdbc.SqlScriptsTestExecutionListener@1b8a29df, org.springframework.test.context.event.EventPublishingTestExecutionListener@4fbe37eb, org.springframework.boot.test.mock.mockito.ResetMocksTestExecutionListener@12a94400, org.springframework.boot.test.autoconfigure.restdocs.RestDocsTestExecutionListener@6a47b187, org.springframework.boot.test.autoconfigure.web.client.MockRestServiceServerResetTestExecutionListener@2049a9c1, org.springframework.boot.test.autoconfigure.web.servlet.MockMvcPrintOnlyOnFailureTestExecutionListener@1ef6d34c, org.springframework.boot.test.autoconfigure.web.servlet.WebDriverTestExecutionListener@46271dd6, org.springframework.boot.test.autoconfigure.webservices.client.MockWebServiceServerTestExecutionListener@11bb571c]
[INFO ] 22-02-2023 09:16:19.299 AM [main]  org.hibernate.validator.internal.util.Version - HV000001: Hibernate Validator 6.2.5.Final
[INFO ] 22-02-2023 09:16:19.700 AM [main]  org.springframework.mock.web.MockServletContext - Initializing Spring TestDispatcherServlet ''
[INFO ] 22-02-2023 09:16:19.701 AM [main]  o.s.test.web.servlet.TestDispatcherServlet - Initializing Servlet ''
[INFO ] 22-02-2023 09:16:19.702 AM [main]  o.s.test.web.servlet.TestDispatcherServlet - Completed initialization in 1 ms
[INFO ] 22-02-2023 09:16:19.750 AM [main]  com.example.demo.controller.EmployeeController - GET: /employee - 1
[INFO ] 22-02-2023 09:16:19.883 AM [main]  org.springframework.mock.web.MockServletContext - Initializing Spring TestDispatcherServlet ''
[INFO ] 22-02-2023 09:16:19.883 AM [main]  o.s.test.web.servlet.TestDispatcherServlet - Initializing Servlet ''
[INFO ] 22-02-2023 09:16:19.884 AM [main]  o.s.test.web.servlet.TestDispatcherServlet - Completed initialization in 1 ms
[INFO ] 22-02-2023 09:16:19.889 AM [main]  com.example.demo.controller.EmployeeController - DELETE: /employee - 1
[INFO ] 22-02-2023 09:16:19.932 AM [main]  o.s.b.t.context.SpringBootTestContextBootstrapper - Neither @ContextConfiguration nor @ContextHierarchy found for test class [com.example.demo.service.EmployeeServiceTest], using SpringBootContextLoader
[INFO ] 22-02-2023 09:16:19.935 AM [main]  o.s.test.context.support.AbstractContextLoader - Could not detect default resource locations for test class [com.example.demo.service.EmployeeServiceTest]: no resource found for suffixes {-context.xml, Context.groovy}.
[INFO ] 22-02-2023 09:16:19.935 AM [main]  o.s.t.c.support.AnnotationConfigContextLoaderUtils - Could not detect default configuration classes for test class [com.example.demo.service.EmployeeServiceTest]: EmployeeServiceTest does not declare any static, non-private, non-final, nested classes annotated with @Configuration.
[INFO ] 22-02-2023 09:16:19.996 AM [main]  o.s.b.t.context.SpringBootTestContextBootstrapper - Found @SpringBootConfiguration com.example.demo.DemoApplication for test class com.example.demo.service.EmployeeServiceTest
[INFO ] 22-02-2023 09:16:20.032 AM [main]  o.s.b.t.context.SpringBootTestContextBootstrapper - Loaded default TestExecutionListener class names from location [META-INF/spring.factories]: [org.springframework.boot.test.mock.mockito.MockitoTestExecutionListener, org.springframework.boot.test.mock.mockito.ResetMocksTestExecutionListener, org.springframework.boot.test.autoconfigure.restdocs.RestDocsTestExecutionListener, org.springframework.boot.test.autoconfigure.web.client.MockRestServiceServerResetTestExecutionListener, org.springframework.boot.test.autoconfigure.web.servlet.MockMvcPrintOnlyOnFailureTestExecutionListener, org.springframework.boot.test.autoconfigure.web.servlet.WebDriverTestExecutionListener, org.springframework.boot.test.autoconfigure.webservices.client.MockWebServiceServerTestExecutionListener, org.springframework.test.context.web.ServletTestExecutionListener, org.springframework.test.context.support.DirtiesContextBeforeModesTestExecutionListener, org.springframework.test.context.event.ApplicationEventsTestExecutionListener, org.springframework.test.context.support.DependencyInjectionTestExecutionListener, org.springframework.test.context.support.DirtiesContextTestExecutionListener, org.springframework.test.context.transaction.TransactionalTestExecutionListener, org.springframework.test.context.jdbc.SqlScriptsTestExecutionListener, org.springframework.test.context.event.EventPublishingTestExecutionListener]
[INFO ] 22-02-2023 09:16:20.034 AM [main]  o.s.b.t.context.SpringBootTestContextBootstrapper - Using TestExecutionListeners: [org.springframework.test.context.web.ServletTestExecutionListener@4fa86cb8, org.springframework.test.context.support.DirtiesContextBeforeModesTestExecutionListener@54c60202, org.springframework.test.context.event.ApplicationEventsTestExecutionListener@7889b4b9, org.springframework.boot.test.mock.mockito.MockitoTestExecutionListener@1e545821, org.springframework.boot.test.autoconfigure.SpringBootDependencyInjectionTestExecutionListener@12952aff, org.springframework.test.context.support.DirtiesContextTestExecutionListener@76a7fcbd, org.springframework.test.context.transaction.TransactionalTestExecutionListener@433ea2ac, org.springframework.test.context.jdbc.SqlScriptsTestExecutionListener@7f977fba, org.springframework.test.context.event.EventPublishingTestExecutionListener@446e7065, org.springframework.boot.test.mock.mockito.ResetMocksTestExecutionListener@d653e41, org.springframework.boot.test.autoconfigure.restdocs.RestDocsTestExecutionListener@3b78c683, org.springframework.boot.test.autoconfigure.web.client.MockRestServiceServerResetTestExecutionListener@7f5614f9, org.springframework.boot.test.autoconfigure.web.servlet.MockMvcPrintOnlyOnFailureTestExecutionListener@480cbe2e, org.springframework.boot.test.autoconfigure.web.servlet.WebDriverTestExecutionListener@6c3f1658, org.springframework.boot.test.autoconfigure.webservices.client.MockWebServiceServerTestExecutionListener@110e9982]
[INFO ] 22-02-2023 09:16:20.500 AM [main]  com.example.demo.service.EmployeeServiceTest - Starting EmployeeServiceTest using Java 17.0.2 on MacBook-Air-Evgenij.local with PID 72655 (started by johnskyi in /Users/johnskyi/IdeaProjects/demo)
[INFO ] 22-02-2023 09:16:20.503 AM [main]  com.example.demo.service.EmployeeServiceTest - No active profile set, falling back to 1 default profile: "default"
[INFO ] 22-02-2023 09:16:21.313 AM [main]  o.s.d.r.config.RepositoryConfigurationDelegate - Bootstrapping Spring Data JPA repositories in DEFAULT mode.
[INFO ] 22-02-2023 09:16:21.402 AM [main]  o.s.d.r.config.RepositoryConfigurationDelegate - Finished Spring Data repository scanning in 78 ms. Found 2 JPA repository interfaces.
[INFO ] 22-02-2023 09:16:22.444 AM [main]  com.zaxxer.hikari.HikariDataSource - HikariPool-1 - Starting...
[INFO ] 22-02-2023 09:16:22.607 AM [main]  com.zaxxer.hikari.HikariDataSource - HikariPool-1 - Start completed.
[INFO ] 22-02-2023 09:16:22.963 AM [main]  liquibase.lockservice - Successfully acquired change log lock
[INFO ] 22-02-2023 09:16:23.522 AM [main]  liquibase.changelog - Reading from test.DATABASECHANGELOG
[INFO ] 22-02-2023 09:16:23.707 AM [main]  liquibase.lockservice - Successfully released change log lock
[INFO ] 22-02-2023 09:16:24.013 AM [main]  org.hibernate.Version - HHH000412: Hibernate ORM core version 5.6.14.Final
[INFO ] 22-02-2023 09:16:24.048 AM [main]  org.hibernate.annotations.common.Version - HCANN000001: Hibernate Commons Annotations {5.1.2.Final}
[INFO ] 22-02-2023 09:16:24.143 AM [main]  org.hibernate.dialect.Dialect - HHH000400: Using dialect: org.hibernate.dialect.MariaDB106Dialect
[INFO ] 22-02-2023 09:16:24.685 AM [main]  o.h.e.t.jta.platform.internal.JtaPlatformInitiator - HHH000490: Using JtaPlatform implementation: [org.hibernate.engine.transaction.jta.platform.internal.NoJtaPlatform]
[INFO ] 22-02-2023 09:16:24.693 AM [main]  o.s.orm.jpa.LocalContainerEntityManagerFactoryBean - Initialized JPA EntityManagerFactory for persistence unit 'default'
[WARN ] 22-02-2023 09:16:25.554 AM [main]  o.s.b.a.o.j.JpaBaseConfiguration$JpaWebConfiguration - spring.jpa.open-in-view is enabled by default. Therefore, database queries may be performed during view rendering. Explicitly configure spring.jpa.open-in-view to disable this warning
[INFO ] 22-02-2023 09:16:26.135 AM [main]  com.example.demo.service.EmployeeServiceTest - Started EmployeeServiceTest in 6.067 seconds (JVM running for 9.191)
[INFO ] 22-02-2023 09:16:26.412 AM [main]  com.example.demo.service.EmployeeService - Employee SecondName was created
[INFO ] 22-02-2023 09:16:26.559 AM [main]  com.example.demo.service.EmployeeService - Employee with id 83 was deleted
[INFO ] 22-02-2023 09:16:26.725 AM [main]  com.example.demo.service.EmployeeService - Employee SecondName was created
[INFO ] 22-02-2023 09:16:26.922 AM [main]  com.example.demo.service.EmployeeService - Employee SecondName was created
[INFO ] 22-02-2023 09:16:26.960 AM [main]  com.example.demo.service.EmployeeService - Employee SecondName was created
[INFO ] 22-02-2023 09:16:26.998 AM [main]  com.example.demo.service.EmployeeService - Employee SecondName was updated
[INFO ] 22-02-2023 09:16:27.031 AM [main]  o.s.b.t.context.SpringBootTestContextBootstrapper - Neither @ContextConfiguration nor @ContextHierarchy found for test class [com.example.demo.validation.ValidationTest], using SpringBootContextLoader
[INFO ] 22-02-2023 09:16:27.033 AM [main]  o.s.test.context.support.AbstractContextLoader - Could not detect default resource locations for test class [com.example.demo.validation.ValidationTest]: no resource found for suffixes {-context.xml, Context.groovy}.
[INFO ] 22-02-2023 09:16:27.033 AM [main]  o.s.t.c.support.AnnotationConfigContextLoaderUtils - Could not detect default configuration classes for test class [com.example.demo.validation.ValidationTest]: ValidationTest does not declare any static, non-private, non-final, nested classes annotated with @Configuration.
[INFO ] 22-02-2023 09:16:27.062 AM [main]  o.s.b.t.context.SpringBootTestContextBootstrapper - Found @SpringBootConfiguration com.example.demo.DemoApplication for test class com.example.demo.validation.ValidationTest
[INFO ] 22-02-2023 09:16:27.070 AM [main]  o.s.b.t.context.SpringBootTestContextBootstrapper - Loaded default TestExecutionListener class names from location [META-INF/spring.factories]: [org.springframework.boot.test.mock.mockito.MockitoTestExecutionListener, org.springframework.boot.test.mock.mockito.ResetMocksTestExecutionListener, org.springframework.boot.test.autoconfigure.restdocs.RestDocsTestExecutionListener, org.springframework.boot.test.autoconfigure.web.client.MockRestServiceServerResetTestExecutionListener, org.springframework.boot.test.autoconfigure.web.servlet.MockMvcPrintOnlyOnFailureTestExecutionListener, org.springframework.boot.test.autoconfigure.web.servlet.WebDriverTestExecutionListener, org.springframework.boot.test.autoconfigure.webservices.client.MockWebServiceServerTestExecutionListener, org.springframework.test.context.web.ServletTestExecutionListener, org.springframework.test.context.support.DirtiesContextBeforeModesTestExecutionListener, org.springframework.test.context.event.ApplicationEventsTestExecutionListener, org.springframework.test.context.support.DependencyInjectionTestExecutionListener, org.springframework.test.context.support.DirtiesContextTestExecutionListener, org.springframework.test.context.transaction.TransactionalTestExecutionListener, org.springframework.test.context.jdbc.SqlScriptsTestExecutionListener, org.springframework.test.context.event.EventPublishingTestExecutionListener]
[INFO ] 22-02-2023 09:16:27.072 AM [main]  o.s.b.t.context.SpringBootTestContextBootstrapper - Using TestExecutionListeners: [org.springframework.test.context.web.ServletTestExecutionListener@35738a92, org.springframework.test.context.support.DirtiesContextBeforeModesTestExecutionListener@10ec54c3, org.springframework.test.context.event.ApplicationEventsTestExecutionListener@2005d3e0, org.springframework.boot.test.mock.mockito.MockitoTestExecutionListener@575a6540, org.springframework.boot.test.autoconfigure.SpringBootDependencyInjectionTestExecutionListener@7e544223, org.springframework.test.context.support.DirtiesContextTestExecutionListener@c6c5b66, org.springframework.test.context.transaction.TransactionalTestExecutionListener@2f803d8, org.springframework.test.context.jdbc.SqlScriptsTestExecutionListener@68c06a2, org.springframework.test.context.event.EventPublishingTestExecutionListener@5a95090a, org.springframework.boot.test.mock.mockito.ResetMocksTestExecutionListener@34ccce55, org.springframework.boot.test.autoconfigure.restdocs.RestDocsTestExecutionListener@7668edd7, org.springframework.boot.test.autoconfigure.web.client.MockRestServiceServerResetTestExecutionListener@10374cae, org.springframework.boot.test.autoconfigure.web.servlet.MockMvcPrintOnlyOnFailureTestExecutionListener@6298dafb, org.springframework.boot.test.autoconfigure.web.servlet.WebDriverTestExecutionListener@30741e9b, org.springframework.boot.test.autoconfigure.webservices.client.MockWebServiceServerTestExecutionListener@1435b17]
[INFO ] 22-02-2023 09:16:27.456 AM [main]  o.s.b.t.context.SpringBootTestContextBootstrapper - Neither @ContextConfiguration nor @ContextHierarchy found for test class [com.example.demo.DemoApplicationTests], using SpringBootContextLoader
[INFO ] 22-02-2023 09:16:27.458 AM [main]  o.s.test.context.support.AbstractContextLoader - Could not detect default resource locations for test class [com.example.demo.DemoApplicationTests]: no resource found for suffixes {-context.xml, Context.groovy}.
[INFO ] 22-02-2023 09:16:27.459 AM [main]  o.s.t.c.support.AnnotationConfigContextLoaderUtils - Could not detect default configuration classes for test class [com.example.demo.DemoApplicationTests]: DemoApplicationTests does not declare any static, non-private, non-final, nested classes annotated with @Configuration.
[INFO ] 22-02-2023 09:16:27.465 AM [main]  o.s.b.t.context.SpringBootTestContextBootstrapper - Found @SpringBootConfiguration com.example.demo.DemoApplication for test class com.example.demo.DemoApplicationTests
[INFO ] 22-02-2023 09:16:27.468 AM [main]  o.s.b.t.context.SpringBootTestContextBootstrapper - Loaded default TestExecutionListener class names from location [META-INF/spring.factories]: [org.springframework.boot.test.mock.mockito.MockitoTestExecutionListener, org.springframework.boot.test.mock.mockito.ResetMocksTestExecutionListener, org.springframework.boot.test.autoconfigure.restdocs.RestDocsTestExecutionListener, org.springframework.boot.test.autoconfigure.web.client.MockRestServiceServerResetTestExecutionListener, org.springframework.boot.test.autoconfigure.web.servlet.MockMvcPrintOnlyOnFailureTestExecutionListener, org.springframework.boot.test.autoconfigure.web.servlet.WebDriverTestExecutionListener, org.springframework.boot.test.autoconfigure.webservices.client.MockWebServiceServerTestExecutionListener, org.springframework.test.context.web.ServletTestExecutionListener, org.springframework.test.context.support.DirtiesContextBeforeModesTestExecutionListener, org.springframework.test.context.event.ApplicationEventsTestExecutionListener, org.springframework.test.context.support.DependencyInjectionTestExecutionListener, org.springframework.test.context.support.DirtiesContextTestExecutionListener, org.springframework.test.context.transaction.TransactionalTestExecutionListener, org.springframework.test.context.jdbc.SqlScriptsTestExecutionListener, org.springframework.test.context.event.EventPublishingTestExecutionListener]
[INFO ] 22-02-2023 09:16:27.468 AM [main]  o.s.b.t.context.SpringBootTestContextBootstrapper - Using TestExecutionListeners: [org.springframework.test.context.web.ServletTestExecutionListener@27002c5a, org.springframework.test.context.support.DirtiesContextBeforeModesTestExecutionListener@69e636cc, org.springframework.test.context.event.ApplicationEventsTestExecutionListener@a59324f, org.springframework.boot.test.mock.mockito.MockitoTestExecutionListener@427c8f6, org.springframework.boot.test.autoconfigure.SpringBootDependencyInjectionTestExecutionListener@226346d4, org.springframework.test.context.support.DirtiesContextTestExecutionListener@7aeb5402, org.springframework.test.context.transaction.TransactionalTestExecutionListener@39e3da5a, org.springframework.test.context.jdbc.SqlScriptsTestExecutionListener@339d5e8, org.springframework.test.context.event.EventPublishingTestExecutionListener@3bd466bd, org.springframework.boot.test.mock.mockito.ResetMocksTestExecutionListener@1bbf7e81, org.springframework.boot.test.autoconfigure.restdocs.RestDocsTestExecutionListener@3c2956a6, org.springframework.boot.test.autoconfigure.web.client.MockRestServiceServerResetTestExecutionListener@7172525e, org.springframework.boot.test.autoconfigure.web.servlet.MockMvcPrintOnlyOnFailureTestExecutionListener@698b2343, org.springframework.boot.test.autoconfigure.web.servlet.WebDriverTestExecutionListener@9a00385, org.springframework.boot.test.autoconfigure.webservices.client.MockWebServiceServerTestExecutionListener@7f4ae871]
[INFO ] 22-02-2023 09:16:27.501 AM [SpringApplicationShutdownHook]  o.s.orm.jpa.LocalContainerEntityManagerFactoryBean - Closing JPA EntityManagerFactory for persistence unit 'default'
[INFO ] 22-02-2023 09:16:27.504 AM [SpringApplicationShutdownHook]  com.zaxxer.hikari.HikariDataSource - HikariPool-1 - Shutdown initiated...
[INFO ] 22-02-2023 09:16:27.535 AM [SpringApplicationShutdownHook]  com.zaxxer.hikari.HikariDataSource - HikariPool-1 - Shutdown completed.
[INFO ] 22-02-2023 09:18:46.925 AM [main]  o.s.b.t.context.SpringBootTestContextBootstrapper - Neither @ContextConfiguration nor @ContextHierarchy found for test class [com.example.demo.service.EmployeeServiceTest], using SpringBootContextLoader
[INFO ] 22-02-2023 09:18:46.929 AM [main]  o.s.test.context.support.AbstractContextLoader - Could not detect default resource locations for test class [com.example.demo.service.EmployeeServiceTest]: no resource found for suffixes {-context.xml, Context.groovy}.
[INFO ] 22-02-2023 09:18:46.930 AM [main]  o.s.t.c.support.AnnotationConfigContextLoaderUtils - Could not detect default configuration classes for test class [com.example.demo.service.EmployeeServiceTest]: EmployeeServiceTest does not declare any static, non-private, non-final, nested classes annotated with @Configuration.
[INFO ] 22-02-2023 09:18:46.991 AM [main]  o.s.b.t.context.SpringBootTestContextBootstrapper - Found @SpringBootConfiguration com.example.demo.DemoApplication for test class com.example.demo.service.EmployeeServiceTest
[INFO ] 22-02-2023 09:18:47.044 AM [main]  o.s.b.t.context.SpringBootTestContextBootstrapper - Loaded default TestExecutionListener class names from location [META-INF/spring.factories]: [org.springframework.boot.test.mock.mockito.MockitoTestExecutionListener, org.springframework.boot.test.mock.mockito.ResetMocksTestExecutionListener, org.springframework.boot.test.autoconfigure.restdocs.RestDocsTestExecutionListener, org.springframework.boot.test.autoconfigure.web.client.MockRestServiceServerResetTestExecutionListener, org.springframework.boot.test.autoconfigure.web.servlet.MockMvcPrintOnlyOnFailureTestExecutionListener, org.springframework.boot.test.autoconfigure.web.servlet.WebDriverTestExecutionListener, org.springframework.boot.test.autoconfigure.webservices.client.MockWebServiceServerTestExecutionListener, org.springframework.test.context.web.ServletTestExecutionListener, org.springframework.test.context.support.DirtiesContextBeforeModesTestExecutionListener, org.springframework.test.context.event.ApplicationEventsTestExecutionListener, org.springframework.test.context.support.DependencyInjectionTestExecutionListener, org.springframework.test.context.support.DirtiesContextTestExecutionListener, org.springframework.test.context.transaction.TransactionalTestExecutionListener, org.springframework.test.context.jdbc.SqlScriptsTestExecutionListener, org.springframework.test.context.event.EventPublishingTestExecutionListener]
[INFO ] 22-02-2023 09:18:47.052 AM [main]  o.s.b.t.context.SpringBootTestContextBootstrapper - Using TestExecutionListeners: [org.springframework.test.context.web.ServletTestExecutionListener@5f2f577, org.springframework.test.context.support.DirtiesContextBeforeModesTestExecutionListener@6273c5a4, org.springframework.test.context.event.ApplicationEventsTestExecutionListener@5d465e4b, org.springframework.boot.test.mock.mockito.MockitoTestExecutionListener@53e211ee, org.springframework.boot.test.autoconfigure.SpringBootDependencyInjectionTestExecutionListener@41a90fa8, org.springframework.test.context.support.DirtiesContextTestExecutionListener@3d8bbcdc, org.springframework.test.context.transaction.TransactionalTestExecutionListener@52500920, org.springframework.test.context.jdbc.SqlScriptsTestExecutionListener@117e0fe5, org.springframework.test.context.event.EventPublishingTestExecutionListener@18a3962d, org.springframework.boot.test.mock.mockito.ResetMocksTestExecutionListener@78aea4b9, org.springframework.boot.test.autoconfigure.restdocs.RestDocsTestExecutionListener@2a65bb85, org.springframework.boot.test.autoconfigure.web.client.MockRestServiceServerResetTestExecutionListener@4b85880b, org.springframework.boot.test.autoconfigure.web.servlet.MockMvcPrintOnlyOnFailureTestExecutionListener@4f936da8, org.springframework.boot.test.autoconfigure.web.servlet.WebDriverTestExecutionListener@4215838f, org.springframework.boot.test.autoconfigure.webservices.client.MockWebServiceServerTestExecutionListener@452ba1db]
[INFO ] 22-02-2023 09:18:47.388 AM [main]  com.example.demo.service.EmployeeServiceTest - Starting EmployeeServiceTest using Java 11.0.17 on MacBook-Air-Evgenij.local with PID 74038 (started by johnskyi in /Users/johnskyi/IdeaProjects/demo)
[INFO ] 22-02-2023 09:18:47.389 AM [main]  com.example.demo.service.EmployeeServiceTest - No active profile set, falling back to 1 default profile: "default"
[INFO ] 22-02-2023 09:18:47.397 AM [background-preinit]  org.hibernate.validator.internal.util.Version - HV000001: Hibernate Validator 6.2.5.Final
[INFO ] 22-02-2023 09:18:47.744 AM [main]  o.s.d.r.config.RepositoryConfigurationDelegate - Bootstrapping Spring Data JPA repositories in DEFAULT mode.
[INFO ] 22-02-2023 09:18:47.773 AM [main]  o.s.d.r.config.RepositoryConfigurationDelegate - Finished Spring Data repository scanning in 24 ms. Found 2 JPA repository interfaces.
[INFO ] 22-02-2023 09:18:48.082 AM [main]  com.zaxxer.hikari.HikariDataSource - HikariPool-1 - Starting...
[INFO ] 22-02-2023 09:18:48.153 AM [main]  com.zaxxer.hikari.HikariDataSource - HikariPool-1 - Start completed.
[INFO ] 22-02-2023 09:18:48.328 AM [main]  liquibase.lockservice - Successfully acquired change log lock
[INFO ] 22-02-2023 09:18:48.545 AM [main]  liquibase.changelog - Reading from test.DATABASECHANGELOG
[INFO ] 22-02-2023 09:18:48.593 AM [main]  liquibase.lockservice - Successfully released change log lock
[INFO ] 22-02-2023 09:18:48.681 AM [main]  org.hibernate.Version - HHH000412: Hibernate ORM core version 5.6.14.Final
[INFO ] 22-02-2023 09:18:48.783 AM [main]  org.hibernate.annotations.common.Version - HCANN000001: Hibernate Commons Annotations {5.1.2.Final}
[INFO ] 22-02-2023 09:18:48.850 AM [main]  org.hibernate.dialect.Dialect - HHH000400: Using dialect: org.hibernate.dialect.MariaDB106Dialect
[INFO ] 22-02-2023 09:18:49.179 AM [main]  o.h.e.t.jta.platform.internal.JtaPlatformInitiator - HHH000490: Using JtaPlatform implementation: [org.hibernate.engine.transaction.jta.platform.internal.NoJtaPlatform]
[INFO ] 22-02-2023 09:18:49.184 AM [main]  o.s.orm.jpa.LocalContainerEntityManagerFactoryBean - Initialized JPA EntityManagerFactory for persistence unit 'default'
[WARN ] 22-02-2023 09:18:49.525 AM [main]  o.s.b.a.o.j.JpaBaseConfiguration$JpaWebConfiguration - spring.jpa.open-in-view is enabled by default. Therefore, database queries may be performed during view rendering. Explicitly configure spring.jpa.open-in-view to disable this warning
[INFO ] 22-02-2023 09:18:49.804 AM [main]  com.example.demo.service.EmployeeServiceTest - Started EmployeeServiceTest in 2.732 seconds (JVM running for 3.466)
[INFO ] 22-02-2023 09:18:49.892 AM [SpringApplicationShutdownHook]  o.s.orm.jpa.LocalContainerEntityManagerFactoryBean - Closing JPA EntityManagerFactory for persistence unit 'default'
[INFO ] 22-02-2023 09:18:49.894 AM [SpringApplicationShutdownHook]  com.zaxxer.hikari.HikariDataSource - HikariPool-1 - Shutdown initiated...
[INFO ] 22-02-2023 09:18:49.919 AM [SpringApplicationShutdownHook]  com.zaxxer.hikari.HikariDataSource - HikariPool-1 - Shutdown completed.
[INFO ] 22-02-2023 09:19:56.676 AM [main]  o.s.t.c.support.DefaultTestContextBootstrapper - Loaded default TestExecutionListener class names from location [META-INF/spring.factories]: [org.springframework.boot.test.mock.mockito.MockitoTestExecutionListener, org.springframework.boot.test.mock.mockito.ResetMocksTestExecutionListener, org.springframework.boot.test.autoconfigure.restdocs.RestDocsTestExecutionListener, org.springframework.boot.test.autoconfigure.web.client.MockRestServiceServerResetTestExecutionListener, org.springframework.boot.test.autoconfigure.web.servlet.MockMvcPrintOnlyOnFailureTestExecutionListener, org.springframework.boot.test.autoconfigure.web.servlet.WebDriverTestExecutionListener, org.springframework.boot.test.autoconfigure.webservices.client.MockWebServiceServerTestExecutionListener, org.springframework.test.context.web.ServletTestExecutionListener, org.springframework.test.context.support.DirtiesContextBeforeModesTestExecutionListener, org.springframework.test.context.event.ApplicationEventsTestExecutionListener, org.springframework.test.context.support.DependencyInjectionTestExecutionListener, org.springframework.test.context.support.DirtiesContextTestExecutionListener, org.springframework.test.context.transaction.TransactionalTestExecutionListener, org.springframework.test.context.jdbc.SqlScriptsTestExecutionListener, org.springframework.test.context.event.EventPublishingTestExecutionListener]
[INFO ] 22-02-2023 09:19:56.690 AM [main]  o.s.t.c.support.DefaultTestContextBootstrapper - Using TestExecutionListeners: [org.springframework.test.context.web.ServletTestExecutionListener@6d7fc27, org.springframework.test.context.support.DirtiesContextBeforeModesTestExecutionListener@45ac5f9b, org.springframework.test.context.event.ApplicationEventsTestExecutionListener@135606db, org.springframework.boot.test.mock.mockito.MockitoTestExecutionListener@518caac3, org.springframework.test.context.support.DependencyInjectionTestExecutionListener@68034211, org.springframework.test.context.support.DirtiesContextTestExecutionListener@4f74980d, org.springframework.test.context.transaction.TransactionalTestExecutionListener@6c372fe6, org.springframework.test.context.jdbc.SqlScriptsTestExecutionListener@58594a11, org.springframework.test.context.event.EventPublishingTestExecutionListener@2a3888c1, org.springframework.boot.test.mock.mockito.ResetMocksTestExecutionListener@4167d97b, org.springframework.boot.test.autoconfigure.restdocs.RestDocsTestExecutionListener@14fa86ae, org.springframework.boot.test.autoconfigure.web.client.MockRestServiceServerResetTestExecutionListener@6e15fe2, org.springframework.boot.test.autoconfigure.web.servlet.MockMvcPrintOnlyOnFailureTestExecutionListener@68f1b17f, org.springframework.boot.test.autoconfigure.web.servlet.WebDriverTestExecutionListener@1722011b, org.springframework.boot.test.autoconfigure.webservices.client.MockWebServiceServerTestExecutionListener@57ad2aa7]
[INFO ] 22-02-2023 09:19:57.837 AM [main]  org.hibernate.validator.internal.util.Version - HV000001: Hibernate Validator 6.2.5.Final
[INFO ] 22-02-2023 09:19:58.270 AM [main]  org.springframework.mock.web.MockServletContext - Initializing Spring TestDispatcherServlet ''
[INFO ] 22-02-2023 09:19:58.271 AM [main]  o.s.test.web.servlet.TestDispatcherServlet - Initializing Servlet ''
[INFO ] 22-02-2023 09:19:58.273 AM [main]  o.s.test.web.servlet.TestDispatcherServlet - Completed initialization in 2 ms
[INFO ] 22-02-2023 09:19:58.322 AM [main]  com.example.demo.controller.EmployeeController - GET: /employee - 1
[INFO ] 22-02-2023 09:19:58.467 AM [main]  org.springframework.mock.web.MockServletContext - Initializing Spring TestDispatcherServlet ''
[INFO ] 22-02-2023 09:19:58.468 AM [main]  o.s.test.web.servlet.TestDispatcherServlet - Initializing Servlet ''
[INFO ] 22-02-2023 09:19:58.469 AM [main]  o.s.test.web.servlet.TestDispatcherServlet - Completed initialization in 1 ms
[INFO ] 22-02-2023 09:19:58.473 AM [main]  com.example.demo.controller.EmployeeController - DELETE: /employee - 1
[INFO ] 22-02-2023 09:19:58.508 AM [main]  o.s.b.t.context.SpringBootTestContextBootstrapper - Neither @ContextConfiguration nor @ContextHierarchy found for test class [com.example.demo.service.EmployeeServiceTest], using SpringBootContextLoader
[INFO ] 22-02-2023 09:19:58.511 AM [main]  o.s.test.context.support.AbstractContextLoader - Could not detect default resource locations for test class [com.example.demo.service.EmployeeServiceTest]: no resource found for suffixes {-context.xml, Context.groovy}.
[INFO ] 22-02-2023 09:19:58.511 AM [main]  o.s.t.c.support.AnnotationConfigContextLoaderUtils - Could not detect default configuration classes for test class [com.example.demo.service.EmployeeServiceTest]: EmployeeServiceTest does not declare any static, non-private, non-final, nested classes annotated with @Configuration.
[INFO ] 22-02-2023 09:19:58.577 AM [main]  o.s.b.t.context.SpringBootTestContextBootstrapper - Found @SpringBootConfiguration com.example.demo.DemoApplication for test class com.example.demo.service.EmployeeServiceTest
[INFO ] 22-02-2023 09:19:58.618 AM [main]  o.s.b.t.context.SpringBootTestContextBootstrapper - Loaded default TestExecutionListener class names from location [META-INF/spring.factories]: [org.springframework.boot.test.mock.mockito.MockitoTestExecutionListener, org.springframework.boot.test.mock.mockito.ResetMocksTestExecutionListener, org.springframework.boot.test.autoconfigure.restdocs.RestDocsTestExecutionListener, org.springframework.boot.test.autoconfigure.web.client.MockRestServiceServerResetTestExecutionListener, org.springframework.boot.test.autoconfigure.web.servlet.MockMvcPrintOnlyOnFailureTestExecutionListener, org.springframework.boot.test.autoconfigure.web.servlet.WebDriverTestExecutionListener, org.springframework.boot.test.autoconfigure.webservices.client.MockWebServiceServerTestExecutionListener, org.springframework.test.context.web.ServletTestExecutionListener, org.springframework.test.context.support.DirtiesContextBeforeModesTestExecutionListener, org.springframework.test.context.event.ApplicationEventsTestExecutionListener, org.springframework.test.context.support.DependencyInjectionTestExecutionListener, org.springframework.test.context.support.DirtiesContextTestExecutionListener, org.springframework.test.context.transaction.TransactionalTestExecutionListener, org.springframework.test.context.jdbc.SqlScriptsTestExecutionListener, org.springframework.test.context.event.EventPublishingTestExecutionListener]
[INFO ] 22-02-2023 09:19:58.621 AM [main]  o.s.b.t.context.SpringBootTestContextBootstrapper - Using TestExecutionListeners: [org.springframework.test.context.web.ServletTestExecutionListener@1d6a8386, org.springframework.test.context.support.DirtiesContextBeforeModesTestExecutionListener@6274f21c, org.springframework.test.context.event.ApplicationEventsTestExecutionListener@35cec305, org.springframework.boot.test.mock.mockito.MockitoTestExecutionListener@237add, org.springframework.boot.test.autoconfigure.SpringBootDependencyInjectionTestExecutionListener@491cafec, org.springframework.test.context.support.DirtiesContextTestExecutionListener@cbd40c1, org.springframework.test.context.transaction.TransactionalTestExecutionListener@4fa86cb8, org.springframework.test.context.jdbc.SqlScriptsTestExecutionListener@54c60202, org.springframework.test.context.event.EventPublishingTestExecutionListener@7889b4b9, org.springframework.boot.test.mock.mockito.ResetMocksTestExecutionListener@1e545821, org.springframework.boot.test.autoconfigure.restdocs.RestDocsTestExecutionListener@12952aff, org.springframework.boot.test.autoconfigure.web.client.MockRestServiceServerResetTestExecutionListener@76a7fcbd, org.springframework.boot.test.autoconfigure.web.servlet.MockMvcPrintOnlyOnFailureTestExecutionListener@433ea2ac, org.springframework.boot.test.autoconfigure.web.servlet.WebDriverTestExecutionListener@7f977fba, org.springframework.boot.test.autoconfigure.webservices.client.MockWebServiceServerTestExecutionListener@446e7065]
[INFO ] 22-02-2023 09:19:59.070 AM [main]  com.example.demo.service.EmployeeServiceTest - Starting EmployeeServiceTest using Java 17.0.2 on MacBook-Air-Evgenij.local with PID 74524 (started by johnskyi in /Users/johnskyi/IdeaProjects/demo)
[INFO ] 22-02-2023 09:19:59.072 AM [main]  com.example.demo.service.EmployeeServiceTest - No active profile set, falling back to 1 default profile: "default"
[INFO ] 22-02-2023 09:19:59.899 AM [main]  o.s.d.r.config.RepositoryConfigurationDelegate - Bootstrapping Spring Data JPA repositories in DEFAULT mode.
[INFO ] 22-02-2023 09:19:59.988 AM [main]  o.s.d.r.config.RepositoryConfigurationDelegate - Finished Spring Data repository scanning in 77 ms. Found 2 JPA repository interfaces.
[INFO ] 22-02-2023 09:20:01.022 AM [main]  com.zaxxer.hikari.HikariDataSource - HikariPool-1 - Starting...
[INFO ] 22-02-2023 09:20:01.130 AM [main]  com.zaxxer.hikari.HikariDataSource - HikariPool-1 - Start completed.
[INFO ] 22-02-2023 09:20:01.461 AM [main]  liquibase.lockservice - Successfully acquired change log lock
[INFO ] 22-02-2023 09:20:02.034 AM [main]  liquibase.changelog - Reading from test.DATABASECHANGELOG
[INFO ] 22-02-2023 09:20:02.207 AM [main]  liquibase.lockservice - Successfully released change log lock
[INFO ] 22-02-2023 09:20:02.560 AM [main]  org.hibernate.Version - HHH000412: Hibernate ORM core version 5.6.14.Final
[INFO ] 22-02-2023 09:20:02.596 AM [main]  org.hibernate.annotations.common.Version - HCANN000001: Hibernate Commons Annotations {5.1.2.Final}
[INFO ] 22-02-2023 09:20:02.696 AM [main]  org.hibernate.dialect.Dialect - HHH000400: Using dialect: org.hibernate.dialect.MariaDB106Dialect
[INFO ] 22-02-2023 09:20:03.248 AM [main]  o.h.e.t.jta.platform.internal.JtaPlatformInitiator - HHH000490: Using JtaPlatform implementation: [org.hibernate.engine.transaction.jta.platform.internal.NoJtaPlatform]
[INFO ] 22-02-2023 09:20:03.257 AM [main]  o.s.orm.jpa.LocalContainerEntityManagerFactoryBean - Initialized JPA EntityManagerFactory for persistence unit 'default'
[WARN ] 22-02-2023 09:20:04.129 AM [main]  o.s.b.a.o.j.JpaBaseConfiguration$JpaWebConfiguration - spring.jpa.open-in-view is enabled by default. Therefore, database queries may be performed during view rendering. Explicitly configure spring.jpa.open-in-view to disable this warning
[INFO ] 22-02-2023 09:20:04.725 AM [main]  com.example.demo.service.EmployeeServiceTest - Started EmployeeServiceTest in 6.067 seconds (JVM running for 9.246)
[INFO ] 22-02-2023 09:20:04.956 AM [main]  com.example.demo.service.EmployeeService - Employee SecondName was created
[INFO ] 22-02-2023 09:20:05.017 AM [main]  com.example.demo.service.EmployeeService - Employee with id 87 was deleted
[INFO ] 22-02-2023 09:20:05.120 AM [main]  com.example.demo.service.EmployeeService - Employee SecondName was created
[INFO ] 22-02-2023 09:20:05.292 AM [main]  com.example.demo.service.EmployeeService - Employee SecondName was created
[INFO ] 22-02-2023 09:20:05.334 AM [main]  com.example.demo.service.EmployeeService - Employee SecondName was created
[INFO ] 22-02-2023 09:20:05.373 AM [main]  com.example.demo.service.EmployeeService - Employee SecondName was updated
[INFO ] 22-02-2023 09:20:05.411 AM [main]  o.s.b.t.context.SpringBootTestContextBootstrapper - Neither @ContextConfiguration nor @ContextHierarchy found for test class [com.example.demo.validation.ValidationTest], using SpringBootContextLoader
[INFO ] 22-02-2023 09:20:05.415 AM [main]  o.s.test.context.support.AbstractContextLoader - Could not detect default resource locations for test class [com.example.demo.validation.ValidationTest]: no resource found for suffixes {-context.xml, Context.groovy}.
[INFO ] 22-02-2023 09:20:05.417 AM [main]  o.s.t.c.support.AnnotationConfigContextLoaderUtils - Could not detect default configuration classes for test class [com.example.demo.validation.ValidationTest]: ValidationTest does not declare any static, non-private, non-final, nested classes annotated with @Configuration.
[INFO ] 22-02-2023 09:20:05.436 AM [main]  o.s.b.t.context.SpringBootTestContextBootstrapper - Found @SpringBootConfiguration com.example.demo.DemoApplication for test class com.example.demo.validation.ValidationTest
[INFO ] 22-02-2023 09:20:05.440 AM [main]  o.s.b.t.context.SpringBootTestContextBootstrapper - Loaded default TestExecutionListener class names from location [META-INF/spring.factories]: [org.springframework.boot.test.mock.mockito.MockitoTestExecutionListener, org.springframework.boot.test.mock.mockito.ResetMocksTestExecutionListener, org.springframework.boot.test.autoconfigure.restdocs.RestDocsTestExecutionListener, org.springframework.boot.test.autoconfigure.web.client.MockRestServiceServerResetTestExecutionListener, org.springframework.boot.test.autoconfigure.web.servlet.MockMvcPrintOnlyOnFailureTestExecutionListener, org.springframework.boot.test.autoconfigure.web.servlet.WebDriverTestExecutionListener, org.springframework.boot.test.autoconfigure.webservices.client.MockWebServiceServerTestExecutionListener, org.springframework.test.context.web.ServletTestExecutionListener, org.springframework.test.context.support.DirtiesContextBeforeModesTestExecutionListener, org.springframework.test.context.event.ApplicationEventsTestExecutionListener, org.springframework.test.context.support.DependencyInjectionTestExecutionListener, org.springframework.test.context.support.DirtiesContextTestExecutionListener, org.springframework.test.context.transaction.TransactionalTestExecutionListener, org.springframework.test.context.jdbc.SqlScriptsTestExecutionListener, org.springframework.test.context.event.EventPublishingTestExecutionListener]
[INFO ] 22-02-2023 09:20:05.441 AM [main]  o.s.b.t.context.SpringBootTestContextBootstrapper - Using TestExecutionListeners: [org.springframework.test.context.web.ServletTestExecutionListener@5a1216b0, org.springframework.test.context.support.DirtiesContextBeforeModesTestExecutionListener@5c4404dd, org.springframework.test.context.event.ApplicationEventsTestExecutionListener@76a2db3f, org.springframework.boot.test.mock.mockito.MockitoTestExecutionListener@8cc5602, org.springframework.boot.test.autoconfigure.SpringBootDependencyInjectionTestExecutionListener@4221663d, org.springframework.test.context.support.DirtiesContextTestExecutionListener@3ebfe048, org.springframework.test.context.transaction.TransactionalTestExecutionListener@5e24af83, org.springframework.test.context.jdbc.SqlScriptsTestExecutionListener@34329e03, org.springframework.test.context.event.EventPublishingTestExecutionListener@7d6b0636, org.springframework.boot.test.mock.mockito.ResetMocksTestExecutionListener@3c971473, org.springframework.boot.test.autoconfigure.restdocs.RestDocsTestExecutionListener@47b4fcd5, org.springframework.boot.test.autoconfigure.web.client.MockRestServiceServerResetTestExecutionListener@67d6b0a6, org.springframework.boot.test.autoconfigure.web.servlet.MockMvcPrintOnlyOnFailureTestExecutionListener@42a940dc, org.springframework.boot.test.autoconfigure.web.servlet.WebDriverTestExecutionListener@4619e076, org.springframework.boot.test.autoconfigure.webservices.client.MockWebServiceServerTestExecutionListener@26abee34]
[INFO ] 22-02-2023 09:20:05.798 AM [main]  o.s.b.t.context.SpringBootTestContextBootstrapper - Neither @ContextConfiguration nor @ContextHierarchy found for test class [com.example.demo.DemoApplicationTests], using SpringBootContextLoader
[INFO ] 22-02-2023 09:20:05.799 AM [main]  o.s.test.context.support.AbstractContextLoader - Could not detect default resource locations for test class [com.example.demo.DemoApplicationTests]: no resource found for suffixes {-context.xml, Context.groovy}.
[INFO ] 22-02-2023 09:20:05.800 AM [main]  o.s.t.c.support.AnnotationConfigContextLoaderUtils - Could not detect default configuration classes for test class [com.example.demo.DemoApplicationTests]: DemoApplicationTests does not declare any static, non-private, non-final, nested classes annotated with @Configuration.
[INFO ] 22-02-2023 09:20:05.808 AM [main]  o.s.b.t.context.SpringBootTestContextBootstrapper - Found @SpringBootConfiguration com.example.demo.DemoApplication for test class com.example.demo.DemoApplicationTests
[INFO ] 22-02-2023 09:20:05.812 AM [main]  o.s.b.t.context.SpringBootTestContextBootstrapper - Loaded default TestExecutionListener class names from location [META-INF/spring.factories]: [org.springframework.boot.test.mock.mockito.MockitoTestExecutionListener, org.springframework.boot.test.mock.mockito.ResetMocksTestExecutionListener, org.springframework.boot.test.autoconfigure.restdocs.RestDocsTestExecutionListener, org.springframework.boot.test.autoconfigure.web.client.MockRestServiceServerResetTestExecutionListener, org.springframework.boot.test.autoconfigure.web.servlet.MockMvcPrintOnlyOnFailureTestExecutionListener, org.springframework.boot.test.autoconfigure.web.servlet.WebDriverTestExecutionListener, org.springframework.boot.test.autoconfigure.webservices.client.MockWebServiceServerTestExecutionListener, org.springframework.test.context.web.ServletTestExecutionListener, org.springframework.test.context.support.DirtiesContextBeforeModesTestExecutionListener, org.springframework.test.context.event.ApplicationEventsTestExecutionListener, org.springframework.test.context.support.DependencyInjectionTestExecutionListener, org.springframework.test.context.support.DirtiesContextTestExecutionListener, org.springframework.test.context.transaction.TransactionalTestExecutionListener, org.springframework.test.context.jdbc.SqlScriptsTestExecutionListener, org.springframework.test.context.event.EventPublishingTestExecutionListener]
[INFO ] 22-02-2023 09:20:05.813 AM [main]  o.s.b.t.context.SpringBootTestContextBootstrapper - Using TestExecutionListeners: [org.springframework.test.context.web.ServletTestExecutionListener@7ca46aaf, org.springframework.test.context.support.DirtiesContextBeforeModesTestExecutionListener@701c092c, org.springframework.test.context.event.ApplicationEventsTestExecutionListener@20c4be8d, org.springframework.boot.test.mock.mockito.MockitoTestExecutionListener@590182a6, org.springframework.boot.test.autoconfigure.SpringBootDependencyInjectionTestExecutionListener@6af6a3b, org.springframework.test.context.support.DirtiesContextTestExecutionListener@16ea56ab, org.springframework.test.context.transaction.TransactionalTestExecutionListener@135fb22d, org.springframework.test.context.jdbc.SqlScriptsTestExecutionListener@461e0652, org.springframework.test.context.event.EventPublishingTestExecutionListener@3b9d5218, org.springframework.boot.test.mock.mockito.ResetMocksTestExecutionListener@7f8614ce, org.springframework.boot.test.autoconfigure.restdocs.RestDocsTestExecutionListener@11261fc9, org.springframework.boot.test.autoconfigure.web.client.MockRestServiceServerResetTestExecutionListener@273cb729, org.springframework.boot.test.autoconfigure.web.servlet.MockMvcPrintOnlyOnFailureTestExecutionListener@76603c44, org.springframework.boot.test.autoconfigure.web.servlet.WebDriverTestExecutionListener@398f6622, org.springframework.boot.test.autoconfigure.webservices.client.MockWebServiceServerTestExecutionListener@18f6ee8d]
[INFO ] 22-02-2023 09:20:05.836 AM [SpringApplicationShutdownHook]  o.s.orm.jpa.LocalContainerEntityManagerFactoryBean - Closing JPA EntityManagerFactory for persistence unit 'default'
[INFO ] 22-02-2023 09:20:05.838 AM [SpringApplicationShutdownHook]  com.zaxxer.hikari.HikariDataSource - HikariPool-1 - Shutdown initiated...
[INFO ] 22-02-2023 09:20:05.864 AM [SpringApplicationShutdownHook]  com.zaxxer.hikari.HikariDataSource - HikariPool-1 - Shutdown completed.
[INFO ] 22-02-2023 09:21:05.126 AM [main]  o.s.t.c.support.DefaultTestContextBootstrapper - Loaded default TestExecutionListener class names from location [META-INF/spring.factories]: [org.springframework.boot.test.mock.mockito.MockitoTestExecutionListener, org.springframework.boot.test.mock.mockito.ResetMocksTestExecutionListener, org.springframework.boot.test.autoconfigure.restdocs.RestDocsTestExecutionListener, org.springframework.boot.test.autoconfigure.web.client.MockRestServiceServerResetTestExecutionListener, org.springframework.boot.test.autoconfigure.web.servlet.MockMvcPrintOnlyOnFailureTestExecutionListener, org.springframework.boot.test.autoconfigure.web.servlet.WebDriverTestExecutionListener, org.springframework.boot.test.autoconfigure.webservices.client.MockWebServiceServerTestExecutionListener, org.springframework.test.context.web.ServletTestExecutionListener, org.springframework.test.context.support.DirtiesContextBeforeModesTestExecutionListener, org.springframework.test.context.event.ApplicationEventsTestExecutionListener, org.springframework.test.context.support.DependencyInjectionTestExecutionListener, org.springframework.test.context.support.DirtiesContextTestExecutionListener, org.springframework.test.context.transaction.TransactionalTestExecutionListener, org.springframework.test.context.jdbc.SqlScriptsTestExecutionListener, org.springframework.test.context.event.EventPublishingTestExecutionListener]
[INFO ] 22-02-2023 09:21:05.145 AM [main]  o.s.t.c.support.DefaultTestContextBootstrapper - Using TestExecutionListeners: [org.springframework.test.context.web.ServletTestExecutionListener@14fa86ae, org.springframework.test.context.support.DirtiesContextBeforeModesTestExecutionListener@6e15fe2, org.springframework.test.context.event.ApplicationEventsTestExecutionListener@68f1b17f, org.springframework.boot.test.mock.mockito.MockitoTestExecutionListener@1722011b, org.springframework.test.context.support.DependencyInjectionTestExecutionListener@57ad2aa7, org.springframework.test.context.support.DirtiesContextTestExecutionListener@5b3f61ff, org.springframework.test.context.transaction.TransactionalTestExecutionListener@3e2059ae, org.springframework.test.context.jdbc.SqlScriptsTestExecutionListener@398dada8, org.springframework.test.context.event.EventPublishingTestExecutionListener@7cb502c, org.springframework.boot.test.mock.mockito.ResetMocksTestExecutionListener@275bf9b3, org.springframework.boot.test.autoconfigure.restdocs.RestDocsTestExecutionListener@1b8a29df, org.springframework.boot.test.autoconfigure.web.client.MockRestServiceServerResetTestExecutionListener@4fbe37eb, org.springframework.boot.test.autoconfigure.web.servlet.MockMvcPrintOnlyOnFailureTestExecutionListener@12a94400, org.springframework.boot.test.autoconfigure.web.servlet.WebDriverTestExecutionListener@6a47b187, org.springframework.boot.test.autoconfigure.webservices.client.MockWebServiceServerTestExecutionListener@2049a9c1]
[INFO ] 22-02-2023 09:21:06.290 AM [main]  org.hibernate.validator.internal.util.Version - HV000001: Hibernate Validator 6.2.5.Final
[INFO ] 22-02-2023 09:21:06.738 AM [main]  org.springframework.mock.web.MockServletContext - Initializing Spring TestDispatcherServlet ''
[INFO ] 22-02-2023 09:21:06.738 AM [main]  o.s.test.web.servlet.TestDispatcherServlet - Initializing Servlet ''
[INFO ] 22-02-2023 09:21:06.740 AM [main]  o.s.test.web.servlet.TestDispatcherServlet - Completed initialization in 2 ms
[INFO ] 22-02-2023 09:21:06.788 AM [main]  com.example.demo.controller.EmployeeController - GET: /employee - 1
[INFO ] 22-02-2023 09:21:06.930 AM [main]  org.springframework.mock.web.MockServletContext - Initializing Spring TestDispatcherServlet ''
[INFO ] 22-02-2023 09:21:06.930 AM [main]  o.s.test.web.servlet.TestDispatcherServlet - Initializing Servlet ''
[INFO ] 22-02-2023 09:21:06.932 AM [main]  o.s.test.web.servlet.TestDispatcherServlet - Completed initialization in 1 ms
[INFO ] 22-02-2023 09:21:06.937 AM [main]  com.example.demo.controller.EmployeeController - DELETE: /employee - 1
[INFO ] 22-02-2023 09:21:06.983 AM [main]  o.s.b.t.context.SpringBootTestContextBootstrapper - Neither @ContextConfiguration nor @ContextHierarchy found for test class [com.example.demo.service.EmployeeServiceTest], using SpringBootContextLoader
[INFO ] 22-02-2023 09:21:06.985 AM [main]  o.s.test.context.support.AbstractContextLoader - Could not detect default resource locations for test class [com.example.demo.service.EmployeeServiceTest]: no resource found for suffixes {-context.xml, Context.groovy}.
[INFO ] 22-02-2023 09:21:06.986 AM [main]  o.s.t.c.support.AnnotationConfigContextLoaderUtils - Could not detect default configuration classes for test class [com.example.demo.service.EmployeeServiceTest]: EmployeeServiceTest does not declare any static, non-private, non-final, nested classes annotated with @Configuration.
[INFO ] 22-02-2023 09:21:07.055 AM [main]  o.s.b.t.context.SpringBootTestContextBootstrapper - Found @SpringBootConfiguration com.example.demo.DemoApplication for test class com.example.demo.service.EmployeeServiceTest
[INFO ] 22-02-2023 09:21:07.101 AM [main]  o.s.b.t.context.SpringBootTestContextBootstrapper - Loaded default TestExecutionListener class names from location [META-INF/spring.factories]: [org.springframework.boot.test.mock.mockito.MockitoTestExecutionListener, org.springframework.boot.test.mock.mockito.ResetMocksTestExecutionListener, org.springframework.boot.test.autoconfigure.restdocs.RestDocsTestExecutionListener, org.springframework.boot.test.autoconfigure.web.client.MockRestServiceServerResetTestExecutionListener, org.springframework.boot.test.autoconfigure.web.servlet.MockMvcPrintOnlyOnFailureTestExecutionListener, org.springframework.boot.test.autoconfigure.web.servlet.WebDriverTestExecutionListener, org.springframework.boot.test.autoconfigure.webservices.client.MockWebServiceServerTestExecutionListener, org.springframework.test.context.web.ServletTestExecutionListener, org.springframework.test.context.support.DirtiesContextBeforeModesTestExecutionListener, org.springframework.test.context.event.ApplicationEventsTestExecutionListener, org.springframework.test.context.support.DependencyInjectionTestExecutionListener, org.springframework.test.context.support.DirtiesContextTestExecutionListener, org.springframework.test.context.transaction.TransactionalTestExecutionListener, org.springframework.test.context.jdbc.SqlScriptsTestExecutionListener, org.springframework.test.context.event.EventPublishingTestExecutionListener]
[INFO ] 22-02-2023 09:21:07.103 AM [main]  o.s.b.t.context.SpringBootTestContextBootstrapper - Using TestExecutionListeners: [org.springframework.test.context.web.ServletTestExecutionListener@446e7065, org.springframework.test.context.support.DirtiesContextBeforeModesTestExecutionListener@d653e41, org.springframework.test.context.event.ApplicationEventsTestExecutionListener@3b78c683, org.springframework.boot.test.mock.mockito.MockitoTestExecutionListener@7f5614f9, org.springframework.boot.test.autoconfigure.SpringBootDependencyInjectionTestExecutionListener@480cbe2e, org.springframework.test.context.support.DirtiesContextTestExecutionListener@6c3f1658, org.springframework.test.context.transaction.TransactionalTestExecutionListener@110e9982, org.springframework.test.context.jdbc.SqlScriptsTestExecutionListener@5eb0a686, org.springframework.test.context.event.EventPublishingTestExecutionListener@73608eb0, org.springframework.boot.test.mock.mockito.ResetMocksTestExecutionListener@67f9cb52, org.springframework.boot.test.autoconfigure.restdocs.RestDocsTestExecutionListener@2de9ca6, org.springframework.boot.test.autoconfigure.web.client.MockRestServiceServerResetTestExecutionListener@59018eed, org.springframework.boot.test.autoconfigure.web.servlet.MockMvcPrintOnlyOnFailureTestExecutionListener@2ee39e73, org.springframework.boot.test.autoconfigure.web.servlet.WebDriverTestExecutionListener@76973a6, org.springframework.boot.test.autoconfigure.webservices.client.MockWebServiceServerTestExecutionListener@71a4f441]
[INFO ] 22-02-2023 09:21:07.714 AM [main]  com.example.demo.service.EmployeeServiceTest - Starting EmployeeServiceTest using Java 17.0.2 on MacBook-Air-Evgenij.local with PID 75260 (started by johnskyi in /Users/johnskyi/IdeaProjects/demo)
[INFO ] 22-02-2023 09:21:07.718 AM [main]  com.example.demo.service.EmployeeServiceTest - The following 1 profile is active: "test"
[INFO ] 22-02-2023 09:21:08.525 AM [main]  o.s.d.r.config.RepositoryConfigurationDelegate - Bootstrapping Spring Data JPA repositories in DEFAULT mode.
[INFO ] 22-02-2023 09:21:08.603 AM [main]  o.s.d.r.config.RepositoryConfigurationDelegate - Finished Spring Data repository scanning in 67 ms. Found 2 JPA repository interfaces.
[INFO ] 22-02-2023 09:21:09.658 AM [main]  com.zaxxer.hikari.HikariDataSource - HikariPool-1 - Starting...
[INFO ] 22-02-2023 09:21:09.842 AM [main]  com.zaxxer.hikari.HikariDataSource - HikariPool-1 - Start completed.
[INFO ] 22-02-2023 09:21:09.910 AM [main]  liquibase.database - Set default schema name to PUBLIC
[INFO ] 22-02-2023 09:21:10.097 AM [main]  liquibase.lockservice - Successfully acquired change log lock
[INFO ] 22-02-2023 09:21:10.613 AM [main]  liquibase.changelog - Creating database history table with name: PUBLIC.DATABASECHANGELOG
[INFO ] 22-02-2023 09:21:10.626 AM [main]  liquibase.changelog - Reading from PUBLIC.DATABASECHANGELOG
[INFO ] 22-02-2023 09:21:10.889 AM [main]  liquibase.changelog - Table employees created
[INFO ] 22-02-2023 09:21:10.902 AM [main]  liquibase.changelog - Table worths created
[INFO ] 22-02-2023 09:21:10.915 AM [main]  liquibase.changelog - Foreign key constraint added to worths (employee_id)
[INFO ] 22-02-2023 09:21:10.915 AM [main]  liquibase.changelog - ChangeSet db/changelog/changeset/table.xml::20230221.01-create-table::e.semin ran successfully in 57ms
[INFO ] 22-02-2023 09:21:10.923 AM [main]  liquibase.lockservice - Successfully released change log lock
[INFO ] 22-02-2023 09:21:11.202 AM [main]  org.hibernate.Version - HHH000412: Hibernate ORM core version 5.6.14.Final
[INFO ] 22-02-2023 09:21:11.240 AM [main]  org.hibernate.annotations.common.Version - HCANN000001: Hibernate Commons Annotations {5.1.2.Final}
[INFO ] 22-02-2023 09:21:11.347 AM [main]  org.hibernate.dialect.Dialect - HHH000400: Using dialect: org.hibernate.dialect.H2Dialect
[INFO ] 22-02-2023 09:21:11.923 AM [main]  o.h.e.t.jta.platform.internal.JtaPlatformInitiator - HHH000490: Using JtaPlatform implementation: [org.hibernate.engine.transaction.jta.platform.internal.NoJtaPlatform]
[INFO ] 22-02-2023 09:21:11.932 AM [main]  o.s.orm.jpa.LocalContainerEntityManagerFactoryBean - Initialized JPA EntityManagerFactory for persistence unit 'default'
[WARN ] 22-02-2023 09:21:12.807 AM [main]  o.s.b.a.o.j.JpaBaseConfiguration$JpaWebConfiguration - spring.jpa.open-in-view is enabled by default. Therefore, database queries may be performed during view rendering. Explicitly configure spring.jpa.open-in-view to disable this warning
[INFO ] 22-02-2023 09:21:13.334 AM [main]  o.s.b.autoconfigure.h2.H2ConsoleAutoConfiguration - H2 console available at '/h2-console'. Database available at 'jdbc:h2:mem:testdb'
[INFO ] 22-02-2023 09:21:13.747 AM [main]  com.example.demo.service.EmployeeServiceTest - Started EmployeeServiceTest in 6.616 seconds (JVM running for 9.868)
[INFO ] 22-02-2023 09:21:13.958 AM [main]  com.example.demo.service.EmployeeService - Employee SecondName was created
[INFO ] 22-02-2023 09:21:14.003 AM [main]  com.example.demo.service.EmployeeService - Employee with id 1 was deleted
[INFO ] 22-02-2023 09:21:14.073 AM [main]  com.example.demo.service.EmployeeService - Employee SecondName was created
[INFO ] 22-02-2023 09:21:14.210 AM [main]  com.example.demo.service.EmployeeService - Employee SecondName was created
[INFO ] 22-02-2023 09:21:14.231 AM [main]  com.example.demo.service.EmployeeService - Employee SecondName was created
[INFO ] 22-02-2023 09:21:14.254 AM [main]  com.example.demo.service.EmployeeService - Employee SecondName was updated
[INFO ] 22-02-2023 09:21:14.273 AM [main]  o.s.b.t.context.SpringBootTestContextBootstrapper - Neither @ContextConfiguration nor @ContextHierarchy found for test class [com.example.demo.validation.ValidationTest], using SpringBootContextLoader
[INFO ] 22-02-2023 09:21:14.277 AM [main]  o.s.test.context.support.AbstractContextLoader - Could not detect default resource locations for test class [com.example.demo.validation.ValidationTest]: no resource found for suffixes {-context.xml, Context.groovy}.
[INFO ] 22-02-2023 09:21:14.277 AM [main]  o.s.t.c.support.AnnotationConfigContextLoaderUtils - Could not detect default configuration classes for test class [com.example.demo.validation.ValidationTest]: ValidationTest does not declare any static, non-private, non-final, nested classes annotated with @Configuration.
[INFO ] 22-02-2023 09:21:14.309 AM [main]  o.s.b.t.context.SpringBootTestContextBootstrapper - Found @SpringBootConfiguration com.example.demo.DemoApplication for test class com.example.demo.validation.ValidationTest
[INFO ] 22-02-2023 09:21:14.315 AM [main]  o.s.b.t.context.SpringBootTestContextBootstrapper - Loaded default TestExecutionListener class names from location [META-INF/spring.factories]: [org.springframework.boot.test.mock.mockito.MockitoTestExecutionListener, org.springframework.boot.test.mock.mockito.ResetMocksTestExecutionListener, org.springframework.boot.test.autoconfigure.restdocs.RestDocsTestExecutionListener, org.springframework.boot.test.autoconfigure.web.client.MockRestServiceServerResetTestExecutionListener, org.springframework.boot.test.autoconfigure.web.servlet.MockMvcPrintOnlyOnFailureTestExecutionListener, org.springframework.boot.test.autoconfigure.web.servlet.WebDriverTestExecutionListener, org.springframework.boot.test.autoconfigure.webservices.client.MockWebServiceServerTestExecutionListener, org.springframework.test.context.web.ServletTestExecutionListener, org.springframework.test.context.support.DirtiesContextBeforeModesTestExecutionListener, org.springframework.test.context.event.ApplicationEventsTestExecutionListener, org.springframework.test.context.support.DependencyInjectionTestExecutionListener, org.springframework.test.context.support.DirtiesContextTestExecutionListener, org.springframework.test.context.transaction.TransactionalTestExecutionListener, org.springframework.test.context.jdbc.SqlScriptsTestExecutionListener, org.springframework.test.context.event.EventPublishingTestExecutionListener]
[INFO ] 22-02-2023 09:21:14.317 AM [main]  o.s.b.t.context.SpringBootTestContextBootstrapper - Using TestExecutionListeners: [org.springframework.test.context.web.ServletTestExecutionListener@5e16e521, org.springframework.test.context.support.DirtiesContextBeforeModesTestExecutionListener@51a4472d, org.springframework.test.context.event.ApplicationEventsTestExecutionListener@5930a229, org.springframework.boot.test.mock.mockito.MockitoTestExecutionListener@6bd21eb7, org.springframework.boot.test.autoconfigure.SpringBootDependencyInjectionTestExecutionListener@204d101, org.springframework.test.context.support.DirtiesContextTestExecutionListener@716a6343, org.springframework.test.context.transaction.TransactionalTestExecutionListener@2d17b6ad, org.springframework.test.context.jdbc.SqlScriptsTestExecutionListener@564b221e, org.springframework.test.context.event.EventPublishingTestExecutionListener@72e36d0f, org.springframework.boot.test.mock.mockito.ResetMocksTestExecutionListener@5031786b, org.springframework.boot.test.autoconfigure.restdocs.RestDocsTestExecutionListener@40830e1e, org.springframework.boot.test.autoconfigure.web.client.MockRestServiceServerResetTestExecutionListener@4f578fc2, org.springframework.boot.test.autoconfigure.web.servlet.MockMvcPrintOnlyOnFailureTestExecutionListener@26350832, org.springframework.boot.test.autoconfigure.web.servlet.WebDriverTestExecutionListener@7d1cdebf, org.springframework.boot.test.autoconfigure.webservices.client.MockWebServiceServerTestExecutionListener@25b7ccfc]
[INFO ] 22-02-2023 09:21:14.383 AM [main]  com.example.demo.validation.ValidationTest - Starting ValidationTest using Java 17.0.2 on MacBook-Air-Evgenij.local with PID 75260 (started by johnskyi in /Users/johnskyi/IdeaProjects/demo)
[INFO ] 22-02-2023 09:21:14.384 AM [main]  com.example.demo.validation.ValidationTest - No active profile set, falling back to 1 default profile: "default"
[INFO ] 22-02-2023 09:21:14.672 AM [main]  o.s.d.r.config.RepositoryConfigurationDelegate - Bootstrapping Spring Data JPA repositories in DEFAULT mode.
[INFO ] 22-02-2023 09:21:14.704 AM [main]  o.s.d.r.config.RepositoryConfigurationDelegate - Finished Spring Data repository scanning in 30 ms. Found 2 JPA repository interfaces.
[INFO ] 22-02-2023 09:21:14.836 AM [main]  com.zaxxer.hikari.HikariDataSource - HikariPool-2 - Starting...
[INFO ] 22-02-2023 09:21:15.050 AM [main]  com.zaxxer.hikari.HikariDataSource - HikariPool-2 - Start completed.
[INFO ] 22-02-2023 09:21:15.166 AM [main]  liquibase.lockservice - Successfully acquired change log lock
[INFO ] 22-02-2023 09:21:15.393 AM [main]  liquibase.changelog - Reading from test.DATABASECHANGELOG
[INFO ] 22-02-2023 09:21:15.484 AM [main]  liquibase.lockservice - Successfully released change log lock
[INFO ] 22-02-2023 09:21:15.592 AM [main]  org.hibernate.dialect.Dialect - HHH000400: Using dialect: org.hibernate.dialect.MariaDB106Dialect
[INFO ] 22-02-2023 09:21:15.701 AM [main]  o.h.e.t.jta.platform.internal.JtaPlatformInitiator - HHH000490: Using JtaPlatform implementation: [org.hibernate.engine.transaction.jta.platform.internal.NoJtaPlatform]
[INFO ] 22-02-2023 09:21:15.701 AM [main]  o.s.orm.jpa.LocalContainerEntityManagerFactoryBean - Initialized JPA EntityManagerFactory for persistence unit 'default'
[WARN ] 22-02-2023 09:21:16.025 AM [main]  o.s.b.a.o.j.JpaBaseConfiguration$JpaWebConfiguration - spring.jpa.open-in-view is enabled by default. Therefore, database queries may be performed during view rendering. Explicitly configure spring.jpa.open-in-view to disable this warning
[INFO ] 22-02-2023 09:21:16.237 AM [main]  com.example.demo.validation.ValidationTest - Started ValidationTest in 1.917 seconds (JVM running for 12.358)
[INFO ] 22-02-2023 09:21:16.562 AM [main]  o.s.b.t.context.SpringBootTestContextBootstrapper - Neither @ContextConfiguration nor @ContextHierarchy found for test class [com.example.demo.DemoApplicationTests], using SpringBootContextLoader
[INFO ] 22-02-2023 09:21:16.563 AM [main]  o.s.test.context.support.AbstractContextLoader - Could not detect default resource locations for test class [com.example.demo.DemoApplicationTests]: no resource found for suffixes {-context.xml, Context.groovy}.
[INFO ] 22-02-2023 09:21:16.563 AM [main]  o.s.t.c.support.AnnotationConfigContextLoaderUtils - Could not detect default configuration classes for test class [com.example.demo.DemoApplicationTests]: DemoApplicationTests does not declare any static, non-private, non-final, nested classes annotated with @Configuration.
[INFO ] 22-02-2023 09:21:16.575 AM [main]  o.s.b.t.context.SpringBootTestContextBootstrapper - Found @SpringBootConfiguration com.example.demo.DemoApplication for test class com.example.demo.DemoApplicationTests
[INFO ] 22-02-2023 09:21:16.579 AM [main]  o.s.b.t.context.SpringBootTestContextBootstrapper - Loaded default TestExecutionListener class names from location [META-INF/spring.factories]: [org.springframework.boot.test.mock.mockito.MockitoTestExecutionListener, org.springframework.boot.test.mock.mockito.ResetMocksTestExecutionListener, org.springframework.boot.test.autoconfigure.restdocs.RestDocsTestExecutionListener, org.springframework.boot.test.autoconfigure.web.client.MockRestServiceServerResetTestExecutionListener, org.springframework.boot.test.autoconfigure.web.servlet.MockMvcPrintOnlyOnFailureTestExecutionListener, org.springframework.boot.test.autoconfigure.web.servlet.WebDriverTestExecutionListener, org.springframework.boot.test.autoconfigure.webservices.client.MockWebServiceServerTestExecutionListener, org.springframework.test.context.web.ServletTestExecutionListener, org.springframework.test.context.support.DirtiesContextBeforeModesTestExecutionListener, org.springframework.test.context.event.ApplicationEventsTestExecutionListener, org.springframework.test.context.support.DependencyInjectionTestExecutionListener, org.springframework.test.context.support.DirtiesContextTestExecutionListener, org.springframework.test.context.transaction.TransactionalTestExecutionListener, org.springframework.test.context.jdbc.SqlScriptsTestExecutionListener, org.springframework.test.context.event.EventPublishingTestExecutionListener]
[INFO ] 22-02-2023 09:21:16.580 AM [main]  o.s.b.t.context.SpringBootTestContextBootstrapper - Using TestExecutionListeners: [org.springframework.test.context.web.ServletTestExecutionListener@328446e1, org.springframework.test.context.support.DirtiesContextBeforeModesTestExecutionListener@584f12eb, org.springframework.test.context.event.ApplicationEventsTestExecutionListener@6eda3ade, org.springframework.boot.test.mock.mockito.MockitoTestExecutionListener@45ec9b22, org.springframework.boot.test.autoconfigure.SpringBootDependencyInjectionTestExecutionListener@554f6e30, org.springframework.test.context.support.DirtiesContextTestExecutionListener@7537f638, org.springframework.test.context.transaction.TransactionalTestExecutionListener@4a842e8a, org.springframework.test.context.jdbc.SqlScriptsTestExecutionListener@6b909973, org.springframework.test.context.event.EventPublishingTestExecutionListener@458044df, org.springframework.boot.test.mock.mockito.ResetMocksTestExecutionListener@f4cfc61, org.springframework.boot.test.autoconfigure.restdocs.RestDocsTestExecutionListener@64d7737c, org.springframework.boot.test.autoconfigure.web.client.MockRestServiceServerResetTestExecutionListener@b632594, org.springframework.boot.test.autoconfigure.web.servlet.MockMvcPrintOnlyOnFailureTestExecutionListener@4c822e9b, org.springframework.boot.test.autoconfigure.web.servlet.WebDriverTestExecutionListener@24456c9e, org.springframework.boot.test.autoconfigure.webservices.client.MockWebServiceServerTestExecutionListener@7bd6a7f9]
[INFO ] 22-02-2023 09:21:16.601 AM [SpringApplicationShutdownHook]  o.s.orm.jpa.LocalContainerEntityManagerFactoryBean - Closing JPA EntityManagerFactory for persistence unit 'default'
[INFO ] 22-02-2023 09:21:16.603 AM [SpringApplicationShutdownHook]  com.zaxxer.hikari.HikariDataSource - HikariPool-1 - Shutdown initiated...
[INFO ] 22-02-2023 09:21:16.604 AM [SpringApplicationShutdownHook]  com.zaxxer.hikari.HikariDataSource - HikariPool-1 - Shutdown completed.
[INFO ] 22-02-2023 09:21:16.606 AM [SpringApplicationShutdownHook]  o.s.orm.jpa.LocalContainerEntityManagerFactoryBean - Closing JPA EntityManagerFactory for persistence unit 'default'
[INFO ] 22-02-2023 09:21:16.606 AM [SpringApplicationShutdownHook]  com.zaxxer.hikari.HikariDataSource - HikariPool-2 - Shutdown initiated...
[INFO ] 22-02-2023 09:21:16.637 AM [SpringApplicationShutdownHook]  com.zaxxer.hikari.HikariDataSource - HikariPool-2 - Shutdown completed.
